<?xml version="1.0" encoding="UTF-8"?>
<robot generator="Robot 7.4.2 (Python 3.12.1 on win32)" generated="2026-04-23T13:54:00.369253" rpa="false" schemaversion="5">
<suite id="s1" name="Tests" source="C:\QAx\projects\smartbit-robot\web\tests">
<suite id="s1-s1" name="Login" source="C:\QAx\projects\smartbit-robot\web\tests\login.robot">
<test id="s1-s1-t1" name="Deve logar como Gestor de Academia" line="13">
<kw name="Start Session" owner="Base" type="SETUP">
<kw name="New Browser" owner="Browser">
<msg time="2026-04-23T13:54:02.087201" level="INFO">{"browser": "chromium", "headless": false, "chromiumSandbox": false, "devtools": false, "handleSIGHUP": true, "handleSIGINT": true, "handleSIGTERM": true, "slowMo": 0.0, "timeout": 30000.0, "tracesDir": "C:\\QAx\\projects\\smartbit-robot\\web\\logs\\browser\\traces\\temp\\fbdfd938-c0a1-470c-9a21-603f5444367c"}</msg>
<msg time="2026-04-23T13:54:02.140465" level="INFO">Starting Browser process C:\Python312\Lib\site-packages\Browser\wrapper\index.js using at 127.0.0.1:51627</msg>
<msg time="2026-04-23T13:54:07.125971" level="INFO">Successfully created browser with options: {"browser":"chromium","headless":false,"chromiumSandbox":false,"devtools":false,"handleSIGHUP":true,"handleSIGINT":true,"handleSIGTERM":true,"slowMo":0,"timeout":30000,"tracesDir":"C:\\QAx\\projects\\smartbit-robot\\web\\logs\\browser\\traces\\temp\\fbdfd938-c0a1-470c-9a21-603f5444367c"}</msg>
<arg>browser=chromium</arg>
<arg>headless=false</arg>
<tag>BrowserControl</tag>
<tag>Setter</tag>
<doc>Create a new playwright Browser with specified options.</doc>
<status status="PASS" start="2026-04-23T13:54:02.085681" elapsed="5.041724"/>
</kw>
<kw name="New Page" owner="Browser">
<msg time="2026-04-23T13:54:09.883688" level="INFO">Successfully initialized new page object and opened url: http://localhost:3000</msg>
<msg time="2026-04-23T13:54:09.883688" level="INFO">No context was open. New context was automatically opened when this page is created.</msg>
<arg>http://localhost:3000</arg>
<tag>BrowserControl</tag>
<tag>Setter</tag>
<doc>Open a new Page.</doc>
<status status="PASS" start="2026-04-23T13:54:07.127405" elapsed="2.757657"/>
</kw>
<status status="PASS" start="2026-04-23T13:54:02.080979" elapsed="7.804083"/>
</kw>
<kw name="Go to login page" owner="Login">
<kw name="Go To" owner="Browser">
<msg time="2026-04-23T13:54:10.033319" level="INFO">Successfully opened URL http://localhost:3000/login</msg>
<arg>http://localhost:3000/login</arg>
<tag>BrowserControl</tag>
<tag>Setter</tag>
<doc>Navigates to the given ``url``.</doc>
<status status="PASS" start="2026-04-23T13:54:09.886628" elapsed="0.146691"/>
</kw>
<status status="PASS" start="2026-04-23T13:54:09.885611" elapsed="0.147708"/>
</kw>
<kw name="Submit login form" owner="Login">
<kw name="Fill Text" owner="Browser">
<msg time="2026-04-23T13:54:10.039138" level="INFO">Fills the text 'sac@smartbit.com' in the given field.</msg>
<arg>css= input[name=email]</arg>
<arg>${email}</arg>
<tag>PageContent</tag>
<tag>Setter</tag>
<doc>Clears and fills the given ``txt`` into the text field found by ``selector``.</doc>
<status status="PASS" start="2026-04-23T13:54:10.037688" elapsed="0.083998"/>
</kw>
<kw name="Fill Text" owner="Browser">
<msg time="2026-04-23T13:54:10.122685" level="INFO">Fills the text 'pwd123' in the given field.</msg>
<arg>css= input[type=password]</arg>
<arg>${password}</arg>
<tag>PageContent</tag>
<tag>Setter</tag>
<doc>Clears and fills the given ``txt`` into the text field found by ``selector``.</doc>
<status status="PASS" start="2026-04-23T13:54:10.121686" elapsed="0.036244"/>
</kw>
<kw name="Click" owner="Browser">
<msg time="2026-04-23T13:54:10.158938" level="INFO">Clicks the element 'css=button &gt;&gt; text=Entrar'.</msg>
<arg>css=button &gt;&gt; text=Entrar</arg>
<tag>PageContent</tag>
<tag>Setter</tag>
<doc>Simulates mouse click on the element found by ``selector``.</doc>
<status status="PASS" start="2026-04-23T13:54:10.157930" elapsed="0.068957"/>
</kw>
<arg>sac@smartbit.com</arg>
<arg>pwd123</arg>
<status status="PASS" start="2026-04-23T13:54:10.036276" elapsed="0.190611"/>
</kw>
<kw name="User is logged in" owner="NavBar">
<kw name="Set Variable" owner="BuiltIn">
<msg time="2026-04-23T13:54:10.229906" level="INFO">${element} = css=.logged-user</msg>
<var>${element}</var>
<arg>css=.logged-user</arg>
<doc>Returns the given values which can then be assigned to a variables.</doc>
<status status="PASS" start="2026-04-23T13:54:10.228901" elapsed="0.001005"/>
</kw>
<kw name="Wait For Elements State" owner="Browser">
<msg time="2026-04-23T13:54:12.119535" level="INFO">Waited for Element with selector css=.logged-user at state visible</msg>
<arg>${element}</arg>
<arg>visible</arg>
<arg>5</arg>
<tag>PageContent</tag>
<tag>Wait</tag>
<doc>Waits for the element found by ``selector`` to satisfy state option.</doc>
<status status="PASS" start="2026-04-23T13:54:10.229906" elapsed="1.890648"/>
</kw>
<kw name="Get Text" owner="Browser">
<msg time="2026-04-23T13:54:12.183769" level="INFO">Text: 'sac@smartbit.com'</msg>
<arg>${element}</arg>
<arg>equal</arg>
<arg>${email}</arg>
<tag>Assertion</tag>
<tag>Getter</tag>
<tag>PageContent</tag>
<doc>Returns text attribute of the element found by ``selector``.</doc>
<status status="PASS" start="2026-04-23T13:54:12.120554" elapsed="0.063215"/>
</kw>
<arg>sac@smartbit.com</arg>
<status status="PASS" start="2026-04-23T13:54:10.227909" elapsed="1.955860"/>
</kw>
<kw name="Take Screenshot" owner="Browser" type="TEARDOWN">
<msg time="2026-04-23T13:54:12.305284" level="INFO" html="true">&lt;/td&gt;&lt;/tr&gt;&lt;tr&gt;&lt;td colspan="3"&gt;&lt;a href="browser/screenshot/robotframework-browser-screenshot-1.png" target="_blank"&gt;&lt;img src="browser/screenshot/robotframework-browser-screenshot-1.png" width="800px"/&gt;&lt;/a&gt;</msg>
<tag>PageContent</tag>
<doc>Takes a screenshot of the current window or element and saves it to disk.</doc>
<status status="PASS" start="2026-04-23T13:54:12.185038" elapsed="0.120760"/>
</kw>
<msg time="2026-04-23T13:54:12.341630" level="INFO">Switching context to context=31a7a434-8e3d-4181-bc5e-0867e55ff6f1 in CURRENT</msg>
<msg time="2026-04-23T13:54:12.358522" level="INFO">Successfully changed active context: context=31a7a434-8e3d-4181-bc5e-0867e55ff6f1</msg>
<msg time="2026-04-23T13:54:12.399924" level="INFO">Successfully closed Context</msg>
<status status="PASS" start="2026-04-23T13:54:02.078731" elapsed="10.227067"/>
</test>
<test id="s1-s1-t2" name="Não deve logar com senha incorreta" line="19">
<kw name="Start Session" owner="Base" type="SETUP">
<kw name="New Browser" owner="Browser">
<msg time="2026-04-23T13:54:12.434384" level="INFO">Switching browser to browser=b10e47fa-41b6-4c54-9833-e396d180ab0c</msg>
<msg time="2026-04-23T13:54:12.445496" level="INFO">Successfully changed active browser: browser=b10e47fa-41b6-4c54-9833-e396d180ab0c</msg>
<msg time="2026-04-23T13:54:12.445496" level="INFO">Reusing existing browser with id: browser=b10e47fa-41b6-4c54-9833-e396d180ab0c</msg>
<arg>browser=chromium</arg>
<arg>headless=false</arg>
<tag>BrowserControl</tag>
<tag>Setter</tag>
<doc>Create a new playwright Browser with specified options.</doc>
<status status="PASS" start="2026-04-23T13:54:12.428862" elapsed="0.017146"/>
</kw>
<kw name="New Page" owner="Browser">
<msg time="2026-04-23T13:54:14.180497" level="INFO">Successfully initialized new page object and opened url: http://localhost:3000</msg>
<msg time="2026-04-23T13:54:14.181500" level="INFO">No context was open. New context was automatically opened when this page is created.</msg>
<arg>http://localhost:3000</arg>
<tag>BrowserControl</tag>
<tag>Setter</tag>
<doc>Open a new Page.</doc>
<status status="PASS" start="2026-04-23T13:54:12.447025" elapsed="1.734475"/>
</kw>
<status status="PASS" start="2026-04-23T13:54:12.427849" elapsed="1.753651"/>
</kw>
<kw name="Go to login page" owner="Login">
<kw name="Go To" owner="Browser">
<msg time="2026-04-23T13:54:14.313682" level="INFO">Successfully opened URL http://localhost:3000/login</msg>
<arg>http://localhost:3000/login</arg>
<tag>BrowserControl</tag>
<tag>Setter</tag>
<doc>Navigates to the given ``url``.</doc>
<status status="PASS" start="2026-04-23T13:54:14.182498" elapsed="0.131184"/>
</kw>
<status status="PASS" start="2026-04-23T13:54:14.182498" elapsed="0.132184"/>
</kw>
<kw name="Submit login form" owner="Login">
<kw name="Fill Text" owner="Browser">
<msg time="2026-04-23T13:54:14.319438" level="INFO">Fills the text 'sac@smartbit.com' in the given field.</msg>
<arg>css= input[name=email]</arg>
<arg>${email}</arg>
<tag>PageContent</tag>
<tag>Setter</tag>
<doc>Clears and fills the given ``txt`` into the text field found by ``selector``.</doc>
<status status="PASS" start="2026-04-23T13:54:14.316199" elapsed="0.060927"/>
</kw>
<kw name="Fill Text" owner="Browser">
<msg time="2026-04-23T13:54:14.378161" level="INFO">Fills the text 'abc123' in the given field.</msg>
<arg>css= input[type=password]</arg>
<arg>${password}</arg>
<tag>PageContent</tag>
<tag>Setter</tag>
<doc>Clears and fills the given ``txt`` into the text field found by ``selector``.</doc>
<status status="PASS" start="2026-04-23T13:54:14.377126" elapsed="0.024856"/>
</kw>
<kw name="Click" owner="Browser">
<msg time="2026-04-23T13:54:14.404543" level="INFO">Clicks the element 'css=button &gt;&gt; text=Entrar'.</msg>
<arg>css=button &gt;&gt; text=Entrar</arg>
<tag>PageContent</tag>
<tag>Setter</tag>
<doc>Simulates mouse click on the element found by ``selector``.</doc>
<status status="PASS" start="2026-04-23T13:54:14.403493" elapsed="0.056312"/>
</kw>
<arg>sac@smartbit.com</arg>
<arg>abc123</arg>
<status status="PASS" start="2026-04-23T13:54:14.314682" elapsed="0.145123"/>
</kw>
<kw name="Toast should be" owner="Toast">
<kw name="Set Variable" owner="BuiltIn">
<msg time="2026-04-23T13:54:14.461802" level="INFO">${selector} = .Toastify__toast-body</msg>
<var>${selector}</var>
<arg>.Toastify__toast-body</arg>
<doc>Returns the given values which can then be assigned to a variables.</doc>
<status status="PASS" start="2026-04-23T13:54:14.460837" elapsed="0.000965"/>
</kw>
<kw name="Wait For Elements State" owner="Browser">
<msg time="2026-04-23T13:54:15.832249" level="INFO">Waited for Element with selector .Toastify__toast-body at state visible</msg>
<arg>${selector}</arg>
<arg>visible</arg>
<arg>5</arg>
<tag>PageContent</tag>
<tag>Wait</tag>
<doc>Waits for the element found by ``selector`` to satisfy state option.</doc>
<status status="PASS" start="2026-04-23T13:54:14.461802" elapsed="1.370447"/>
</kw>
<kw name="Get Text" owner="Browser">
<msg time="2026-04-23T13:54:15.903946" level="INFO">Text: 'As credenciais de acesso fornecidas são inválidas. Tente novamente!'</msg>
<arg>css=${selector}</arg>
<arg>equal</arg>
<arg>${expected_text}</arg>
<tag>Assertion</tag>
<tag>Getter</tag>
<tag>PageContent</tag>
<doc>Returns text attribute of the element found by ``selector``.</doc>
<status status="PASS" start="2026-04-23T13:54:15.833268" elapsed="0.071204"/>
</kw>
<kw name="Take Screenshot" owner="Browser">
<msg time="2026-04-23T13:54:16.418160" level="INFO" html="true">&lt;/td&gt;&lt;/tr&gt;&lt;tr&gt;&lt;td colspan="3"&gt;&lt;a href="browser/screenshot/robotframework-browser-screenshot-2.png" target="_blank"&gt;&lt;img src="browser/screenshot/robotframework-browser-screenshot-2.png" width="800px"/&gt;&lt;/a&gt;</msg>
<arg>selector=${selector}</arg>
<tag>PageContent</tag>
<doc>Takes a screenshot of the current window or element and saves it to disk.</doc>
<status status="PASS" start="2026-04-23T13:54:15.904472" elapsed="0.513688"/>
</kw>
<arg>As credenciais de acesso fornecidas são inválidas. Tente novamente!</arg>
<status status="PASS" start="2026-04-23T13:54:14.459805" elapsed="1.958355"/>
</kw>
<kw name="Take Screenshot" owner="Browser" type="TEARDOWN">
<msg time="2026-04-23T13:54:16.516805" level="INFO" html="true">&lt;/td&gt;&lt;/tr&gt;&lt;tr&gt;&lt;td colspan="3"&gt;&lt;a href="browser/screenshot/robotframework-browser-screenshot-3.png" target="_blank"&gt;&lt;img src="browser/screenshot/robotframework-browser-screenshot-3.png" width="800px"/&gt;&lt;/a&gt;</msg>
<tag>PageContent</tag>
<doc>Takes a screenshot of the current window or element and saves it to disk.</doc>
<status status="PASS" start="2026-04-23T13:54:16.419693" elapsed="0.098127"/>
</kw>
<msg time="2026-04-23T13:54:16.545613" level="INFO">Switching context to context=40ed191a-08c2-4447-bce5-ee53664efaa3 in CURRENT</msg>
<msg time="2026-04-23T13:54:16.560173" level="INFO">Successfully changed active context: context=40ed191a-08c2-4447-bce5-ee53664efaa3</msg>
<msg time="2026-04-23T13:54:16.593234" level="INFO">Successfully closed Context</msg>
<status status="PASS" start="2026-04-23T13:54:12.411992" elapsed="4.105828"/>
</test>
<test id="s1-s1-t3" name="Não deve logar com email não cadastrado" line="26">
<kw name="Start Session" owner="Base" type="SETUP">
<kw name="New Browser" owner="Browser">
<msg time="2026-04-23T13:54:16.612048" level="INFO">Switching browser to browser=b10e47fa-41b6-4c54-9833-e396d180ab0c</msg>
<msg time="2026-04-23T13:54:16.620899" level="INFO">Successfully changed active browser: browser=b10e47fa-41b6-4c54-9833-e396d180ab0c</msg>
<msg time="2026-04-23T13:54:16.620899" level="INFO">Reusing existing browser with id: browser=b10e47fa-41b6-4c54-9833-e396d180ab0c</msg>
<arg>browser=chromium</arg>
<arg>headless=false</arg>
<tag>BrowserControl</tag>
<tag>Setter</tag>
<doc>Create a new playwright Browser with specified options.</doc>
<status status="PASS" start="2026-04-23T13:54:16.610155" elapsed="0.010744"/>
</kw>
<kw name="New Page" owner="Browser">
<msg time="2026-04-23T13:54:18.143864" level="INFO">Successfully initialized new page object and opened url: http://localhost:3000</msg>
<msg time="2026-04-23T13:54:18.145377" level="INFO">No context was open. New context was automatically opened when this page is created.</msg>
<arg>http://localhost:3000</arg>
<tag>BrowserControl</tag>
<tag>Setter</tag>
<doc>Open a new Page.</doc>
<status status="PASS" start="2026-04-23T13:54:16.622239" elapsed="1.523138"/>
</kw>
<status status="PASS" start="2026-04-23T13:54:16.609156" elapsed="1.536221"/>
</kw>
<kw name="Go to login page" owner="Login">
<kw name="Go To" owner="Browser">
<msg time="2026-04-23T13:54:18.278061" level="INFO">Successfully opened URL http://localhost:3000/login</msg>
<arg>http://localhost:3000/login</arg>
<tag>BrowserControl</tag>
<tag>Setter</tag>
<doc>Navigates to the given ``url``.</doc>
<status status="PASS" start="2026-04-23T13:54:18.148437" elapsed="0.130624"/>
</kw>
<status status="PASS" start="2026-04-23T13:54:18.146391" elapsed="0.132670"/>
</kw>
<kw name="Submit login form" owner="Login">
<kw name="Fill Text" owner="Browser">
<msg time="2026-04-23T13:54:18.283064" level="INFO">Fills the text '404@smartbit.com' in the given field.</msg>
<arg>css= input[name=email]</arg>
<arg>${email}</arg>
<tag>PageContent</tag>
<tag>Setter</tag>
<doc>Clears and fills the given ``txt`` into the text field found by ``selector``.</doc>
<status status="PASS" start="2026-04-23T13:54:18.281064" elapsed="0.059279"/>
</kw>
<kw name="Fill Text" owner="Browser">
<msg time="2026-04-23T13:54:18.341356" level="INFO">Fills the text 'abc123' in the given field.</msg>
<arg>css= input[type=password]</arg>
<arg>${password}</arg>
<tag>PageContent</tag>
<tag>Setter</tag>
<doc>Clears and fills the given ``txt`` into the text field found by ``selector``.</doc>
<status status="PASS" start="2026-04-23T13:54:18.340343" elapsed="0.018597"/>
</kw>
<kw name="Click" owner="Browser">
<msg time="2026-04-23T13:54:18.360362" level="INFO">Clicks the element 'css=button &gt;&gt; text=Entrar'.</msg>
<arg>css=button &gt;&gt; text=Entrar</arg>
<tag>PageContent</tag>
<tag>Setter</tag>
<doc>Simulates mouse click on the element found by ``selector``.</doc>
<status status="PASS" start="2026-04-23T13:54:18.360362" elapsed="0.093166"/>
</kw>
<arg>404@smartbit.com</arg>
<arg>abc123</arg>
<status status="PASS" start="2026-04-23T13:54:18.280064" elapsed="0.173464"/>
</kw>
<kw name="Toast should be" owner="Toast">
<kw name="Set Variable" owner="BuiltIn">
<msg time="2026-04-23T13:54:18.454549" level="INFO">${selector} = .Toastify__toast-body</msg>
<var>${selector}</var>
<arg>.Toastify__toast-body</arg>
<doc>Returns the given values which can then be assigned to a variables.</doc>
<status status="PASS" start="2026-04-23T13:54:18.454549" elapsed="0.000000"/>
</kw>
<kw name="Wait For Elements State" owner="Browser">
<msg time="2026-04-23T13:54:19.809056" level="INFO">Waited for Element with selector .Toastify__toast-body at state visible</msg>
<arg>${selector}</arg>
<arg>visible</arg>
<arg>5</arg>
<tag>PageContent</tag>
<tag>Wait</tag>
<doc>Waits for the element found by ``selector`` to satisfy state option.</doc>
<status status="PASS" start="2026-04-23T13:54:18.454549" elapsed="1.354507"/>
</kw>
<kw name="Get Text" owner="Browser">
<msg time="2026-04-23T13:54:19.842021" level="INFO">Text: 'As credenciais de acesso fornecidas são inválidas. Tente novamente!'</msg>
<arg>css=${selector}</arg>
<arg>equal</arg>
<arg>${expected_text}</arg>
<tag>Assertion</tag>
<tag>Getter</tag>
<tag>PageContent</tag>
<doc>Returns text attribute of the element found by ``selector``.</doc>
<status status="PASS" start="2026-04-23T13:54:19.810390" elapsed="0.032669"/>
</kw>
<kw name="Take Screenshot" owner="Browser">
<msg time="2026-04-23T13:54:20.299822" level="INFO" html="true">&lt;/td&gt;&lt;/tr&gt;&lt;tr&gt;&lt;td colspan="3"&gt;&lt;a href="browser/screenshot/robotframework-browser-screenshot-4.png" target="_blank"&gt;&lt;img src="browser/screenshot/robotframework-browser-screenshot-4.png" width="800px"/&gt;&lt;/a&gt;</msg>
<arg>selector=${selector}</arg>
<tag>PageContent</tag>
<doc>Takes a screenshot of the current window or element and saves it to disk.</doc>
<status status="PASS" start="2026-04-23T13:54:19.843059" elapsed="0.456763"/>
</kw>
<arg>As credenciais de acesso fornecidas são inválidas. Tente novamente!</arg>
<status status="PASS" start="2026-04-23T13:54:18.453528" elapsed="1.846294"/>
</kw>
<kw name="Take Screenshot" owner="Browser" type="TEARDOWN">
<msg time="2026-04-23T13:54:20.372405" level="INFO" html="true">&lt;/td&gt;&lt;/tr&gt;&lt;tr&gt;&lt;td colspan="3"&gt;&lt;a href="browser/screenshot/robotframework-browser-screenshot-5.png" target="_blank"&gt;&lt;img src="browser/screenshot/robotframework-browser-screenshot-5.png" width="800px"/&gt;&lt;/a&gt;</msg>
<tag>PageContent</tag>
<doc>Takes a screenshot of the current window or element and saves it to disk.</doc>
<status status="PASS" start="2026-04-23T13:54:20.300822" elapsed="0.071583"/>
</kw>
<msg time="2026-04-23T13:54:20.390087" level="INFO">Switching context to context=811558de-bb71-4173-899e-c0ba9b6c9f39 in CURRENT</msg>
<msg time="2026-04-23T13:54:20.398790" level="INFO">Successfully changed active context: context=811558de-bb71-4173-899e-c0ba9b6c9f39</msg>
<msg time="2026-04-23T13:54:20.428593" level="INFO">Successfully closed Context</msg>
<status status="PASS" start="2026-04-23T13:54:16.595752" elapsed="3.777671"/>
</test>
<test id="s1-s1-t4" name="Tentativa de login com dados incorretos" line="33">
<kw name="Start Session" owner="Base" type="SETUP">
<kw name="New Browser" owner="Browser">
<msg time="2026-04-23T13:54:20.441168" level="INFO">Switching browser to browser=b10e47fa-41b6-4c54-9833-e396d180ab0c</msg>
<msg time="2026-04-23T13:54:20.446072" level="INFO">Successfully changed active browser: browser=b10e47fa-41b6-4c54-9833-e396d180ab0c</msg>
<msg time="2026-04-23T13:54:20.446072" level="INFO">Reusing existing browser with id: browser=b10e47fa-41b6-4c54-9833-e396d180ab0c</msg>
<arg>browser=chromium</arg>
<arg>headless=false</arg>
<tag>BrowserControl</tag>
<tag>Setter</tag>
<doc>Create a new playwright Browser with specified options.</doc>
<status status="PASS" start="2026-04-23T13:54:20.440171" elapsed="0.005901"/>
</kw>
<kw name="New Page" owner="Browser">
<msg time="2026-04-23T13:54:21.916456" level="INFO">Successfully initialized new page object and opened url: http://localhost:3000</msg>
<msg time="2026-04-23T13:54:21.916456" level="INFO">No context was open. New context was automatically opened when this page is created.</msg>
<arg>http://localhost:3000</arg>
<tag>BrowserControl</tag>
<tag>Setter</tag>
<doc>Open a new Page.</doc>
<status status="PASS" start="2026-04-23T13:54:20.447082" elapsed="1.470376"/>
</kw>
<status status="PASS" start="2026-04-23T13:54:20.438170" elapsed="1.479288"/>
</kw>
<kw name="Login with verify notice">
<kw name="Go to login page" owner="Login">
<kw name="Go To" owner="Browser">
<msg time="2026-04-23T13:54:22.065882" level="INFO">Successfully opened URL http://localhost:3000/login</msg>
<arg>http://localhost:3000/login</arg>
<tag>BrowserControl</tag>
<tag>Setter</tag>
<doc>Navigates to the given ``url``.</doc>
<status status="PASS" start="2026-04-23T13:54:21.921694" elapsed="0.145205"/>
</kw>
<status status="PASS" start="2026-04-23T13:54:21.920702" elapsed="0.148193"/>
</kw>
<kw name="Submit login form" owner="Login">
<kw name="Fill Text" owner="Browser">
<msg time="2026-04-23T13:54:22.071631" level="INFO">Fills the text '' in the given field.</msg>
<arg>css= input[name=email]</arg>
<arg>${email}</arg>
<tag>PageContent</tag>
<tag>Setter</tag>
<doc>Clears and fills the given ``txt`` into the text field found by ``selector``.</doc>
<status status="PASS" start="2026-04-23T13:54:22.070607" elapsed="0.065003"/>
</kw>
<kw name="Fill Text" owner="Browser">
<msg time="2026-04-23T13:54:22.137625" level="INFO">Fills the text '' in the given field.</msg>
<arg>css= input[type=password]</arg>
<arg>${password}</arg>
<tag>PageContent</tag>
<tag>Setter</tag>
<doc>Clears and fills the given ``txt`` into the text field found by ``selector``.</doc>
<status status="PASS" start="2026-04-23T13:54:22.136623" elapsed="0.025707"/>
</kw>
<kw name="Click" owner="Browser">
<msg time="2026-04-23T13:54:22.165914" level="INFO">Clicks the element 'css=button &gt;&gt; text=Entrar'.</msg>
<arg>css=button &gt;&gt; text=Entrar</arg>
<tag>PageContent</tag>
<tag>Setter</tag>
<doc>Simulates mouse click on the element found by ``selector``.</doc>
<status status="PASS" start="2026-04-23T13:54:22.163365" elapsed="0.063732"/>
</kw>
<arg>${email}</arg>
<arg>${password}</arg>
<status status="PASS" start="2026-04-23T13:54:22.069404" elapsed="0.157693"/>
</kw>
<kw name="Notice should be" owner="BoxNotice">
<kw name="Set Variable" owner="BuiltIn">
<msg time="2026-04-23T13:54:22.229111" level="INFO">${element} = css=form .notice</msg>
<var>${element}</var>
<arg>css=form .notice</arg>
<doc>Returns the given values which can then be assigned to a variables.</doc>
<status status="PASS" start="2026-04-23T13:54:22.228110" elapsed="0.001001"/>
</kw>
<kw name="Wait For Elements State" owner="Browser">
<msg time="2026-04-23T13:54:22.582276" level="INFO">Waited for Element with selector css=form .notice at state visible</msg>
<arg>${element}</arg>
<arg>visible</arg>
<arg>5</arg>
<tag>PageContent</tag>
<tag>Wait</tag>
<doc>Waits for the element found by ``selector`` to satisfy state option.</doc>
<status status="PASS" start="2026-04-23T13:54:22.230115" elapsed="0.353160"/>
</kw>
<kw name="Get Text" owner="Browser">
<msg time="2026-04-23T13:54:22.630708" level="INFO">Text: 'Os campos email e senha são obrigatórios.'</msg>
<arg>${element}</arg>
<arg>equal</arg>
<arg>${target}</arg>
<tag>Assertion</tag>
<tag>Getter</tag>
<tag>PageContent</tag>
<doc>Returns text attribute of the element found by ``selector``.</doc>
<status status="PASS" start="2026-04-23T13:54:22.584296" elapsed="0.046412"/>
</kw>
<arg>${output_message}</arg>
<status status="PASS" start="2026-04-23T13:54:22.228110" elapsed="0.402598"/>
</kw>
<arg>${EMPTY}</arg>
<arg>${EMPTY}</arg>
<arg>Os campos email e senha são obrigatórios.</arg>
<status status="PASS" start="2026-04-23T13:54:21.918709" elapsed="0.711999"/>
</kw>
<kw name="Login with verify notice">
<kw name="Go to login page" owner="Login">
<kw name="Go To" owner="Browser">
<msg time="2026-04-23T13:54:22.707304" level="INFO">Successfully opened URL http://localhost:3000/login</msg>
<arg>http://localhost:3000/login</arg>
<tag>BrowserControl</tag>
<tag>Setter</tag>
<doc>Navigates to the given ``url``.</doc>
<status status="PASS" start="2026-04-23T13:54:22.633703" elapsed="0.073601"/>
</kw>
<status status="PASS" start="2026-04-23T13:54:22.632731" elapsed="0.074573"/>
</kw>
<kw name="Submit login form" owner="Login">
<kw name="Fill Text" owner="Browser">
<msg time="2026-04-23T13:54:22.709900" level="INFO">Fills the text '' in the given field.</msg>
<arg>css= input[name=email]</arg>
<arg>${email}</arg>
<tag>PageContent</tag>
<tag>Setter</tag>
<doc>Clears and fills the given ``txt`` into the text field found by ``selector``.</doc>
<status status="PASS" start="2026-04-23T13:54:22.708844" elapsed="0.033902"/>
</kw>
<kw name="Fill Text" owner="Browser">
<msg time="2026-04-23T13:54:22.743746" level="INFO">Fills the text 'pwd123' in the given field.</msg>
<arg>css= input[type=password]</arg>
<arg>${password}</arg>
<tag>PageContent</tag>
<tag>Setter</tag>
<doc>Clears and fills the given ``txt`` into the text field found by ``selector``.</doc>
<status status="PASS" start="2026-04-23T13:54:22.742746" elapsed="0.023985"/>
</kw>
<kw name="Click" owner="Browser">
<msg time="2026-04-23T13:54:22.767495" level="INFO">Clicks the element 'css=button &gt;&gt; text=Entrar'.</msg>
<arg>css=button &gt;&gt; text=Entrar</arg>
<tag>PageContent</tag>
<tag>Setter</tag>
<doc>Simulates mouse click on the element found by ``selector``.</doc>
<status status="PASS" start="2026-04-23T13:54:22.766731" elapsed="0.074188"/>
</kw>
<arg>${email}</arg>
<arg>${password}</arg>
<status status="PASS" start="2026-04-23T13:54:22.708844" elapsed="0.132075"/>
</kw>
<kw name="Notice should be" owner="BoxNotice">
<kw name="Set Variable" owner="BuiltIn">
<msg time="2026-04-23T13:54:22.842917" level="INFO">${element} = css=form .notice</msg>
<var>${element}</var>
<arg>css=form .notice</arg>
<doc>Returns the given values which can then be assigned to a variables.</doc>
<status status="PASS" start="2026-04-23T13:54:22.841918" elapsed="0.000999"/>
</kw>
<kw name="Wait For Elements State" owner="Browser">
<msg time="2026-04-23T13:54:23.210274" level="INFO">Waited for Element with selector css=form .notice at state visible</msg>
<arg>${element}</arg>
<arg>visible</arg>
<arg>5</arg>
<tag>PageContent</tag>
<tag>Wait</tag>
<doc>Waits for the element found by ``selector`` to satisfy state option.</doc>
<status status="PASS" start="2026-04-23T13:54:22.842917" elapsed="0.368363"/>
</kw>
<kw name="Get Text" owner="Browser">
<msg time="2026-04-23T13:54:23.243842" level="INFO">Text: 'Os campos email e senha são obrigatórios.'</msg>
<arg>${element}</arg>
<arg>equal</arg>
<arg>${target}</arg>
<tag>Assertion</tag>
<tag>Getter</tag>
<tag>PageContent</tag>
<doc>Returns text attribute of the element found by ``selector``.</doc>
<status status="PASS" start="2026-04-23T13:54:23.211280" elapsed="0.032562"/>
</kw>
<arg>${output_message}</arg>
<status status="PASS" start="2026-04-23T13:54:22.840919" elapsed="0.402923"/>
</kw>
<arg>${EMPTY}</arg>
<arg>pwd123</arg>
<arg>Os campos email e senha são obrigatórios.</arg>
<status status="PASS" start="2026-04-23T13:54:22.631714" elapsed="0.612128"/>
</kw>
<kw name="Login with verify notice">
<kw name="Go to login page" owner="Login">
<kw name="Go To" owner="Browser">
<msg time="2026-04-23T13:54:23.325385" level="INFO">Successfully opened URL http://localhost:3000/login</msg>
<arg>http://localhost:3000/login</arg>
<tag>BrowserControl</tag>
<tag>Setter</tag>
<doc>Navigates to the given ``url``.</doc>
<status status="PASS" start="2026-04-23T13:54:23.246830" elapsed="0.078555"/>
</kw>
<status status="PASS" start="2026-04-23T13:54:23.245361" elapsed="0.080024"/>
</kw>
<kw name="Submit login form" owner="Login">
<kw name="Fill Text" owner="Browser">
<msg time="2026-04-23T13:54:23.328401" level="INFO">Fills the text 'sac@smartbit.com' in the given field.</msg>
<arg>css= input[name=email]</arg>
<arg>${email}</arg>
<tag>PageContent</tag>
<tag>Setter</tag>
<doc>Clears and fills the given ``txt`` into the text field found by ``selector``.</doc>
<status status="PASS" start="2026-04-23T13:54:23.326888" elapsed="0.033366"/>
</kw>
<kw name="Fill Text" owner="Browser">
<msg time="2026-04-23T13:54:23.361263" level="INFO">Fills the text '' in the given field.</msg>
<arg>css= input[type=password]</arg>
<arg>${password}</arg>
<tag>PageContent</tag>
<tag>Setter</tag>
<doc>Clears and fills the given ``txt`` into the text field found by ``selector``.</doc>
<status status="PASS" start="2026-04-23T13:54:23.360254" elapsed="0.018874"/>
</kw>
<kw name="Click" owner="Browser">
<msg time="2026-04-23T13:54:23.380589" level="INFO">Clicks the element 'css=button &gt;&gt; text=Entrar'.</msg>
<arg>css=button &gt;&gt; text=Entrar</arg>
<tag>PageContent</tag>
<tag>Setter</tag>
<doc>Simulates mouse click on the element found by ``selector``.</doc>
<status status="PASS" start="2026-04-23T13:54:23.379128" elapsed="0.048467"/>
</kw>
<arg>${email}</arg>
<arg>${password}</arg>
<status status="PASS" start="2026-04-23T13:54:23.325385" elapsed="0.102210"/>
</kw>
<kw name="Notice should be" owner="BoxNotice">
<kw name="Set Variable" owner="BuiltIn">
<msg time="2026-04-23T13:54:23.429770" level="INFO">${element} = css=form .notice</msg>
<var>${element}</var>
<arg>css=form .notice</arg>
<doc>Returns the given values which can then be assigned to a variables.</doc>
<status status="PASS" start="2026-04-23T13:54:23.428756" elapsed="0.001014"/>
</kw>
<kw name="Wait For Elements State" owner="Browser">
<msg time="2026-04-23T13:54:23.752220" level="INFO">Waited for Element with selector css=form .notice at state visible</msg>
<arg>${element}</arg>
<arg>visible</arg>
<arg>5</arg>
<tag>PageContent</tag>
<tag>Wait</tag>
<doc>Waits for the element found by ``selector`` to satisfy state option.</doc>
<status status="PASS" start="2026-04-23T13:54:23.429770" elapsed="0.323685"/>
</kw>
<kw name="Get Text" owner="Browser">
<msg time="2026-04-23T13:54:23.792318" level="INFO">Text: 'Os campos email e senha são obrigatórios.'</msg>
<arg>${element}</arg>
<arg>equal</arg>
<arg>${target}</arg>
<tag>Assertion</tag>
<tag>Getter</tag>
<tag>PageContent</tag>
<doc>Returns text attribute of the element found by ``selector``.</doc>
<status status="PASS" start="2026-04-23T13:54:23.753455" elapsed="0.038863"/>
</kw>
<arg>${output_message}</arg>
<status status="PASS" start="2026-04-23T13:54:23.428756" elapsed="0.363562"/>
</kw>
<arg>sac@smartbit.com</arg>
<arg>${EMPTY}</arg>
<arg>Os campos email e senha são obrigatórios.</arg>
<status status="PASS" start="2026-04-23T13:54:23.245361" elapsed="0.546957"/>
</kw>
<kw name="Login with verify notice">
<kw name="Go to login page" owner="Login">
<kw name="Go To" owner="Browser">
<msg time="2026-04-23T13:54:23.887664" level="INFO">Successfully opened URL http://localhost:3000/login</msg>
<arg>http://localhost:3000/login</arg>
<tag>BrowserControl</tag>
<tag>Setter</tag>
<doc>Navigates to the given ``url``.</doc>
<status status="PASS" start="2026-04-23T13:54:23.795269" elapsed="0.092395"/>
</kw>
<status status="PASS" start="2026-04-23T13:54:23.794759" elapsed="0.092905"/>
</kw>
<kw name="Submit login form" owner="Login">
<kw name="Fill Text" owner="Browser">
<msg time="2026-04-23T13:54:23.891070" level="INFO">Fills the text 'sac&amp;gmail.com' in the given field.</msg>
<arg>css= input[name=email]</arg>
<arg>${email}</arg>
<tag>PageContent</tag>
<tag>Setter</tag>
<doc>Clears and fills the given ``txt`` into the text field found by ``selector``.</doc>
<status status="PASS" start="2026-04-23T13:54:23.890074" elapsed="0.037203"/>
</kw>
<kw name="Fill Text" owner="Browser">
<msg time="2026-04-23T13:54:23.928277" level="INFO">Fills the text 'pwd123' in the given field.</msg>
<arg>css= input[type=password]</arg>
<arg>${password}</arg>
<tag>PageContent</tag>
<tag>Setter</tag>
<doc>Clears and fills the given ``txt`` into the text field found by ``selector``.</doc>
<status status="PASS" start="2026-04-23T13:54:23.927277" elapsed="0.024917"/>
</kw>
<kw name="Click" owner="Browser">
<msg time="2026-04-23T13:54:23.953210" level="INFO">Clicks the element 'css=button &gt;&gt; text=Entrar'.</msg>
<arg>css=button &gt;&gt; text=Entrar</arg>
<tag>PageContent</tag>
<tag>Setter</tag>
<doc>Simulates mouse click on the element found by ``selector``.</doc>
<status status="PASS" start="2026-04-23T13:54:23.952194" elapsed="0.068983"/>
</kw>
<arg>${email}</arg>
<arg>${password}</arg>
<status status="PASS" start="2026-04-23T13:54:23.888676" elapsed="0.132501"/>
</kw>
<kw name="Notice should be" owner="BoxNotice">
<kw name="Set Variable" owner="BuiltIn">
<msg time="2026-04-23T13:54:24.023179" level="INFO">${element} = css=form .notice</msg>
<var>${element}</var>
<arg>css=form .notice</arg>
<doc>Returns the given values which can then be assigned to a variables.</doc>
<status status="PASS" start="2026-04-23T13:54:24.023179" elapsed="0.000998"/>
</kw>
<kw name="Wait For Elements State" owner="Browser">
<msg time="2026-04-23T13:54:24.353227" level="INFO">Waited for Element with selector css=form .notice at state visible</msg>
<arg>${element}</arg>
<arg>visible</arg>
<arg>5</arg>
<tag>PageContent</tag>
<tag>Wait</tag>
<doc>Waits for the element found by ``selector`` to satisfy state option.</doc>
<status status="PASS" start="2026-04-23T13:54:24.024177" elapsed="0.329050"/>
</kw>
<kw name="Get Text" owner="Browser">
<msg time="2026-04-23T13:54:24.375706" level="INFO">Text: 'Oops! O email informado é inválido'</msg>
<arg>${element}</arg>
<arg>equal</arg>
<arg>${target}</arg>
<tag>Assertion</tag>
<tag>Getter</tag>
<tag>PageContent</tag>
<doc>Returns text attribute of the element found by ``selector``.</doc>
<status status="PASS" start="2026-04-23T13:54:24.353227" elapsed="0.022479"/>
</kw>
<arg>${output_message}</arg>
<status status="PASS" start="2026-04-23T13:54:24.021177" elapsed="0.354529"/>
</kw>
<arg>sac&amp;gmail.com</arg>
<arg>pwd123</arg>
<arg>Oops! O email informado é inválido</arg>
<status status="PASS" start="2026-04-23T13:54:23.793454" elapsed="0.583265"/>
</kw>
<kw name="Login with verify notice">
<kw name="Go to login page" owner="Login">
<kw name="Go To" owner="Browser">
<msg time="2026-04-23T13:54:24.447716" level="INFO">Successfully opened URL http://localhost:3000/login</msg>
<arg>http://localhost:3000/login</arg>
<tag>BrowserControl</tag>
<tag>Setter</tag>
<doc>Navigates to the given ``url``.</doc>
<status status="PASS" start="2026-04-23T13:54:24.377978" elapsed="0.069738"/>
</kw>
<status status="PASS" start="2026-04-23T13:54:24.376719" elapsed="0.072023"/>
</kw>
<kw name="Submit login form" owner="Login">
<kw name="Fill Text" owner="Browser">
<msg time="2026-04-23T13:54:24.450741" level="INFO">Fills the text 'asdasdasdasd' in the given field.</msg>
<arg>css= input[name=email]</arg>
<arg>${email}</arg>
<tag>PageContent</tag>
<tag>Setter</tag>
<doc>Clears and fills the given ``txt`` into the text field found by ``selector``.</doc>
<status status="PASS" start="2026-04-23T13:54:24.449737" elapsed="0.030788"/>
</kw>
<kw name="Fill Text" owner="Browser">
<msg time="2026-04-23T13:54:24.483124" level="INFO">Fills the text 'pwd123' in the given field.</msg>
<arg>css= input[type=password]</arg>
<arg>${password}</arg>
<tag>PageContent</tag>
<tag>Setter</tag>
<doc>Clears and fills the given ``txt`` into the text field found by ``selector``.</doc>
<status status="PASS" start="2026-04-23T13:54:24.481834" elapsed="0.018312"/>
</kw>
<kw name="Click" owner="Browser">
<msg time="2026-04-23T13:54:24.502184" level="INFO">Clicks the element 'css=button &gt;&gt; text=Entrar'.</msg>
<arg>css=button &gt;&gt; text=Entrar</arg>
<tag>PageContent</tag>
<tag>Setter</tag>
<doc>Simulates mouse click on the element found by ``selector``.</doc>
<status status="PASS" start="2026-04-23T13:54:24.501637" elapsed="0.043072"/>
</kw>
<arg>${email}</arg>
<arg>${password}</arg>
<status status="PASS" start="2026-04-23T13:54:24.448742" elapsed="0.096475"/>
</kw>
<kw name="Notice should be" owner="BoxNotice">
<kw name="Set Variable" owner="BuiltIn">
<msg time="2026-04-23T13:54:24.547275" level="INFO">${element} = css=form .notice</msg>
<var>${element}</var>
<arg>css=form .notice</arg>
<doc>Returns the given values which can then be assigned to a variables.</doc>
<status status="PASS" start="2026-04-23T13:54:24.546266" elapsed="0.001009"/>
</kw>
<kw name="Wait For Elements State" owner="Browser">
<msg time="2026-04-23T13:54:24.876226" level="INFO">Waited for Element with selector css=form .notice at state visible</msg>
<arg>${element}</arg>
<arg>visible</arg>
<arg>5</arg>
<tag>PageContent</tag>
<tag>Wait</tag>
<doc>Waits for the element found by ``selector`` to satisfy state option.</doc>
<status status="PASS" start="2026-04-23T13:54:24.548306" elapsed="0.327920"/>
</kw>
<kw name="Get Text" owner="Browser">
<msg time="2026-04-23T13:54:24.930349" level="INFO">Text: 'Oops! O email informado é inválido'</msg>
<arg>${element}</arg>
<arg>equal</arg>
<arg>${target}</arg>
<tag>Assertion</tag>
<tag>Getter</tag>
<tag>PageContent</tag>
<doc>Returns text attribute of the element found by ``selector``.</doc>
<status status="PASS" start="2026-04-23T13:54:24.877485" elapsed="0.052864"/>
</kw>
<arg>${output_message}</arg>
<status status="PASS" start="2026-04-23T13:54:24.545217" elapsed="0.386508"/>
</kw>
<arg>asdasdasdasd</arg>
<arg>pwd123</arg>
<arg>Oops! O email informado é inválido</arg>
<status status="PASS" start="2026-04-23T13:54:24.376719" elapsed="0.555006"/>
</kw>
<kw name="Login with verify notice">
<kw name="Go to login page" owner="Login">
<kw name="Go To" owner="Browser">
<msg time="2026-04-23T13:54:25.009943" level="INFO">Successfully opened URL http://localhost:3000/login</msg>
<arg>http://localhost:3000/login</arg>
<tag>BrowserControl</tag>
<tag>Setter</tag>
<doc>Navigates to the given ``url``.</doc>
<status status="PASS" start="2026-04-23T13:54:24.934313" elapsed="0.075630"/>
</kw>
<status status="PASS" start="2026-04-23T13:54:24.933292" elapsed="0.076651"/>
</kw>
<kw name="Submit login form" owner="Login">
<kw name="Fill Text" owner="Browser">
<msg time="2026-04-23T13:54:25.013046" level="INFO">Fills the text '1231231231231231' in the given field.</msg>
<arg>css= input[name=email]</arg>
<arg>${email}</arg>
<tag>PageContent</tag>
<tag>Setter</tag>
<doc>Clears and fills the given ``txt`` into the text field found by ``selector``.</doc>
<status status="PASS" start="2026-04-23T13:54:25.012054" elapsed="0.035612"/>
</kw>
<kw name="Fill Text" owner="Browser">
<msg time="2026-04-23T13:54:25.050592" level="INFO">Fills the text 'pwd123' in the given field.</msg>
<arg>css= input[type=password]</arg>
<arg>${password}</arg>
<tag>PageContent</tag>
<tag>Setter</tag>
<doc>Clears and fills the given ``txt`` into the text field found by ``selector``.</doc>
<status status="PASS" start="2026-04-23T13:54:25.049131" elapsed="0.016331"/>
</kw>
<kw name="Click" owner="Browser">
<msg time="2026-04-23T13:54:25.067596" level="INFO">Clicks the element 'css=button &gt;&gt; text=Entrar'.</msg>
<arg>css=button &gt;&gt; text=Entrar</arg>
<tag>PageContent</tag>
<tag>Setter</tag>
<doc>Simulates mouse click on the element found by ``selector``.</doc>
<status status="PASS" start="2026-04-23T13:54:25.065462" elapsed="0.051826"/>
</kw>
<arg>${email}</arg>
<arg>${password}</arg>
<status status="PASS" start="2026-04-23T13:54:25.010942" elapsed="0.106346"/>
</kw>
<kw name="Notice should be" owner="BoxNotice">
<kw name="Set Variable" owner="BuiltIn">
<msg time="2026-04-23T13:54:25.118795" level="INFO">${element} = css=form .notice</msg>
<var>${element}</var>
<arg>css=form .notice</arg>
<doc>Returns the given values which can then be assigned to a variables.</doc>
<status status="PASS" start="2026-04-23T13:54:25.117288" elapsed="0.001507"/>
</kw>
<kw name="Wait For Elements State" owner="Browser">
<msg time="2026-04-23T13:54:25.443769" level="INFO">Waited for Element with selector css=form .notice at state visible</msg>
<arg>${element}</arg>
<arg>visible</arg>
<arg>5</arg>
<tag>PageContent</tag>
<tag>Wait</tag>
<doc>Waits for the element found by ``selector`` to satisfy state option.</doc>
<status status="PASS" start="2026-04-23T13:54:25.118795" elapsed="0.324974"/>
</kw>
<kw name="Get Text" owner="Browser">
<msg time="2026-04-23T13:54:25.470271" level="INFO">Text: 'Oops! O email informado é inválido'</msg>
<arg>${element}</arg>
<arg>equal</arg>
<arg>${target}</arg>
<tag>Assertion</tag>
<tag>Getter</tag>
<tag>PageContent</tag>
<doc>Returns text attribute of the element found by ``selector``.</doc>
<status status="PASS" start="2026-04-23T13:54:25.443769" elapsed="0.026502"/>
</kw>
<arg>${output_message}</arg>
<status status="PASS" start="2026-04-23T13:54:25.117288" elapsed="0.352983"/>
</kw>
<arg>1231231231231231</arg>
<arg>pwd123</arg>
<arg>Oops! O email informado é inválido</arg>
<status status="PASS" start="2026-04-23T13:54:24.931725" elapsed="0.538546"/>
</kw>
<kw name="Login with verify notice">
<kw name="Go to login page" owner="Login">
<kw name="Go To" owner="Browser">
<msg time="2026-04-23T13:54:25.538220" level="INFO">Successfully opened URL http://localhost:3000/login</msg>
<arg>http://localhost:3000/login</arg>
<tag>BrowserControl</tag>
<tag>Setter</tag>
<doc>Navigates to the given ``url``.</doc>
<status status="PASS" start="2026-04-23T13:54:25.471486" elapsed="0.066734"/>
</kw>
<status status="PASS" start="2026-04-23T13:54:25.471486" elapsed="0.066734"/>
</kw>
<kw name="Submit login form" owner="Login">
<kw name="Fill Text" owner="Browser">
<msg time="2026-04-23T13:54:25.540649" level="INFO">Fills the text '!@#!@#!@#!@#' in the given field.</msg>
<arg>css= input[name=email]</arg>
<arg>${email}</arg>
<tag>PageContent</tag>
<tag>Setter</tag>
<doc>Clears and fills the given ``txt`` into the text field found by ``selector``.</doc>
<status status="PASS" start="2026-04-23T13:54:25.539644" elapsed="0.032282"/>
</kw>
<kw name="Fill Text" owner="Browser">
<msg time="2026-04-23T13:54:25.573403" level="INFO">Fills the text 'pwd123' in the given field.</msg>
<arg>css= input[type=password]</arg>
<arg>${password}</arg>
<tag>PageContent</tag>
<tag>Setter</tag>
<doc>Clears and fills the given ``txt`` into the text field found by ``selector``.</doc>
<status status="PASS" start="2026-04-23T13:54:25.573403" elapsed="0.020645"/>
</kw>
<kw name="Click" owner="Browser">
<msg time="2026-04-23T13:54:25.596575" level="INFO">Clicks the element 'css=button &gt;&gt; text=Entrar'.</msg>
<arg>css=button &gt;&gt; text=Entrar</arg>
<tag>PageContent</tag>
<tag>Setter</tag>
<doc>Simulates mouse click on the element found by ``selector``.</doc>
<status status="PASS" start="2026-04-23T13:54:25.595559" elapsed="0.061820"/>
</kw>
<arg>${email}</arg>
<arg>${password}</arg>
<status status="PASS" start="2026-04-23T13:54:25.539644" elapsed="0.117735"/>
</kw>
<kw name="Notice should be" owner="BoxNotice">
<kw name="Set Variable" owner="BuiltIn">
<msg time="2026-04-23T13:54:25.660179" level="INFO">${element} = css=form .notice</msg>
<var>${element}</var>
<arg>css=form .notice</arg>
<doc>Returns the given values which can then be assigned to a variables.</doc>
<status status="PASS" start="2026-04-23T13:54:25.659008" elapsed="0.001171"/>
</kw>
<kw name="Wait For Elements State" owner="Browser">
<msg time="2026-04-23T13:54:25.986369" level="INFO">Waited for Element with selector css=form .notice at state visible</msg>
<arg>${element}</arg>
<arg>visible</arg>
<arg>5</arg>
<tag>PageContent</tag>
<tag>Wait</tag>
<doc>Waits for the element found by ``selector`` to satisfy state option.</doc>
<status status="PASS" start="2026-04-23T13:54:25.660179" elapsed="0.326726"/>
</kw>
<kw name="Get Text" owner="Browser">
<msg time="2026-04-23T13:54:26.037315" level="INFO">Text: 'Oops! O email informado é inválido'</msg>
<arg>${element}</arg>
<arg>equal</arg>
<arg>${target}</arg>
<tag>Assertion</tag>
<tag>Getter</tag>
<tag>PageContent</tag>
<doc>Returns text attribute of the element found by ``selector``.</doc>
<status status="PASS" start="2026-04-23T13:54:25.987468" elapsed="0.049847"/>
</kw>
<arg>${output_message}</arg>
<status status="PASS" start="2026-04-23T13:54:25.657379" elapsed="0.380497"/>
</kw>
<arg>!@#!@#!@#!@#</arg>
<arg>pwd123</arg>
<arg>Oops! O email informado é inválido</arg>
<status status="PASS" start="2026-04-23T13:54:25.470271" elapsed="0.567605"/>
</kw>
<kw name="Login with verify notice">
<kw name="Go to login page" owner="Login">
<kw name="Go To" owner="Browser">
<msg time="2026-04-23T13:54:26.114113" level="INFO">Successfully opened URL http://localhost:3000/login</msg>
<arg>http://localhost:3000/login</arg>
<tag>BrowserControl</tag>
<tag>Setter</tag>
<doc>Navigates to the given ``url``.</doc>
<status status="PASS" start="2026-04-23T13:54:26.039545" elapsed="0.074568"/>
</kw>
<status status="PASS" start="2026-04-23T13:54:26.038997" elapsed="0.075116"/>
</kw>
<kw name="Submit login form" owner="Login">
<kw name="Fill Text" owner="Browser">
<msg time="2026-04-23T13:54:26.118412" level="INFO">Fills the text 'teste$gmail.com' in the given field.</msg>
<arg>css= input[name=email]</arg>
<arg>${email}</arg>
<tag>PageContent</tag>
<tag>Setter</tag>
<doc>Clears and fills the given ``txt`` into the text field found by ``selector``.</doc>
<status status="PASS" start="2026-04-23T13:54:26.116899" elapsed="0.032640"/>
</kw>
<kw name="Fill Text" owner="Browser">
<msg time="2026-04-23T13:54:26.150533" level="INFO">Fills the text 'pwd123' in the given field.</msg>
<arg>css= input[type=password]</arg>
<arg>${password}</arg>
<tag>PageContent</tag>
<tag>Setter</tag>
<doc>Clears and fills the given ``txt`` into the text field found by ``selector``.</doc>
<status status="PASS" start="2026-04-23T13:54:26.150533" elapsed="0.021815"/>
</kw>
<kw name="Click" owner="Browser">
<msg time="2026-04-23T13:54:26.173430" level="INFO">Clicks the element 'css=button &gt;&gt; text=Entrar'.</msg>
<arg>css=button &gt;&gt; text=Entrar</arg>
<tag>PageContent</tag>
<tag>Setter</tag>
<doc>Simulates mouse click on the element found by ``selector``.</doc>
<status status="PASS" start="2026-04-23T13:54:26.172348" elapsed="0.054332"/>
</kw>
<arg>${email}</arg>
<arg>${password}</arg>
<status status="PASS" start="2026-04-23T13:54:26.115627" elapsed="0.111053"/>
</kw>
<kw name="Notice should be" owner="BoxNotice">
<kw name="Set Variable" owner="BuiltIn">
<msg time="2026-04-23T13:54:26.227675" level="INFO">${element} = css=form .notice</msg>
<var>${element}</var>
<arg>css=form .notice</arg>
<doc>Returns the given values which can then be assigned to a variables.</doc>
<status status="PASS" start="2026-04-23T13:54:26.227675" elapsed="0.000000"/>
</kw>
<kw name="Wait For Elements State" owner="Browser">
<msg time="2026-04-23T13:54:26.553604" level="INFO">Waited for Element with selector css=form .notice at state visible</msg>
<arg>${element}</arg>
<arg>visible</arg>
<arg>5</arg>
<tag>PageContent</tag>
<tag>Wait</tag>
<doc>Waits for the element found by ``selector`` to satisfy state option.</doc>
<status status="PASS" start="2026-04-23T13:54:26.227675" elapsed="0.325929"/>
</kw>
<kw name="Get Text" owner="Browser">
<msg time="2026-04-23T13:54:26.596297" level="INFO">Text: 'Oops! O email informado é inválido'</msg>
<arg>${element}</arg>
<arg>equal</arg>
<arg>${target}</arg>
<tag>Assertion</tag>
<tag>Getter</tag>
<tag>PageContent</tag>
<doc>Returns text attribute of the element found by ``selector``.</doc>
<status status="PASS" start="2026-04-23T13:54:26.553604" elapsed="0.042693"/>
</kw>
<arg>${output_message}</arg>
<status status="PASS" start="2026-04-23T13:54:26.226680" elapsed="0.370893"/>
</kw>
<arg>teste$gmail.com</arg>
<arg>pwd123</arg>
<arg>Oops! O email informado é inválido</arg>
<status status="PASS" start="2026-04-23T13:54:26.038439" elapsed="0.559134"/>
</kw>
<kw name="Take Screenshot" owner="Browser" type="TEARDOWN">
<msg time="2026-04-23T13:54:26.696669" level="INFO" html="true">&lt;/td&gt;&lt;/tr&gt;&lt;tr&gt;&lt;td colspan="3"&gt;&lt;a href="browser/screenshot/robotframework-browser-screenshot-6.png" target="_blank"&gt;&lt;img src="browser/screenshot/robotframework-browser-screenshot-6.png" width="800px"/&gt;&lt;/a&gt;</msg>
<tag>PageContent</tag>
<doc>Takes a screenshot of the current window or element and saves it to disk.</doc>
<status status="PASS" start="2026-04-23T13:54:26.597573" elapsed="0.099096"/>
</kw>
<msg time="2026-04-23T13:54:26.714027" level="INFO">Switching context to context=044cf076-1061-4f19-b4e7-63174200f47d in CURRENT</msg>
<msg time="2026-04-23T13:54:26.725386" level="INFO">Successfully changed active context: context=044cf076-1061-4f19-b4e7-63174200f47d</msg>
<msg time="2026-04-23T13:54:26.757774" level="INFO">Successfully closed Context</msg>
<status status="PASS" start="2026-04-23T13:54:20.430595" elapsed="6.266074"/>
</test>
<doc>Cenários de Login SAC</doc>
<status status="PASS" start="2026-04-23T13:54:00.424426" elapsed="26.334474"/>
</suite>
<suite id="s1-s2" name="Memberships" source="C:\QAx\projects\smartbit-robot\web\tests\memberships.robot">
<test id="s1-s2-t1" name="Deve poder realizar uma nova adesão" line="12">
<kw name="Start Session" owner="Base" type="SETUP">
<kw name="New Browser" owner="Browser">
<msg time="2026-04-23T13:54:26.860753" level="INFO">Switching browser to browser=b10e47fa-41b6-4c54-9833-e396d180ab0c</msg>
<msg time="2026-04-23T13:54:26.867558" level="INFO">Successfully changed active browser: browser=b10e47fa-41b6-4c54-9833-e396d180ab0c</msg>
<msg time="2026-04-23T13:54:26.867558" level="INFO">Reusing existing browser with id: browser=b10e47fa-41b6-4c54-9833-e396d180ab0c</msg>
<arg>browser=chromium</arg>
<arg>headless=false</arg>
<tag>BrowserControl</tag>
<tag>Setter</tag>
<doc>Create a new playwright Browser with specified options.</doc>
<status status="PASS" start="2026-04-23T13:54:26.859754" elapsed="0.009320"/>
</kw>
<kw name="New Page" owner="Browser">
<msg time="2026-04-23T13:54:28.555529" level="INFO">Successfully initialized new page object and opened url: http://localhost:3000</msg>
<msg time="2026-04-23T13:54:28.555529" level="INFO">No context was open. New context was automatically opened when this page is created.</msg>
<arg>http://localhost:3000</arg>
<tag>BrowserControl</tag>
<tag>Setter</tag>
<doc>Open a new Page.</doc>
<status status="PASS" start="2026-04-23T13:54:26.871090" elapsed="1.685542"/>
</kw>
<status status="PASS" start="2026-04-23T13:54:26.858753" elapsed="1.697879"/>
</kw>
<kw name="Get Json fixture" owner="Base">
<kw name="Load Json From File" owner="JSONLibrary">
<msg time="2026-04-23T13:54:28.559774" level="INFO">${data} = {'create': {'account': {'name': 'Paulo Cintura', 'email': 'paulo@cintura.com.br', 'cpf': '81286083044'}, 'plan': {'name': 'Plano Black', 'id': 2, 'price': 79.99}, 'credit_card': {'number': '5402395677...</msg>
<var>${data}</var>
<arg>${EXECDIR}/resources/fixtures/${file_name}.json</arg>
<doc>Load JSON from file.</doc>
<status status="PASS" start="2026-04-23T13:54:28.557739" elapsed="0.002035"/>
</kw>
<return>
<value>${data}[${scenario}]</value>
<status status="PASS" start="2026-04-23T13:54:28.559774" elapsed="0.000000"/>
</return>
<msg time="2026-04-23T13:54:28.561281" level="INFO">${data} = {'account': {'name': 'Paulo Cintura', 'email': 'paulo@cintura.com.br', 'cpf': '81286083044'}, 'plan': {'name': 'Plano Black', 'id': 2, 'price': 79.99}, 'credit_card': {'number': '5402395677324565', 'h...</msg>
<var>${data}</var>
<arg>memberships</arg>
<arg>create</arg>
<status status="PASS" start="2026-04-23T13:54:28.556632" elapsed="0.004649"/>
</kw>
<kw name="Delete Account By Email" owner="Database">
<arg>${data}[account][email]</arg>
<status status="PASS" start="2026-04-23T13:54:28.561281" elapsed="0.147400"/>
</kw>
<kw name="Insert Account" owner="Database">
<arg>${data}[account]</arg>
<status status="PASS" start="2026-04-23T13:54:28.708681" elapsed="0.054077"/>
</kw>
<kw name="SignIn admin" owner="Base">
<kw name="Go to login page" owner="Login">
<kw name="Go To" owner="Browser">
<msg time="2026-04-23T13:54:28.861990" level="INFO">Successfully opened URL http://localhost:3000/login</msg>
<arg>http://localhost:3000/login</arg>
<tag>BrowserControl</tag>
<tag>Setter</tag>
<doc>Navigates to the given ``url``.</doc>
<status status="PASS" start="2026-04-23T13:54:28.765361" elapsed="0.096629"/>
</kw>
<status status="PASS" start="2026-04-23T13:54:28.763853" elapsed="0.099131"/>
</kw>
<kw name="Submit login form" owner="Login">
<kw name="Fill Text" owner="Browser">
<msg time="2026-04-23T13:54:28.865591" level="INFO">Fills the text 'sac@smartbit.com' in the given field.</msg>
<arg>css= input[name=email]</arg>
<arg>${email}</arg>
<tag>PageContent</tag>
<tag>Setter</tag>
<doc>Clears and fills the given ``txt`` into the text field found by ``selector``.</doc>
<status status="PASS" start="2026-04-23T13:54:28.863985" elapsed="0.054653"/>
</kw>
<kw name="Fill Text" owner="Browser">
<msg time="2026-04-23T13:54:28.919901" level="INFO">Fills the text 'pwd123' in the given field.</msg>
<arg>css= input[type=password]</arg>
<arg>${password}</arg>
<tag>PageContent</tag>
<tag>Setter</tag>
<doc>Clears and fills the given ``txt`` into the text field found by ``selector``.</doc>
<status status="PASS" start="2026-04-23T13:54:28.918638" elapsed="0.020668"/>
</kw>
<kw name="Click" owner="Browser">
<msg time="2026-04-23T13:54:28.940304" level="INFO">Clicks the element 'css=button &gt;&gt; text=Entrar'.</msg>
<arg>css=button &gt;&gt; text=Entrar</arg>
<tag>PageContent</tag>
<tag>Setter</tag>
<doc>Simulates mouse click on the element found by ``selector``.</doc>
<status status="PASS" start="2026-04-23T13:54:28.940304" elapsed="0.066059"/>
</kw>
<arg>${ADMIN_EMAIL}</arg>
<arg>${ADMIN_PASS}</arg>
<status status="PASS" start="2026-04-23T13:54:28.862984" elapsed="0.143379"/>
</kw>
<kw name="User is logged in" owner="NavBar">
<kw name="Set Variable" owner="BuiltIn">
<msg time="2026-04-23T13:54:29.007873" level="INFO">${element} = css=.logged-user</msg>
<var>${element}</var>
<arg>css=.logged-user</arg>
<doc>Returns the given values which can then be assigned to a variables.</doc>
<status status="PASS" start="2026-04-23T13:54:29.006363" elapsed="0.001510"/>
</kw>
<kw name="Wait For Elements State" owner="Browser">
<msg time="2026-04-23T13:54:30.375359" level="INFO">Waited for Element with selector css=.logged-user at state visible</msg>
<arg>${element}</arg>
<arg>visible</arg>
<arg>5</arg>
<tag>PageContent</tag>
<tag>Wait</tag>
<doc>Waits for the element found by ``selector`` to satisfy state option.</doc>
<status status="PASS" start="2026-04-23T13:54:29.007873" elapsed="1.369019"/>
</kw>
<kw name="Get Text" owner="Browser">
<msg time="2026-04-23T13:54:30.464025" level="INFO">Text: 'sac@smartbit.com'</msg>
<arg>${element}</arg>
<arg>equal</arg>
<arg>${email}</arg>
<tag>Assertion</tag>
<tag>Getter</tag>
<tag>PageContent</tag>
<doc>Returns text attribute of the element found by ``selector``.</doc>
<status status="PASS" start="2026-04-23T13:54:30.377408" elapsed="0.086617"/>
</kw>
<arg>${ADMIN_EMAIL}</arg>
<status status="PASS" start="2026-04-23T13:54:29.006363" elapsed="1.457662"/>
</kw>
<status status="PASS" start="2026-04-23T13:54:28.763853" elapsed="1.700172"/>
</kw>
<kw name="Go to Memberships" owner="NavBar">
<kw name="Click" owner="Browser">
<msg time="2026-04-23T13:54:30.468545" level="INFO">Clicks the element 'css=a[href="/memberships"]'.</msg>
<arg>css=a[href="/memberships"]</arg>
<tag>PageContent</tag>
<tag>Setter</tag>
<doc>Simulates mouse click on the element found by ``selector``.</doc>
<status status="PASS" start="2026-04-23T13:54:30.466885" elapsed="0.131282"/>
</kw>
<kw name="Wait For Elements State" owner="Browser">
<msg time="2026-04-23T13:54:30.609733" level="INFO">Waited for Element with selector css=h1 &gt;&gt; text=Matrículas at state visible</msg>
<arg>css=h1 &gt;&gt; text=Matrículas</arg>
<arg>visible</arg>
<arg>5</arg>
<tag>PageContent</tag>
<tag>Wait</tag>
<doc>Waits for the element found by ``selector`` to satisfy state option.</doc>
<status status="PASS" start="2026-04-23T13:54:30.598167" elapsed="0.011566"/>
</kw>
<status status="PASS" start="2026-04-23T13:54:30.465591" elapsed="0.145369"/>
</kw>
<kw name="Create new membership" owner="Memberships">
<kw name="Go to memberships form" owner="Memberships">
<kw name="Click" owner="Browser">
<msg time="2026-04-23T13:54:30.613230" level="INFO">Clicks the element 'css=a[href="/memberships/new"]'.</msg>
<arg>css=a[href="/memberships/new"]</arg>
<tag>PageContent</tag>
<tag>Setter</tag>
<doc>Simulates mouse click on the element found by ``selector``.</doc>
<status status="PASS" start="2026-04-23T13:54:30.611989" elapsed="0.074648"/>
</kw>
<kw name="Wait For Elements State" owner="Browser">
<msg time="2026-04-23T13:54:30.699661" level="INFO">Waited for Element with selector css=h1 &gt;&gt; text=Nova matrícula at state visible</msg>
<arg>css=h1 &gt;&gt; text=Nova matrícula</arg>
<arg>visible</arg>
<arg>5</arg>
<tag>PageContent</tag>
<tag>Wait</tag>
<doc>Waits for the element found by ``selector`` to satisfy state option.</doc>
<status status="PASS" start="2026-04-23T13:54:30.687682" elapsed="0.011979"/>
</kw>
<status status="PASS" start="2026-04-23T13:54:30.611989" elapsed="0.088669"/>
</kw>
<kw name="Select account" owner="Memberships">
<kw name="Fill Text" owner="Browser">
<msg time="2026-04-23T13:54:30.702168" level="INFO">Fills the text 'Paulo Cintura' in the given field.</msg>
<arg>css=input[aria-label=select_account]</arg>
<arg>${name}</arg>
<tag>PageContent</tag>
<tag>Setter</tag>
<doc>Clears and fills the given ``txt`` into the text field found by ``selector``.</doc>
<status status="PASS" start="2026-04-23T13:54:30.700658" elapsed="0.067845"/>
</kw>
<kw name="Click" owner="Browser">
<msg time="2026-04-23T13:54:30.770585" level="INFO">Clicks the element 'css=[data-testid="81286083044"]'.</msg>
<arg>css=[data-testid="${cpf}"]</arg>
<tag>PageContent</tag>
<tag>Setter</tag>
<doc>Simulates mouse click on the element found by ``selector``.</doc>
<status status="PASS" start="2026-04-23T13:54:30.769583" elapsed="0.110518"/>
</kw>
<arg>${data}[account][name]</arg>
<arg>${data}[account][cpf]</arg>
<status status="PASS" start="2026-04-23T13:54:30.700658" elapsed="0.180448"/>
</kw>
<kw name="Select plan" owner="Memberships">
<kw name="Fill Text" owner="Browser">
<msg time="2026-04-23T13:54:30.882673" level="INFO">Fills the text 'Plano Black' in the given field.</msg>
<arg>css=input[aria-label=select_plan]</arg>
<arg>${plan_name}</arg>
<tag>PageContent</tag>
<tag>Setter</tag>
<doc>Clears and fills the given ``txt`` into the text field found by ``selector``.</doc>
<status status="PASS" start="2026-04-23T13:54:30.881106" elapsed="0.021890"/>
</kw>
<kw name="Click" owner="Browser">
<msg time="2026-04-23T13:54:30.904409" level="INFO">Clicks the element 'css=div[class$=option] &gt;&gt; text= Plano Black'.</msg>
<arg>css=div[class$=option] &gt;&gt; text= ${plan_name}</arg>
<tag>PageContent</tag>
<tag>Setter</tag>
<doc>Simulates mouse click on the element found by ``selector``.</doc>
<status status="PASS" start="2026-04-23T13:54:30.902996" elapsed="0.041450"/>
</kw>
<arg>${data}[plan][name]</arg>
<status status="PASS" start="2026-04-23T13:54:30.881106" elapsed="0.063340"/>
</kw>
<kw name="Fill payment card" owner="Memberships">
<kw name="Fill Text" owner="Browser">
<msg time="2026-04-23T13:54:30.948485" level="INFO">Fills the text '5402395677324565' in the given field.</msg>
<arg>css=input[name=card_number]</arg>
<arg>${card}[number]</arg>
<tag>PageContent</tag>
<tag>Setter</tag>
<doc>Clears and fills the given ``txt`` into the text field found by ``selector``.</doc>
<status status="PASS" start="2026-04-23T13:54:30.945960" elapsed="0.022442"/>
</kw>
<kw name="Fill Text" owner="Browser">
<msg time="2026-04-23T13:54:30.969699" level="INFO">Fills the text 'Paulo Cintura' in the given field.</msg>
<arg>css=input[name=card_holder]</arg>
<arg>${card}[holder]</arg>
<tag>PageContent</tag>
<tag>Setter</tag>
<doc>Clears and fills the given ``txt`` into the text field found by ``selector``.</doc>
<status status="PASS" start="2026-04-23T13:54:30.968402" elapsed="0.015545"/>
</kw>
<kw name="Fill Text" owner="Browser">
<msg time="2026-04-23T13:54:30.985404" level="INFO">Fills the text '12' in the given field.</msg>
<arg>css=input[name=card_month]</arg>
<arg>${card}[month]</arg>
<tag>PageContent</tag>
<tag>Setter</tag>
<doc>Clears and fills the given ``txt`` into the text field found by ``selector``.</doc>
<status status="PASS" start="2026-04-23T13:54:30.985404" elapsed="0.019705"/>
</kw>
<kw name="Fill Text" owner="Browser">
<msg time="2026-04-23T13:54:31.008109" level="INFO">Fills the text '2030' in the given field.</msg>
<arg>css=input[name=card_year]</arg>
<arg>${card}[year]</arg>
<tag>PageContent</tag>
<tag>Setter</tag>
<doc>Clears and fills the given ``txt`` into the text field found by ``selector``.</doc>
<status status="PASS" start="2026-04-23T13:54:31.007102" elapsed="0.020746"/>
</kw>
<kw name="Fill Text" owner="Browser">
<msg time="2026-04-23T13:54:31.031156" level="INFO">Fills the text '123' in the given field.</msg>
<arg>css=input[name=card_cvv]</arg>
<arg>${card}[cvv]</arg>
<tag>PageContent</tag>
<tag>Setter</tag>
<doc>Clears and fills the given ``txt`` into the text field found by ``selector``.</doc>
<status status="PASS" start="2026-04-23T13:54:31.029068" elapsed="0.018527"/>
</kw>
<arg>${data}[credit_card]</arg>
<status status="PASS" start="2026-04-23T13:54:30.944446" elapsed="0.104152"/>
</kw>
<kw name="Click" owner="Browser">
<msg time="2026-04-23T13:54:31.049604" level="INFO">Clicks the element 'css=button[type=submit] &gt;&gt; text=Cadastrar'.</msg>
<arg>css=button[type=submit] &gt;&gt; text=Cadastrar</arg>
<tag>PageContent</tag>
<tag>Setter</tag>
<doc>Simulates mouse click on the element found by ``selector``.</doc>
<status status="PASS" start="2026-04-23T13:54:31.048598" elapsed="0.074612"/>
</kw>
<arg>${data}</arg>
<status status="PASS" start="2026-04-23T13:54:30.610960" elapsed="0.512250"/>
</kw>
<kw name="Toast should be" owner="Toast">
<kw name="Set Variable" owner="BuiltIn">
<msg time="2026-04-23T13:54:31.125194" level="INFO">${selector} = .Toastify__toast-body</msg>
<var>${selector}</var>
<arg>.Toastify__toast-body</arg>
<doc>Returns the given values which can then be assigned to a variables.</doc>
<status status="PASS" start="2026-04-23T13:54:31.124196" elapsed="0.000998"/>
</kw>
<kw name="Wait For Elements State" owner="Browser">
<msg time="2026-04-23T13:54:31.223771" level="INFO">Waited for Element with selector .Toastify__toast-body at state visible</msg>
<arg>${selector}</arg>
<arg>visible</arg>
<arg>5</arg>
<tag>PageContent</tag>
<tag>Wait</tag>
<doc>Waits for the element found by ``selector`` to satisfy state option.</doc>
<status status="PASS" start="2026-04-23T13:54:31.125701" elapsed="0.099695"/>
</kw>
<kw name="Get Text" owner="Browser">
<msg time="2026-04-23T13:54:31.242320" level="INFO">Text: 'Matrícula cadastrada com sucesso.'</msg>
<arg>css=${selector}</arg>
<arg>equal</arg>
<arg>${expected_text}</arg>
<tag>Assertion</tag>
<tag>Getter</tag>
<tag>PageContent</tag>
<doc>Returns text attribute of the element found by ``selector``.</doc>
<status status="PASS" start="2026-04-23T13:54:31.225396" elapsed="0.016924"/>
</kw>
<kw name="Take Screenshot" owner="Browser">
<msg time="2026-04-23T13:54:32.269855" level="INFO" html="true">&lt;/td&gt;&lt;/tr&gt;&lt;tr&gt;&lt;td colspan="3"&gt;&lt;a href="browser/screenshot/robotframework-browser-screenshot-7.png" target="_blank"&gt;&lt;img src="browser/screenshot/robotframework-browser-screenshot-7.png" width="800px"/&gt;&lt;/a&gt;</msg>
<arg>selector=${selector}</arg>
<tag>PageContent</tag>
<doc>Takes a screenshot of the current window or element and saves it to disk.</doc>
<status status="PASS" start="2026-04-23T13:54:31.242320" elapsed="1.027535"/>
</kw>
<arg>Matrícula cadastrada com sucesso.</arg>
<status status="PASS" start="2026-04-23T13:54:31.124196" elapsed="1.145659"/>
</kw>
<kw name="Sleep" owner="BuiltIn">
<msg time="2026-04-23T13:54:37.271101" level="INFO">Slept 5 seconds.</msg>
<arg>5</arg>
<doc>Pauses the test executed for the given time.</doc>
<status status="PASS" start="2026-04-23T13:54:32.270848" elapsed="5.000253"/>
</kw>
<kw name="Take Screenshot" owner="Browser" type="TEARDOWN">
<msg time="2026-04-23T13:54:37.370792" level="INFO" html="true">&lt;/td&gt;&lt;/tr&gt;&lt;tr&gt;&lt;td colspan="3"&gt;&lt;a href="browser/screenshot/robotframework-browser-screenshot-8.png" target="_blank"&gt;&lt;img src="browser/screenshot/robotframework-browser-screenshot-8.png" width="800px"/&gt;&lt;/a&gt;</msg>
<tag>PageContent</tag>
<doc>Takes a screenshot of the current window or element and saves it to disk.</doc>
<status status="PASS" start="2026-04-23T13:54:37.272512" elapsed="0.098280"/>
</kw>
<msg time="2026-04-23T13:54:37.389117" level="INFO">Switching context to context=e34f2020-a326-4931-930a-b765b6248f3e in CURRENT</msg>
<msg time="2026-04-23T13:54:37.401580" level="INFO">Successfully changed active context: context=e34f2020-a326-4931-930a-b765b6248f3e</msg>
<msg time="2026-04-23T13:54:37.441401" level="INFO">Successfully closed Context</msg>
<status status="PASS" start="2026-04-23T13:54:26.852198" elapsed="10.519749"/>
</test>
<test id="s1-s2-t2" name="Não deve realizar adesão duplicada" line="27">
<kw name="Start Session" owner="Base" type="SETUP">
<kw name="New Browser" owner="Browser">
<msg time="2026-04-23T13:54:37.451843" level="INFO">Switching browser to browser=b10e47fa-41b6-4c54-9833-e396d180ab0c</msg>
<msg time="2026-04-23T13:54:37.456230" level="INFO">Successfully changed active browser: browser=b10e47fa-41b6-4c54-9833-e396d180ab0c</msg>
<msg time="2026-04-23T13:54:37.457235" level="INFO">Reusing existing browser with id: browser=b10e47fa-41b6-4c54-9833-e396d180ab0c</msg>
<arg>browser=chromium</arg>
<arg>headless=false</arg>
<tag>BrowserControl</tag>
<tag>Setter</tag>
<doc>Create a new playwright Browser with specified options.</doc>
<status status="PASS" start="2026-04-23T13:54:37.450331" elapsed="0.006904"/>
</kw>
<kw name="New Page" owner="Browser">
<msg time="2026-04-23T13:54:39.032548" level="INFO">Successfully initialized new page object and opened url: http://localhost:3000</msg>
<msg time="2026-04-23T13:54:39.032548" level="INFO">No context was open. New context was automatically opened when this page is created.</msg>
<arg>http://localhost:3000</arg>
<tag>BrowserControl</tag>
<tag>Setter</tag>
<doc>Open a new Page.</doc>
<status status="PASS" start="2026-04-23T13:54:37.457235" elapsed="1.575313"/>
</kw>
<status status="PASS" start="2026-04-23T13:54:37.449327" elapsed="1.583221"/>
</kw>
<kw name="Get Json fixture" owner="Base">
<kw name="Load Json From File" owner="JSONLibrary">
<msg time="2026-04-23T13:54:39.035532" level="INFO">${data} = {'create': {'account': {'name': 'Paulo Cintura', 'email': 'paulo@cintura.com.br', 'cpf': '81286083044'}, 'plan': {'name': 'Plano Black', 'id': 2, 'price': 79.99}, 'credit_card': {'number': '5402395677...</msg>
<var>${data}</var>
<arg>${EXECDIR}/resources/fixtures/${file_name}.json</arg>
<doc>Load JSON from file.</doc>
<status status="PASS" start="2026-04-23T13:54:39.034021" elapsed="0.001511"/>
</kw>
<return>
<value>${data}[${scenario}]</value>
<status status="PASS" start="2026-04-23T13:54:39.035532" elapsed="0.000000"/>
</return>
<msg time="2026-04-23T13:54:39.035532" level="INFO">${data} = {'account': {'name': 'Jonas Brothers', 'email': 'jonas@brothers.com', 'cpf': '24215362008'}, 'plan': {'name': 'Plano Smart', 'id': 1, 'price': 99.99}, 'credit_card': {'number': '5402395677324565', 'ho...</msg>
<var>${data}</var>
<arg>memberships</arg>
<arg>duplicate</arg>
<status status="PASS" start="2026-04-23T13:54:39.032548" elapsed="0.002984"/>
</kw>
<kw name="Insert Membership" owner="Database">
<arg>${data}</arg>
<status status="PASS" start="2026-04-23T13:54:39.036546" elapsed="0.068646"/>
</kw>
<kw name="SignIn admin" owner="Base">
<kw name="Go to login page" owner="Login">
<kw name="Go To" owner="Browser">
<msg time="2026-04-23T13:54:39.210327" level="INFO">Successfully opened URL http://localhost:3000/login</msg>
<arg>http://localhost:3000/login</arg>
<tag>BrowserControl</tag>
<tag>Setter</tag>
<doc>Navigates to the given ``url``.</doc>
<status status="PASS" start="2026-04-23T13:54:39.106244" elapsed="0.104083"/>
</kw>
<status status="PASS" start="2026-04-23T13:54:39.106244" elapsed="0.105496"/>
</kw>
<kw name="Submit login form" owner="Login">
<kw name="Fill Text" owner="Browser">
<msg time="2026-04-23T13:54:39.215267" level="INFO">Fills the text 'sac@smartbit.com' in the given field.</msg>
<arg>css= input[name=email]</arg>
<arg>${email}</arg>
<tag>PageContent</tag>
<tag>Setter</tag>
<doc>Clears and fills the given ``txt`` into the text field found by ``selector``.</doc>
<status status="PASS" start="2026-04-23T13:54:39.213748" elapsed="0.058182"/>
</kw>
<kw name="Fill Text" owner="Browser">
<msg time="2026-04-23T13:54:39.272931" level="INFO">Fills the text 'pwd123' in the given field.</msg>
<arg>css= input[type=password]</arg>
<arg>${password}</arg>
<tag>PageContent</tag>
<tag>Setter</tag>
<doc>Clears and fills the given ``txt`` into the text field found by ``selector``.</doc>
<status status="PASS" start="2026-04-23T13:54:39.271930" elapsed="0.021202"/>
</kw>
<kw name="Click" owner="Browser">
<msg time="2026-04-23T13:54:39.293132" level="INFO">Clicks the element 'css=button &gt;&gt; text=Entrar'.</msg>
<arg>css=button &gt;&gt; text=Entrar</arg>
<tag>PageContent</tag>
<tag>Setter</tag>
<doc>Simulates mouse click on the element found by ``selector``.</doc>
<status status="PASS" start="2026-04-23T13:54:39.293132" elapsed="0.065107"/>
</kw>
<arg>${ADMIN_EMAIL}</arg>
<arg>${ADMIN_PASS}</arg>
<status status="PASS" start="2026-04-23T13:54:39.211740" elapsed="0.146499"/>
</kw>
<kw name="User is logged in" owner="NavBar">
<kw name="Set Variable" owner="BuiltIn">
<msg time="2026-04-23T13:54:39.360248" level="INFO">${element} = css=.logged-user</msg>
<var>${element}</var>
<arg>css=.logged-user</arg>
<doc>Returns the given values which can then be assigned to a variables.</doc>
<status status="PASS" start="2026-04-23T13:54:39.359250" elapsed="0.000998"/>
</kw>
<kw name="Wait For Elements State" owner="Browser">
<msg time="2026-04-23T13:54:40.725612" level="INFO">Waited for Element with selector css=.logged-user at state visible</msg>
<arg>${element}</arg>
<arg>visible</arg>
<arg>5</arg>
<tag>PageContent</tag>
<tag>Wait</tag>
<doc>Waits for the element found by ``selector`` to satisfy state option.</doc>
<status status="PASS" start="2026-04-23T13:54:39.360248" elapsed="1.365364"/>
</kw>
<kw name="Get Text" owner="Browser">
<msg time="2026-04-23T13:54:40.761166" level="INFO">Text: 'sac@smartbit.com'</msg>
<arg>${element}</arg>
<arg>equal</arg>
<arg>${email}</arg>
<tag>Assertion</tag>
<tag>Getter</tag>
<tag>PageContent</tag>
<doc>Returns text attribute of the element found by ``selector``.</doc>
<status status="PASS" start="2026-04-23T13:54:40.726996" elapsed="0.035566"/>
</kw>
<arg>${ADMIN_EMAIL}</arg>
<status status="PASS" start="2026-04-23T13:54:39.358239" elapsed="1.404323"/>
</kw>
<status status="PASS" start="2026-04-23T13:54:39.105192" elapsed="1.657370"/>
</kw>
<kw name="Go to Memberships" owner="NavBar">
<kw name="Click" owner="Browser">
<msg time="2026-04-23T13:54:40.763724" level="INFO">Clicks the element 'css=a[href="/memberships"]'.</msg>
<arg>css=a[href="/memberships"]</arg>
<tag>PageContent</tag>
<tag>Setter</tag>
<doc>Simulates mouse click on the element found by ``selector``.</doc>
<status status="PASS" start="2026-04-23T13:54:40.762562" elapsed="0.103604"/>
</kw>
<kw name="Wait For Elements State" owner="Browser">
<msg time="2026-04-23T13:54:40.874507" level="INFO">Waited for Element with selector css=h1 &gt;&gt; text=Matrículas at state visible</msg>
<arg>css=h1 &gt;&gt; text=Matrículas</arg>
<arg>visible</arg>
<arg>5</arg>
<tag>PageContent</tag>
<tag>Wait</tag>
<doc>Waits for the element found by ``selector`` to satisfy state option.</doc>
<status status="PASS" start="2026-04-23T13:54:40.867625" elapsed="0.007391"/>
</kw>
<status status="PASS" start="2026-04-23T13:54:40.762562" elapsed="0.112454"/>
</kw>
<kw name="Create new membership" owner="Memberships">
<kw name="Go to memberships form" owner="Memberships">
<kw name="Click" owner="Browser">
<msg time="2026-04-23T13:54:40.877729" level="INFO">Clicks the element 'css=a[href="/memberships/new"]'.</msg>
<arg>css=a[href="/memberships/new"]</arg>
<tag>PageContent</tag>
<tag>Setter</tag>
<doc>Simulates mouse click on the element found by ``selector``.</doc>
<status status="PASS" start="2026-04-23T13:54:40.876286" elapsed="0.076737"/>
</kw>
<kw name="Wait For Elements State" owner="Browser">
<msg time="2026-04-23T13:54:40.984167" level="INFO">Waited for Element with selector css=h1 &gt;&gt; text=Nova matrícula at state visible</msg>
<arg>css=h1 &gt;&gt; text=Nova matrícula</arg>
<arg>visible</arg>
<arg>5</arg>
<tag>PageContent</tag>
<tag>Wait</tag>
<doc>Waits for the element found by ``selector`` to satisfy state option.</doc>
<status status="PASS" start="2026-04-23T13:54:40.953023" elapsed="0.031144"/>
</kw>
<status status="PASS" start="2026-04-23T13:54:40.876286" elapsed="0.108391"/>
</kw>
<kw name="Select account" owner="Memberships">
<kw name="Fill Text" owner="Browser">
<msg time="2026-04-23T13:54:40.986773" level="INFO">Fills the text 'Jonas Brothers' in the given field.</msg>
<arg>css=input[aria-label=select_account]</arg>
<arg>${name}</arg>
<tag>PageContent</tag>
<tag>Setter</tag>
<doc>Clears and fills the given ``txt`` into the text field found by ``selector``.</doc>
<status status="PASS" start="2026-04-23T13:54:40.985759" elapsed="0.033741"/>
</kw>
<kw name="Click" owner="Browser">
<msg time="2026-04-23T13:54:41.020662" level="INFO">Clicks the element 'css=[data-testid="24215362008"]'.</msg>
<arg>css=[data-testid="${cpf}"]</arg>
<tag>PageContent</tag>
<tag>Setter</tag>
<doc>Simulates mouse click on the element found by ``selector``.</doc>
<status status="PASS" start="2026-04-23T13:54:41.019500" elapsed="0.093240"/>
</kw>
<arg>${data}[account][name]</arg>
<arg>${data}[account][cpf]</arg>
<status status="PASS" start="2026-04-23T13:54:40.985218" elapsed="0.127522"/>
</kw>
<kw name="Select plan" owner="Memberships">
<kw name="Fill Text" owner="Browser">
<msg time="2026-04-23T13:54:41.115064" level="INFO">Fills the text 'Plano Smart' in the given field.</msg>
<arg>css=input[aria-label=select_plan]</arg>
<arg>${plan_name}</arg>
<tag>PageContent</tag>
<tag>Setter</tag>
<doc>Clears and fills the given ``txt`` into the text field found by ``selector``.</doc>
<status status="PASS" start="2026-04-23T13:54:41.113989" elapsed="0.024735"/>
</kw>
<kw name="Click" owner="Browser">
<msg time="2026-04-23T13:54:41.139995" level="INFO">Clicks the element 'css=div[class$=option] &gt;&gt; text= Plano Smart'.</msg>
<arg>css=div[class$=option] &gt;&gt; text= ${plan_name}</arg>
<tag>PageContent</tag>
<tag>Setter</tag>
<doc>Simulates mouse click on the element found by ``selector``.</doc>
<status status="PASS" start="2026-04-23T13:54:41.138724" elapsed="0.056435"/>
</kw>
<arg>${data}[plan][name]</arg>
<status status="PASS" start="2026-04-23T13:54:41.113989" elapsed="0.081170"/>
</kw>
<kw name="Fill payment card" owner="Memberships">
<kw name="Fill Text" owner="Browser">
<msg time="2026-04-23T13:54:41.198772" level="INFO">Fills the text '5402395677324565' in the given field.</msg>
<arg>css=input[name=card_number]</arg>
<arg>${card}[number]</arg>
<tag>PageContent</tag>
<tag>Setter</tag>
<doc>Clears and fills the given ``txt`` into the text field found by ``selector``.</doc>
<status status="PASS" start="2026-04-23T13:54:41.197713" elapsed="0.016382"/>
</kw>
<kw name="Fill Text" owner="Browser">
<msg time="2026-04-23T13:54:41.215093" level="INFO">Fills the text 'Jonas Brothers' in the given field.</msg>
<arg>css=input[name=card_holder]</arg>
<arg>${card}[holder]</arg>
<tag>PageContent</tag>
<tag>Setter</tag>
<doc>Clears and fills the given ``txt`` into the text field found by ``selector``.</doc>
<status status="PASS" start="2026-04-23T13:54:41.215093" elapsed="0.021375"/>
</kw>
<kw name="Fill Text" owner="Browser">
<msg time="2026-04-23T13:54:41.238481" level="INFO">Fills the text '12' in the given field.</msg>
<arg>css=input[name=card_month]</arg>
<arg>${card}[month]</arg>
<tag>PageContent</tag>
<tag>Setter</tag>
<doc>Clears and fills the given ``txt`` into the text field found by ``selector``.</doc>
<status status="PASS" start="2026-04-23T13:54:41.237483" elapsed="0.017293"/>
</kw>
<kw name="Fill Text" owner="Browser">
<msg time="2026-04-23T13:54:41.256323" level="INFO">Fills the text '2030' in the given field.</msg>
<arg>css=input[name=card_year]</arg>
<arg>${card}[year]</arg>
<tag>PageContent</tag>
<tag>Setter</tag>
<doc>Clears and fills the given ``txt`` into the text field found by ``selector``.</doc>
<status status="PASS" start="2026-04-23T13:54:41.255309" elapsed="0.022006"/>
</kw>
<kw name="Fill Text" owner="Browser">
<msg time="2026-04-23T13:54:41.280357" level="INFO">Fills the text '123' in the given field.</msg>
<arg>css=input[name=card_cvv]</arg>
<arg>${card}[cvv]</arg>
<tag>PageContent</tag>
<tag>Setter</tag>
<doc>Clears and fills the given ``txt`` into the text field found by ``selector``.</doc>
<status status="PASS" start="2026-04-23T13:54:41.277315" elapsed="0.026070"/>
</kw>
<arg>${data}[credit_card]</arg>
<status status="PASS" start="2026-04-23T13:54:41.196627" elapsed="0.106758"/>
</kw>
<kw name="Click" owner="Browser">
<msg time="2026-04-23T13:54:41.304895" level="INFO">Clicks the element 'css=button[type=submit] &gt;&gt; text=Cadastrar'.</msg>
<arg>css=button[type=submit] &gt;&gt; text=Cadastrar</arg>
<tag>PageContent</tag>
<tag>Setter</tag>
<doc>Simulates mouse click on the element found by ``selector``.</doc>
<status status="PASS" start="2026-04-23T13:54:41.303385" elapsed="0.060704"/>
</kw>
<arg>${data}</arg>
<status status="PASS" start="2026-04-23T13:54:40.875016" elapsed="0.489073"/>
</kw>
<kw name="Toast should be" owner="Toast">
<kw name="Set Variable" owner="BuiltIn">
<msg time="2026-04-23T13:54:41.367245" level="INFO">${selector} = .Toastify__toast-body</msg>
<var>${selector}</var>
<arg>.Toastify__toast-body</arg>
<doc>Returns the given values which can then be assigned to a variables.</doc>
<status status="PASS" start="2026-04-23T13:54:41.365604" elapsed="0.001641"/>
</kw>
<kw name="Wait For Elements State" owner="Browser">
<msg time="2026-04-23T13:54:41.423516" level="INFO">Waited for Element with selector .Toastify__toast-body at state visible</msg>
<arg>${selector}</arg>
<arg>visible</arg>
<arg>5</arg>
<tag>PageContent</tag>
<tag>Wait</tag>
<doc>Waits for the element found by ``selector`` to satisfy state option.</doc>
<status status="PASS" start="2026-04-23T13:54:41.367245" elapsed="0.056271"/>
</kw>
<kw name="Get Text" owner="Browser">
<msg time="2026-04-23T13:54:41.441455" level="INFO">Text: 'O usuário já possui matrícula.'</msg>
<arg>css=${selector}</arg>
<arg>equal</arg>
<arg>${expected_text}</arg>
<tag>Assertion</tag>
<tag>Getter</tag>
<tag>PageContent</tag>
<doc>Returns text attribute of the element found by ``selector``.</doc>
<status status="PASS" start="2026-04-23T13:54:41.423516" elapsed="0.017939"/>
</kw>
<kw name="Take Screenshot" owner="Browser">
<msg time="2026-04-23T13:54:42.486409" level="INFO" html="true">&lt;/td&gt;&lt;/tr&gt;&lt;tr&gt;&lt;td colspan="3"&gt;&lt;a href="browser/screenshot/robotframework-browser-screenshot-9.png" target="_blank"&gt;&lt;img src="browser/screenshot/robotframework-browser-screenshot-9.png" width="800px"/&gt;&lt;/a&gt;</msg>
<arg>selector=${selector}</arg>
[...]
<arg>id=cpf</arg>
<arg>${account}[cpf]</arg>
<tag>PageContent</tag>
<tag>Setter</tag>
<doc>Clears and fills the given ``txt`` into the text field found by ``selector``.</doc>
<status status="PASS" start="2026-04-23T13:55:16.444854" elapsed="0.010428"/>
</kw>
<kw name="Click" owner="Browser">
<msg time="2026-04-23T13:55:16.456781" level="INFO">Clicks the element 'css=button &gt;&gt; text=Cadastrar'.</msg>
<arg>css=button &gt;&gt; text=Cadastrar</arg>
<tag>PageContent</tag>
<tag>Setter</tag>
<doc>Simulates mouse click on the element found by ``selector``.</doc>
<status status="PASS" start="2026-04-23T13:55:16.455282" elapsed="0.051135"/>
</kw>
<arg>${account}</arg>
<status status="PASS" start="2026-04-23T13:55:16.378649" elapsed="0.127768"/>
</kw>
<kw name="Notice should be" owner="BoxNotice">
<kw name="Set Variable" owner="BuiltIn">
<msg time="2026-04-23T13:55:16.507422" level="INFO">${element} = css=form .notice</msg>
<var>${element}</var>
<arg>css=form .notice</arg>
<doc>Returns the given values which can then be assigned to a variables.</doc>
<status status="PASS" start="2026-04-23T13:55:16.507422" elapsed="0.001001"/>
</kw>
<kw name="Wait For Elements State" owner="Browser">
<msg time="2026-04-23T13:55:16.822280" level="INFO">Waited for Element with selector css=form .notice at state visible</msg>
<arg>${element}</arg>
<arg>visible</arg>
<arg>5</arg>
<tag>PageContent</tag>
<tag>Wait</tag>
<doc>Waits for the element found by ``selector`` to satisfy state option.</doc>
<status status="PASS" start="2026-04-23T13:55:16.508423" elapsed="0.313857"/>
</kw>
<kw name="Get Text" owner="Browser">
<msg time="2026-04-23T13:55:16.838089" level="INFO">Text: 'Por favor, informe o seu melhor e-mail'</msg>
<arg>${element}</arg>
<arg>equal</arg>
<arg>${target}</arg>
<tag>Assertion</tag>
<tag>Getter</tag>
<tag>PageContent</tag>
<doc>Returns text attribute of the element found by ``selector``.</doc>
<status status="PASS" start="2026-04-23T13:55:16.822280" elapsed="0.015809"/>
</kw>
<arg>${output_message}</arg>
<status status="PASS" start="2026-04-23T13:55:16.507422" elapsed="0.330667"/>
</kw>
<arg>Gabriel Maues</arg>
<arg>${EMPTY}</arg>
<arg>39831866029</arg>
<arg>Por favor, informe o seu melhor e-mail</arg>
<status status="PASS" start="2026-04-23T13:55:16.376613" elapsed="0.461476"/>
</kw>
<kw name="Attempt signup" owner="Landing">
<kw name="Create Dictionary" owner="BuiltIn">
<msg time="2026-04-23T13:55:16.840091" level="INFO">${account} = {'name': 'Gabriel Maues', 'email': 'maues@gmail.com', 'cpf': ''}</msg>
<var>${account}</var>
<arg>name=${name}</arg>
<arg>email=${email}</arg>
<arg>cpf=${cpf}</arg>
<doc>Creates and returns a dictionary based on the given ``items``.</doc>
<status status="PASS" start="2026-04-23T13:55:16.840091" elapsed="0.000000"/>
</kw>
<kw name="Submit signup form" owner="Landing">
<kw name="Get Text" owner="Browser">
<msg time="2026-04-23T13:55:16.858188" level="INFO">Text: 'Faça seu cadastro e venha para a Smartbit!'</msg>
<arg>css=#signup h2</arg>
<arg>equal</arg>
<arg>Faça seu cadastro e venha para a Smartbit!</arg>
<tag>Assertion</tag>
<tag>Getter</tag>
<tag>PageContent</tag>
<doc>Returns text attribute of the element found by ``selector``.</doc>
<status status="PASS" start="2026-04-23T13:55:16.841091" elapsed="0.017097"/>
</kw>
<kw name="Fill Text" owner="Browser">
<msg time="2026-04-23T13:55:16.859207" level="INFO">Fills the text 'Gabriel Maues' in the given field.</msg>
<arg>id=name</arg>
<arg>${account}[name]</arg>
<tag>PageContent</tag>
<tag>Setter</tag>
<doc>Clears and fills the given ``txt`` into the text field found by ``selector``.</doc>
<status status="PASS" start="2026-04-23T13:55:16.858188" elapsed="0.017975"/>
</kw>
<kw name="Fill Text" owner="Browser">
<msg time="2026-04-23T13:55:16.877356" level="INFO">Fills the text 'maues@gmail.com' in the given field.</msg>
<arg>id=email</arg>
<arg>${account}[email]</arg>
<tag>PageContent</tag>
<tag>Setter</tag>
<doc>Clears and fills the given ``txt`` into the text field found by ``selector``.</doc>
<status status="PASS" start="2026-04-23T13:55:16.876163" elapsed="0.014491"/>
</kw>
<kw name="Fill Text" owner="Browser">
<msg time="2026-04-23T13:55:16.891653" level="INFO">Fills the text '' in the given field.</msg>
<arg>id=cpf</arg>
<arg>${account}[cpf]</arg>
<tag>PageContent</tag>
<tag>Setter</tag>
<doc>Clears and fills the given ``txt`` into the text field found by ``selector``.</doc>
<status status="PASS" start="2026-04-23T13:55:16.890654" elapsed="0.011770"/>
</kw>
<kw name="Click" owner="Browser">
<msg time="2026-04-23T13:55:16.903426" level="INFO">Clicks the element 'css=button &gt;&gt; text=Cadastrar'.</msg>
<arg>css=button &gt;&gt; text=Cadastrar</arg>
<tag>PageContent</tag>
<tag>Setter</tag>
<doc>Simulates mouse click on the element found by ``selector``.</doc>
<status status="PASS" start="2026-04-23T13:55:16.903426" elapsed="0.050745"/>
</kw>
<arg>${account}</arg>
<status status="PASS" start="2026-04-23T13:55:16.840091" elapsed="0.114080"/>
</kw>
<kw name="Notice should be" owner="BoxNotice">
<kw name="Set Variable" owner="BuiltIn">
<msg time="2026-04-23T13:55:16.956275" level="INFO">${element} = css=form .notice</msg>
<var>${element}</var>
<arg>css=form .notice</arg>
<doc>Returns the given values which can then be assigned to a variables.</doc>
<status status="PASS" start="2026-04-23T13:55:16.955185" elapsed="0.001090"/>
</kw>
<kw name="Wait For Elements State" owner="Browser">
<msg time="2026-04-23T13:55:17.274306" level="INFO">Waited for Element with selector css=form .notice at state visible</msg>
<arg>${element}</arg>
<arg>visible</arg>
<arg>5</arg>
<tag>PageContent</tag>
<tag>Wait</tag>
<doc>Waits for the element found by ``selector`` to satisfy state option.</doc>
<status status="PASS" start="2026-04-23T13:55:16.956275" elapsed="0.318031"/>
</kw>
<kw name="Get Text" owner="Browser">
<msg time="2026-04-23T13:55:17.291348" level="INFO">Text: 'Por favor, informe o seu CPF'</msg>
<arg>${element}</arg>
<arg>equal</arg>
<arg>${target}</arg>
<tag>Assertion</tag>
<tag>Getter</tag>
<tag>PageContent</tag>
<doc>Returns text attribute of the element found by ``selector``.</doc>
<status status="PASS" start="2026-04-23T13:55:17.274306" elapsed="0.017042"/>
</kw>
<arg>${output_message}</arg>
<status status="PASS" start="2026-04-23T13:55:16.954171" elapsed="0.337177"/>
</kw>
<arg>Gabriel Maues</arg>
<arg>maues@gmail.com</arg>
<arg>${EMPTY}</arg>
<arg>Por favor, informe o seu CPF</arg>
<status status="PASS" start="2026-04-23T13:55:16.839087" elapsed="0.452261"/>
</kw>
<kw name="Attempt signup" owner="Landing">
<kw name="Create Dictionary" owner="BuiltIn">
<msg time="2026-04-23T13:55:17.294060" level="INFO">${account} = {'name': 'Gabriel Maues', 'email': 'maues$gmail.com', 'cpf': '39831866029'}</msg>
<var>${account}</var>
<arg>name=${name}</arg>
<arg>email=${email}</arg>
<arg>cpf=${cpf}</arg>
<doc>Creates and returns a dictionary based on the given ``items``.</doc>
<status status="PASS" start="2026-04-23T13:55:17.292367" elapsed="0.001693"/>
</kw>
<kw name="Submit signup form" owner="Landing">
<kw name="Get Text" owner="Browser">
<msg time="2026-04-23T13:55:17.311550" level="INFO">Text: 'Faça seu cadastro e venha para a Smartbit!'</msg>
<arg>css=#signup h2</arg>
<arg>equal</arg>
<arg>Faça seu cadastro e venha para a Smartbit!</arg>
<tag>Assertion</tag>
<tag>Getter</tag>
<tag>PageContent</tag>
<doc>Returns text attribute of the element found by ``selector``.</doc>
<status status="PASS" start="2026-04-23T13:55:17.295092" elapsed="0.016458"/>
</kw>
<kw name="Fill Text" owner="Browser">
<msg time="2026-04-23T13:55:17.312629" level="INFO">Fills the text 'Gabriel Maues' in the given field.</msg>
<arg>id=name</arg>
<arg>${account}[name]</arg>
<tag>PageContent</tag>
<tag>Setter</tag>
<doc>Clears and fills the given ``txt`` into the text field found by ``selector``.</doc>
<status status="PASS" start="2026-04-23T13:55:17.311550" elapsed="0.012722"/>
</kw>
<kw name="Fill Text" owner="Browser">
<msg time="2026-04-23T13:55:17.326567" level="INFO">Fills the text 'maues$gmail.com' in the given field.</msg>
<arg>id=email</arg>
<arg>${account}[email]</arg>
<tag>PageContent</tag>
<tag>Setter</tag>
<doc>Clears and fills the given ``txt`` into the text field found by ``selector``.</doc>
<status status="PASS" start="2026-04-23T13:55:17.325373" elapsed="0.015395"/>
</kw>
<kw name="Fill Text" owner="Browser">
<msg time="2026-04-23T13:55:17.342767" level="INFO">Fills the text '39831866029' in the given field.</msg>
<arg>id=cpf</arg>
<arg>${account}[cpf]</arg>
<tag>PageContent</tag>
<tag>Setter</tag>
<doc>Clears and fills the given ``txt`` into the text field found by ``selector``.</doc>
<status status="PASS" start="2026-04-23T13:55:17.341764" elapsed="0.011668"/>
</kw>
<kw name="Click" owner="Browser">
<msg time="2026-04-23T13:55:17.353432" level="INFO">Clicks the element 'css=button &gt;&gt; text=Cadastrar'.</msg>
<arg>css=button &gt;&gt; text=Cadastrar</arg>
<tag>PageContent</tag>
<tag>Setter</tag>
<doc>Simulates mouse click on the element found by ``selector``.</doc>
<status status="PASS" start="2026-04-23T13:55:17.353432" elapsed="0.048972"/>
</kw>
<arg>${account}</arg>
<status status="PASS" start="2026-04-23T13:55:17.294060" elapsed="0.108344"/>
</kw>
<kw name="Notice should be" owner="BoxNotice">
<kw name="Set Variable" owner="BuiltIn">
<msg time="2026-04-23T13:55:17.404137" level="INFO">${element} = css=form .notice</msg>
<var>${element}</var>
<arg>css=form .notice</arg>
<doc>Returns the given values which can then be assigned to a variables.</doc>
<status status="PASS" start="2026-04-23T13:55:17.404137" elapsed="0.000000"/>
</kw>
<kw name="Wait For Elements State" owner="Browser">
<msg time="2026-04-23T13:55:17.792308" level="INFO">Waited for Element with selector css=form .notice at state visible</msg>
<arg>${element}</arg>
<arg>visible</arg>
<arg>5</arg>
<tag>PageContent</tag>
<tag>Wait</tag>
<doc>Waits for the element found by ``selector`` to satisfy state option.</doc>
<status status="PASS" start="2026-04-23T13:55:17.404137" elapsed="0.388171"/>
</kw>
<kw name="Get Text" owner="Browser">
<msg time="2026-04-23T13:55:17.809614" level="INFO">Text: 'Oops! O email informado é inválido'</msg>
<arg>${element}</arg>
<arg>equal</arg>
<arg>${target}</arg>
<tag>Assertion</tag>
<tag>Getter</tag>
<tag>PageContent</tag>
<doc>Returns text attribute of the element found by ``selector``.</doc>
<status status="PASS" start="2026-04-23T13:55:17.792308" elapsed="0.017306"/>
</kw>
<arg>${output_message}</arg>
<status status="PASS" start="2026-04-23T13:55:17.403630" elapsed="0.405984"/>
</kw>
<arg>Gabriel Maues</arg>
<arg>maues$gmail.com</arg>
<arg>39831866029</arg>
<arg>Oops! O email informado é inválido</arg>
<status status="PASS" start="2026-04-23T13:55:17.291348" elapsed="0.518951"/>
</kw>
<kw name="Attempt signup" owner="Landing">
<kw name="Create Dictionary" owner="BuiltIn">
<msg time="2026-04-23T13:55:17.813091" level="INFO">${account} = {'name': 'Gabriel Maues', 'email': 'maues@gmail.com', 'cpf': '3983aa66029'}</msg>
<var>${account}</var>
<arg>name=${name}</arg>
<arg>email=${email}</arg>
<arg>cpf=${cpf}</arg>
<doc>Creates and returns a dictionary based on the given ``items``.</doc>
<status status="PASS" start="2026-04-23T13:55:17.811424" elapsed="0.001667"/>
</kw>
<kw name="Submit signup form" owner="Landing">
<kw name="Get Text" owner="Browser">
<msg time="2026-04-23T13:55:17.832591" level="INFO">Text: 'Faça seu cadastro e venha para a Smartbit!'</msg>
<arg>css=#signup h2</arg>
<arg>equal</arg>
<arg>Faça seu cadastro e venha para a Smartbit!</arg>
<tag>Assertion</tag>
<tag>Getter</tag>
<tag>PageContent</tag>
<doc>Returns text attribute of the element found by ``selector``.</doc>
<status status="PASS" start="2026-04-23T13:55:17.814218" elapsed="0.018373"/>
</kw>
<kw name="Fill Text" owner="Browser">
<msg time="2026-04-23T13:55:17.834169" level="INFO">Fills the text 'Gabriel Maues' in the given field.</msg>
<arg>id=name</arg>
<arg>${account}[name]</arg>
<tag>PageContent</tag>
<tag>Setter</tag>
<doc>Clears and fills the given ``txt`` into the text field found by ``selector``.</doc>
<status status="PASS" start="2026-04-23T13:55:17.832591" elapsed="0.019386"/>
</kw>
<kw name="Fill Text" owner="Browser">
<msg time="2026-04-23T13:55:17.852548" level="INFO">Fills the text 'maues@gmail.com' in the given field.</msg>
<arg>id=email</arg>
<arg>${account}[email]</arg>
<tag>PageContent</tag>
<tag>Setter</tag>
<doc>Clears and fills the given ``txt`` into the text field found by ``selector``.</doc>
<status status="PASS" start="2026-04-23T13:55:17.852548" elapsed="0.019065"/>
</kw>
<kw name="Fill Text" owner="Browser">
<msg time="2026-04-23T13:55:17.872618" level="INFO">Fills the text '3983aa66029' in the given field.</msg>
<arg>id=cpf</arg>
<arg>${account}[cpf]</arg>
<tag>PageContent</tag>
<tag>Setter</tag>
<doc>Clears and fills the given ``txt`` into the text field found by ``selector``.</doc>
<status status="PASS" start="2026-04-23T13:55:17.871613" elapsed="0.019413"/>
</kw>
<kw name="Click" owner="Browser">
<msg time="2026-04-23T13:55:17.893407" level="INFO">Clicks the element 'css=button &gt;&gt; text=Cadastrar'.</msg>
<arg>css=button &gt;&gt; text=Cadastrar</arg>
<tag>PageContent</tag>
<tag>Setter</tag>
<doc>Simulates mouse click on the element found by ``selector``.</doc>
<status status="PASS" start="2026-04-23T13:55:17.891026" elapsed="0.047083"/>
</kw>
<arg>${account}</arg>
<status status="PASS" start="2026-04-23T13:55:17.813688" elapsed="0.124421"/>
</kw>
<kw name="Notice should be" owner="BoxNotice">
<kw name="Set Variable" owner="BuiltIn">
<msg time="2026-04-23T13:55:17.939108" level="INFO">${element} = css=form .notice</msg>
<var>${element}</var>
<arg>css=form .notice</arg>
<doc>Returns the given values which can then be assigned to a variables.</doc>
<status status="PASS" start="2026-04-23T13:55:17.939108" elapsed="0.000000"/>
</kw>
<kw name="Wait For Elements State" owner="Browser">
<msg time="2026-04-23T13:55:18.263306" level="INFO">Waited for Element with selector css=form .notice at state visible</msg>
<arg>${element}</arg>
<arg>visible</arg>
<arg>5</arg>
<tag>PageContent</tag>
<tag>Wait</tag>
<doc>Waits for the element found by ``selector`` to satisfy state option.</doc>
<status status="PASS" start="2026-04-23T13:55:17.939108" elapsed="0.324198"/>
</kw>
<kw name="Get Text" owner="Browser">
<msg time="2026-04-23T13:55:18.292660" level="INFO">Text: 'Oops! O CPF informado é inválido'</msg>
<arg>${element}</arg>
<arg>equal</arg>
<arg>${target}</arg>
<tag>Assertion</tag>
<tag>Getter</tag>
<tag>PageContent</tag>
<doc>Returns text attribute of the element found by ``selector``.</doc>
<status status="PASS" start="2026-04-23T13:55:18.264304" elapsed="0.028356"/>
</kw>
<arg>${output_message}</arg>
<status status="PASS" start="2026-04-23T13:55:17.938109" elapsed="0.354551"/>
</kw>
<arg>Gabriel Maues</arg>
<arg>maues@gmail.com</arg>
<arg>3983aa66029</arg>
<arg>Oops! O CPF informado é inválido</arg>
<status status="PASS" start="2026-04-23T13:55:17.810858" elapsed="0.483316"/>
</kw>
<kw name="Take Screenshot" owner="Browser" type="TEARDOWN">
<msg time="2026-04-23T13:55:18.383429" level="INFO" html="true">&lt;/td&gt;&lt;/tr&gt;&lt;tr&gt;&lt;td colspan="3"&gt;&lt;a href="browser/screenshot/robotframework-browser-screenshot-19.png" target="_blank"&gt;&lt;img src="browser/screenshot/robotframework-browser-screenshot-19.png" width="800px"/&gt;&lt;/a&gt;</msg>
<tag>PageContent</tag>
<doc>Takes a screenshot of the current window or element and saves it to disk.</doc>
<status status="PASS" start="2026-04-23T13:55:18.294174" elapsed="0.089255"/>
</kw>
<msg time="2026-04-23T13:55:18.397495" level="INFO">Switching context to context=c42ca6ad-0950-4cdb-8727-14a67a39f9da in CURRENT</msg>
<msg time="2026-04-23T13:55:18.405239" level="INFO">Successfully changed active context: context=c42ca6ad-0950-4cdb-8727-14a67a39f9da</msg>
<msg time="2026-04-23T13:55:18.432569" level="INFO">Successfully closed Context</msg>
<tag>Template</tag>
<status status="PASS" start="2026-04-23T13:55:14.105084" elapsed="4.279355"/>
</test>
<doc>Cenários de pré-cadastro de clientes</doc>
<status status="PASS" start="2026-04-23T13:54:51.772146" elapsed="26.661983"/>
</suite>
<suite id="s1-s4" name="Slogan" source="C:\QAx\projects\smartbit-robot\web\tests\slogan.robot">
<test id="s1-s4-t1" name="Deve exibir o Slogan na Landing Page" line="8">
<kw name="New Browser" owner="Browser">
<msg time="2026-04-23T13:55:18.468724" level="INFO">Switching browser to browser=b10e47fa-41b6-4c54-9833-e396d180ab0c</msg>
<msg time="2026-04-23T13:55:18.471972" level="INFO">Successfully changed active browser: browser=b10e47fa-41b6-4c54-9833-e396d180ab0c</msg>
<msg time="2026-04-23T13:55:18.471972" level="INFO">Reusing existing browser with id: browser=b10e47fa-41b6-4c54-9833-e396d180ab0c</msg>
<arg>browser=chromium</arg>
<arg>headless=false</arg>
<tag>BrowserControl</tag>
<tag>Setter</tag>
<doc>Create a new playwright Browser with specified options.</doc>
<status status="PASS" start="2026-04-23T13:55:18.467731" elapsed="0.004241"/>
</kw>
<kw name="New Page" owner="Browser">
<msg time="2026-04-23T13:55:19.903164" level="INFO">Successfully initialized new page object and opened url: http://localhost:3000</msg>
<msg time="2026-04-23T13:55:19.903164" level="INFO">No context was open. New context was automatically opened when this page is created.</msg>
<arg>http://localhost:3000</arg>
<tag>BrowserControl</tag>
<tag>Setter</tag>
<doc>Open a new Page.</doc>
<status status="PASS" start="2026-04-23T13:55:18.472970" elapsed="1.430194"/>
</kw>
<kw name="Get Text" owner="Browser">
<msg time="2026-04-23T13:55:19.997691" level="INFO">Text: 'Sua Jornada Fitness Começa aqui!'</msg>
<arg>css=.headline h2</arg>
<arg>equal</arg>
<arg>Sua Jornada Fitness Começa aqui!</arg>
<tag>Assertion</tag>
<tag>Getter</tag>
<tag>PageContent</tag>
<doc>Returns text attribute of the element found by ``selector``.</doc>
<status status="PASS" start="2026-04-23T13:55:19.903164" elapsed="0.094527"/>
</kw>
<kw name="Sleep" owner="BuiltIn">
<msg time="2026-04-23T13:55:24.999919" level="INFO">Slept 5 seconds.</msg>
<arg>5</arg>
<doc>Pauses the test executed for the given time.</doc>
<status status="PASS" start="2026-04-23T13:55:19.997691" elapsed="5.002751"/>
</kw>
<msg time="2026-04-23T13:55:25.028850" level="INFO">Switching context to context=126e1976-7016-42c9-8bfb-e82a438bca32 in CURRENT</msg>
<msg time="2026-04-23T13:55:25.047584" level="INFO">Successfully changed active context: context=126e1976-7016-42c9-8bfb-e82a438bca32</msg>
<msg time="2026-04-23T13:55:25.097399" level="INFO">Successfully closed Context</msg>
<status status="PASS" start="2026-04-23T13:55:18.460701" elapsed="6.540844"/>
</test>
<doc>Teste para verificar o Slogan da Smartbit  na WebApp</doc>
<status status="PASS" start="2026-04-23T13:55:18.444531" elapsed="6.655407"/>
</suite>
<status status="PASS" start="2026-04-23T13:54:00.371549" elapsed="84.739449"/>
</suite>
<statistics>
<total>
<stat pass="16" fail="0" skip="0">All Tests</stat>
</total>
<tag>
<stat pass="1" fail="0" skip="0">dup</stat>
<stat pass="2" fail="0" skip="0">invalid</stat>
<stat pass="1" fail="0" skip="0">remove</stat>
<stat pass="3" fail="0" skip="0">required</stat>
<stat pass="1" fail="0" skip="0">search</stat>
<stat pass="1" fail="0" skip="0">smoke</stat>
<stat pass="1" fail="0" skip="0">Template</stat>
</tag>
<suite>
<stat name="Tests" id="s1" pass="16" fail="0" skip="0">Tests</stat>
<stat name="Login" id="s1-s1" pass="4" fail="0" skip="0">Tests.Login</stat>
<stat name="Memberships" id="s1-s2" pass="4" fail="0" skip="0">Tests.Memberships</stat>
<stat name="Signup" id="s1-s3" pass="7" fail="0" skip="0">Tests.Signup</stat>
<stat name="Slogan" id="s1-s4" pass="1" fail="0" skip="0">Tests.Slogan</stat>
</suite>
</statistics>
<errors>
</errors>
</robot>
