<?xml version="1.0" encoding="UTF-8"?>
<robot generator="Robot 7.4.2 (Python 3.12.1 on win32)" generated="2026-04-27T17:30:06.152953" rpa="false" schemaversion="5">
<suite id="s1" name="Tests" source="C:\QAx\projects\smartbit-robot\web\tests">
<suite id="s1-s1" name="Login" source="C:\QAx\projects\smartbit-robot\web\tests\login.robot">
<test id="s1-s1-t1" name="Deve logar como Gestor de Academia" line="13">
<kw name="Start Session" owner="Base" type="SETUP">
<kw name="New Browser" owner="Browser">
<msg time="2026-04-27T17:30:06.847159" level="INFO">{"browser": "chromium", "headless": false, "chromiumSandbox": false, "devtools": false, "handleSIGHUP": true, "handleSIGINT": true, "handleSIGTERM": true, "slowMo": 0.0, "timeout": 30000.0, "tracesDir": "C:\\QAx\\projects\\smartbit-robot\\web\\logs\\browser\\traces\\temp\\6a0d2cd4-e052-496d-9aba-c2e2d3678fbf"}</msg>
<msg time="2026-04-27T17:30:06.884193" level="INFO">Starting Browser process C:\Python312\Lib\site-packages\Browser\wrapper\index.js using at 127.0.0.1:55952</msg>
<msg time="2026-04-27T17:30:08.221400" level="INFO">Successfully created browser with options: {"browser":"chromium","headless":false,"chromiumSandbox":false,"devtools":false,"handleSIGHUP":true,"handleSIGINT":true,"handleSIGTERM":true,"slowMo":0,"timeout":30000,"tracesDir":"C:\\QAx\\projects\\smartbit-robot\\web\\logs\\browser\\traces\\temp\\6a0d2cd4-e052-496d-9aba-c2e2d3678fbf"}</msg>
<arg>browser=chromium</arg>
<arg>headless=false</arg>
<tag>BrowserControl</tag>
<tag>Setter</tag>
<doc>Create a new playwright Browser with specified options.</doc>
<status status="PASS" start="2026-04-27T17:30:06.846162" elapsed="1.375769"/>
</kw>
<kw name="New Page" owner="Browser">
<msg time="2026-04-27T17:30:09.322556" level="INFO">Successfully initialized new page object and opened url: http://localhost:3000</msg>
<msg time="2026-04-27T17:30:09.322556" level="INFO">No context was open. New context was automatically opened when this page is created.</msg>
<arg>${BASE_URL}</arg>
<tag>BrowserControl</tag>
<tag>Setter</tag>
<doc>Open a new Page.</doc>
<status status="PASS" start="2026-04-27T17:30:08.222462" elapsed="1.100094"/>
</kw>
<status status="PASS" start="2026-04-27T17:30:06.845151" elapsed="2.478911"/>
</kw>
<kw name="Go to login page" owner="Login">
<kw name="Go To" owner="Browser">
<msg time="2026-04-27T17:30:09.398004" level="INFO">Successfully opened URL http://localhost:3000/login</msg>
<arg>${BASE_URL}/login</arg>
<tag>BrowserControl</tag>
<tag>Setter</tag>
<doc>Navigates to the given ``url``.</doc>
<status status="PASS" start="2026-04-27T17:30:09.325068" elapsed="0.072936"/>
</kw>
<status status="PASS" start="2026-04-27T17:30:09.324062" elapsed="0.073942"/>
</kw>
<kw name="Submit login form" owner="Login">
<kw name="Fill Text" owner="Browser">
<msg time="2026-04-27T17:30:09.400564" level="INFO">Fills the text 'sac@smartbit.com' in the given field.</msg>
<arg>css= input[name=email]</arg>
<arg>${email}</arg>
<tag>PageContent</tag>
<tag>Setter</tag>
<doc>Clears and fills the given ``txt`` into the text field found by ``selector``.</doc>
<status status="PASS" start="2026-04-27T17:30:09.399068" elapsed="0.042511"/>
</kw>
<kw name="Fill Text" owner="Browser">
<msg time="2026-04-27T17:30:09.443583" level="INFO">Fills the text 'pwd123' in the given field.</msg>
<arg>css= input[type=password]</arg>
<arg>${password}</arg>
<tag>PageContent</tag>
<tag>Setter</tag>
<doc>Clears and fills the given ``txt`` into the text field found by ``selector``.</doc>
<status status="PASS" start="2026-04-27T17:30:09.442580" elapsed="0.014412"/>
</kw>
<kw name="Click" owner="Browser">
<msg time="2026-04-27T17:30:09.456992" level="INFO">Clicks the element 'css=button &gt;&gt; text=Entrar'.</msg>
<arg>css=button &gt;&gt; text=Entrar</arg>
<tag>PageContent</tag>
<tag>Setter</tag>
<doc>Simulates mouse click on the element found by ``selector``.</doc>
<status status="PASS" start="2026-04-27T17:30:09.456992" elapsed="0.033641"/>
</kw>
<arg>sac@smartbit.com</arg>
<arg>pwd123</arg>
<status status="PASS" start="2026-04-27T17:30:09.399068" elapsed="0.091565"/>
</kw>
<kw name="User is logged in" owner="NavBar">
<kw name="Set Variable" owner="BuiltIn">
<msg time="2026-04-27T17:30:09.493214" level="INFO">${element} = css=.logged-user</msg>
<var>${element}</var>
<arg>css=.logged-user</arg>
<doc>Returns the given values which can then be assigned to a variables.</doc>
<status status="PASS" start="2026-04-27T17:30:09.493214" elapsed="0.000000"/>
</kw>
<kw name="Wait For Elements State" owner="Browser">
<msg time="2026-04-27T17:30:10.851295" level="INFO">Waited for Element with selector css=.logged-user at state visible</msg>
<arg>${element}</arg>
<arg>visible</arg>
<arg>5</arg>
<tag>PageContent</tag>
<tag>Wait</tag>
<doc>Waits for the element found by ``selector`` to satisfy state option.</doc>
<status status="PASS" start="2026-04-27T17:30:09.493214" elapsed="1.358081"/>
</kw>
<kw name="Get Text" owner="Browser">
<msg time="2026-04-27T17:30:10.879036" level="INFO">Text: 'sac@smartbit.com'</msg>
<arg>${element}</arg>
<arg>equal</arg>
<arg>${email}</arg>
<tag>Assertion</tag>
<tag>Getter</tag>
<tag>PageContent</tag>
<doc>Returns text attribute of the element found by ``selector``.</doc>
<status status="PASS" start="2026-04-27T17:30:10.851801" elapsed="0.027235"/>
</kw>
<arg>sac@smartbit.com</arg>
<status status="PASS" start="2026-04-27T17:30:09.492158" elapsed="1.388257"/>
</kw>
<kw name="Take Screenshot" owner="Browser" type="TEARDOWN">
<msg time="2026-04-27T17:30:10.935602" level="INFO" html="true">&lt;/td&gt;&lt;/tr&gt;&lt;tr&gt;&lt;td colspan="3"&gt;&lt;a href="browser/screenshot/robotframework-browser-screenshot-1.png" target="_blank"&gt;&lt;img src="browser/screenshot/robotframework-browser-screenshot-1.png" width="800px"/&gt;&lt;/a&gt;</msg>
<tag>PageContent</tag>
<doc>Takes a screenshot of the current window or element and saves it to disk.</doc>
<status status="PASS" start="2026-04-27T17:30:10.880415" elapsed="0.055187"/>
</kw>
<msg time="2026-04-27T17:30:10.950721" level="INFO">Switching context to context=65f32455-4095-486f-a0de-6f7cfe20c01a in CURRENT</msg>
<msg time="2026-04-27T17:30:10.960701" level="INFO">Successfully changed active context: context=65f32455-4095-486f-a0de-6f7cfe20c01a</msg>
<msg time="2026-04-27T17:30:10.976724" level="INFO">Successfully closed Context</msg>
<status status="PASS" start="2026-04-27T17:30:06.843643" elapsed="4.091959"/>
</test>
<test id="s1-s1-t2" name="Não deve logar com senha incorreta" line="19">
<kw name="Start Session" owner="Base" type="SETUP">
<kw name="New Browser" owner="Browser">
<msg time="2026-04-27T17:30:10.983661" level="INFO">Switching browser to browser=a4ca3b00-630c-4f8e-8fee-417f5b263e7c</msg>
<msg time="2026-04-27T17:30:10.986685" level="INFO">Successfully changed active browser: browser=a4ca3b00-630c-4f8e-8fee-417f5b263e7c</msg>
<msg time="2026-04-27T17:30:10.986685" level="INFO">Reusing existing browser with id: browser=a4ca3b00-630c-4f8e-8fee-417f5b263e7c</msg>
<arg>browser=chromium</arg>
<arg>headless=false</arg>
<tag>BrowserControl</tag>
<tag>Setter</tag>
<doc>Create a new playwright Browser with specified options.</doc>
<status status="PASS" start="2026-04-27T17:30:10.982153" elapsed="0.004532"/>
</kw>
<kw name="New Page" owner="Browser">
<msg time="2026-04-27T17:30:12.064937" level="INFO">Successfully initialized new page object and opened url: http://localhost:3000</msg>
<msg time="2026-04-27T17:30:12.064937" level="INFO">No context was open. New context was automatically opened when this page is created.</msg>
<arg>${BASE_URL}</arg>
<tag>BrowserControl</tag>
<tag>Setter</tag>
<doc>Open a new Page.</doc>
<status status="PASS" start="2026-04-27T17:30:10.987818" elapsed="1.077119"/>
</kw>
<status status="PASS" start="2026-04-27T17:30:10.982153" elapsed="1.082784"/>
</kw>
<kw name="Go to login page" owner="Login">
<kw name="Go To" owner="Browser">
<msg time="2026-04-27T17:30:12.132121" level="INFO">Successfully opened URL http://localhost:3000/login</msg>
<arg>${BASE_URL}/login</arg>
<tag>BrowserControl</tag>
<tag>Setter</tag>
<doc>Navigates to the given ``url``.</doc>
<status status="PASS" start="2026-04-27T17:30:12.066651" elapsed="0.066468"/>
</kw>
<status status="PASS" start="2026-04-27T17:30:12.064937" elapsed="0.068182"/>
</kw>
<kw name="Submit login form" owner="Login">
<kw name="Fill Text" owner="Browser">
<msg time="2026-04-27T17:30:12.134766" level="INFO">Fills the text 'sac@smartbit.com' in the given field.</msg>
<arg>css= input[name=email]</arg>
<arg>${email}</arg>
<tag>PageContent</tag>
<tag>Setter</tag>
<doc>Clears and fills the given ``txt`` into the text field found by ``selector``.</doc>
<status status="PASS" start="2026-04-27T17:30:12.133624" elapsed="0.035807"/>
</kw>
<kw name="Fill Text" owner="Browser">
<msg time="2026-04-27T17:30:12.170458" level="INFO">Fills the text 'abc123' in the given field.</msg>
<arg>css= input[type=password]</arg>
<arg>${password}</arg>
<tag>PageContent</tag>
<tag>Setter</tag>
<doc>Clears and fills the given ``txt`` into the text field found by ``selector``.</doc>
<status status="PASS" start="2026-04-27T17:30:12.169431" elapsed="0.014356"/>
</kw>
<kw name="Click" owner="Browser">
<msg time="2026-04-27T17:30:12.184832" level="INFO">Clicks the element 'css=button &gt;&gt; text=Entrar'.</msg>
<arg>css=button &gt;&gt; text=Entrar</arg>
<tag>PageContent</tag>
<tag>Setter</tag>
<doc>Simulates mouse click on the element found by ``selector``.</doc>
<status status="PASS" start="2026-04-27T17:30:12.183787" elapsed="0.031633"/>
</kw>
<arg>sac@smartbit.com</arg>
<arg>abc123</arg>
<status status="PASS" start="2026-04-27T17:30:12.133624" elapsed="0.082800"/>
</kw>
<kw name="Toast should be" owner="Toast">
<kw name="Set Variable" owner="BuiltIn">
<msg time="2026-04-27T17:30:12.217418" level="INFO">${selector} = .Toastify__toast-body</msg>
<var>${selector}</var>
<arg>.Toastify__toast-body</arg>
<doc>Returns the given values which can then be assigned to a variables.</doc>
<status status="PASS" start="2026-04-27T17:30:12.217418" elapsed="0.000000"/>
</kw>
<kw name="Wait For Elements State" owner="Browser">
<msg time="2026-04-27T17:30:13.572417" level="INFO">Waited for Element with selector .Toastify__toast-body at state visible</msg>
<arg>${selector}</arg>
<arg>visible</arg>
<arg>5</arg>
<tag>PageContent</tag>
<tag>Wait</tag>
<doc>Waits for the element found by ``selector`` to satisfy state option.</doc>
<status status="PASS" start="2026-04-27T17:30:12.217418" elapsed="1.354999"/>
</kw>
<kw name="Get Text" owner="Browser">
<msg time="2026-04-27T17:30:13.598148" level="INFO">Text: 'As credenciais de acesso fornecidas são inválidas. Tente novamente!'</msg>
<arg>css=${selector}</arg>
<arg>equal</arg>
<arg>${expected_text}</arg>
<tag>Assertion</tag>
<tag>Getter</tag>
<tag>PageContent</tag>
<doc>Returns text attribute of the element found by ``selector``.</doc>
<status status="PASS" start="2026-04-27T17:30:13.572417" elapsed="0.025731"/>
</kw>
<kw name="Take Screenshot" owner="Browser">
<msg time="2026-04-27T17:30:14.483793" level="INFO" html="true">&lt;/td&gt;&lt;/tr&gt;&lt;tr&gt;&lt;td colspan="3"&gt;&lt;a href="browser/screenshot/robotframework-browser-screenshot-2.png" target="_blank"&gt;&lt;img src="browser/screenshot/robotframework-browser-screenshot-2.png" width="800px"/&gt;&lt;/a&gt;</msg>
<arg>selector=${selector}</arg>
<tag>PageContent</tag>
<doc>Takes a screenshot of the current window or element and saves it to disk.</doc>
<status status="PASS" start="2026-04-27T17:30:13.599147" elapsed="0.884646"/>
</kw>
<arg>As credenciais de acesso fornecidas são inválidas. Tente novamente!</arg>
<status status="PASS" start="2026-04-27T17:30:12.216424" elapsed="2.267369"/>
</kw>
<kw name="Take Screenshot" owner="Browser" type="TEARDOWN">
<msg time="2026-04-27T17:30:14.535913" level="INFO" html="true">&lt;/td&gt;&lt;/tr&gt;&lt;tr&gt;&lt;td colspan="3"&gt;&lt;a href="browser/screenshot/robotframework-browser-screenshot-3.png" target="_blank"&gt;&lt;img src="browser/screenshot/robotframework-browser-screenshot-3.png" width="800px"/&gt;&lt;/a&gt;</msg>
<tag>PageContent</tag>
<doc>Takes a screenshot of the current window or element and saves it to disk.</doc>
<status status="PASS" start="2026-04-27T17:30:14.484794" elapsed="0.051119"/>
</kw>
<msg time="2026-04-27T17:30:14.550564" level="INFO">Switching context to context=df33df6d-0b85-4d96-b218-77b39a4df356 in CURRENT</msg>
<msg time="2026-04-27T17:30:14.558822" level="INFO">Successfully changed active context: context=df33df6d-0b85-4d96-b218-77b39a4df356</msg>
<msg time="2026-04-27T17:30:14.572090" level="INFO">Successfully closed Context</msg>
<status status="PASS" start="2026-04-27T17:30:10.978226" elapsed="3.557687"/>
</test>
<test id="s1-s1-t3" name="Não deve logar com email não cadastrado" line="26">
<kw name="Start Session" owner="Base" type="SETUP">
<kw name="New Browser" owner="Browser">
<msg time="2026-04-27T17:30:14.579888" level="INFO">Switching browser to browser=a4ca3b00-630c-4f8e-8fee-417f5b263e7c</msg>
<msg time="2026-04-27T17:30:14.582885" level="INFO">Successfully changed active browser: browser=a4ca3b00-630c-4f8e-8fee-417f5b263e7c</msg>
<msg time="2026-04-27T17:30:14.582885" level="INFO">Reusing existing browser with id: browser=a4ca3b00-630c-4f8e-8fee-417f5b263e7c</msg>
<arg>browser=chromium</arg>
<arg>headless=false</arg>
<tag>BrowserControl</tag>
<tag>Setter</tag>
<doc>Create a new playwright Browser with specified options.</doc>
<status status="PASS" start="2026-04-27T17:30:14.578724" elapsed="0.004161"/>
</kw>
<kw name="New Page" owner="Browser">
<msg time="2026-04-27T17:30:15.664641" level="INFO">Successfully initialized new page object and opened url: http://localhost:3000</msg>
<msg time="2026-04-27T17:30:15.664641" level="INFO">No context was open. New context was automatically opened when this page is created.</msg>
<arg>${BASE_URL}</arg>
<tag>BrowserControl</tag>
<tag>Setter</tag>
<doc>Open a new Page.</doc>
<status status="PASS" start="2026-04-27T17:30:14.583884" elapsed="1.080757"/>
</kw>
<status status="PASS" start="2026-04-27T17:30:14.577727" elapsed="1.086914"/>
</kw>
<kw name="Go to login page" owner="Login">
<kw name="Go To" owner="Browser">
<msg time="2026-04-27T17:30:15.731891" level="INFO">Successfully opened URL http://localhost:3000/login</msg>
<arg>${BASE_URL}/login</arg>
<tag>BrowserControl</tag>
<tag>Setter</tag>
<doc>Navigates to the given ``url``.</doc>
<status status="PASS" start="2026-04-27T17:30:15.665651" elapsed="0.066240"/>
</kw>
<status status="PASS" start="2026-04-27T17:30:15.665651" elapsed="0.066240"/>
</kw>
<kw name="Submit login form" owner="Login">
<kw name="Fill Text" owner="Browser">
<msg time="2026-04-27T17:30:15.734453" level="INFO">Fills the text '404@smartbit.com' in the given field.</msg>
<arg>css= input[name=email]</arg>
<arg>${email}</arg>
<tag>PageContent</tag>
<tag>Setter</tag>
<doc>Clears and fills the given ``txt`` into the text field found by ``selector``.</doc>
<status status="PASS" start="2026-04-27T17:30:15.733220" elapsed="0.033572"/>
</kw>
<kw name="Fill Text" owner="Browser">
<msg time="2026-04-27T17:30:15.767847" level="INFO">Fills the text 'abc123' in the given field.</msg>
<arg>css= input[type=password]</arg>
<arg>${password}</arg>
<tag>PageContent</tag>
<tag>Setter</tag>
<doc>Clears and fills the given ``txt`` into the text field found by ``selector``.</doc>
<status status="PASS" start="2026-04-27T17:30:15.766792" elapsed="0.012775"/>
</kw>
<kw name="Click" owner="Browser">
<msg time="2026-04-27T17:30:15.781000" level="INFO">Clicks the element 'css=button &gt;&gt; text=Entrar'.</msg>
<arg>css=button &gt;&gt; text=Entrar</arg>
<tag>PageContent</tag>
<tag>Setter</tag>
<doc>Simulates mouse click on the element found by ``selector``.</doc>
<status status="PASS" start="2026-04-27T17:30:15.779567" elapsed="0.028337"/>
</kw>
<arg>404@smartbit.com</arg>
<arg>abc123</arg>
<status status="PASS" start="2026-04-27T17:30:15.733220" elapsed="0.074684"/>
</kw>
<kw name="Toast should be" owner="Toast">
<kw name="Set Variable" owner="BuiltIn">
<msg time="2026-04-27T17:30:15.809005" level="INFO">${selector} = .Toastify__toast-body</msg>
<var>${selector}</var>
<arg>.Toastify__toast-body</arg>
<doc>Returns the given values which can then be assigned to a variables.</doc>
<status status="PASS" start="2026-04-27T17:30:15.809005" elapsed="0.000000"/>
</kw>
<kw name="Wait For Elements State" owner="Browser">
<msg time="2026-04-27T17:30:17.155880" level="INFO">Waited for Element with selector .Toastify__toast-body at state visible</msg>
<arg>${selector}</arg>
<arg>visible</arg>
<arg>5</arg>
<tag>PageContent</tag>
<tag>Wait</tag>
<doc>Waits for the element found by ``selector`` to satisfy state option.</doc>
<status status="PASS" start="2026-04-27T17:30:15.810016" elapsed="1.345864"/>
</kw>
<kw name="Get Text" owner="Browser">
<msg time="2026-04-27T17:30:17.182184" level="INFO">Text: 'As credenciais de acesso fornecidas são inválidas. Tente novamente!'</msg>
<arg>css=${selector}</arg>
<arg>equal</arg>
<arg>${expected_text}</arg>
<tag>Assertion</tag>
<tag>Getter</tag>
<tag>PageContent</tag>
<doc>Returns text attribute of the element found by ``selector``.</doc>
<status status="PASS" start="2026-04-27T17:30:17.156879" elapsed="0.025305"/>
</kw>
<kw name="Take Screenshot" owner="Browser">
<msg time="2026-04-27T17:30:18.074860" level="INFO" html="true">&lt;/td&gt;&lt;/tr&gt;&lt;tr&gt;&lt;td colspan="3"&gt;&lt;a href="browser/screenshot/robotframework-browser-screenshot-4.png" target="_blank"&gt;&lt;img src="browser/screenshot/robotframework-browser-screenshot-4.png" width="800px"/&gt;&lt;/a&gt;</msg>
<arg>selector=${selector}</arg>
<tag>PageContent</tag>
<doc>Takes a screenshot of the current window or element and saves it to disk.</doc>
<status status="PASS" start="2026-04-27T17:30:17.182709" elapsed="0.892151"/>
</kw>
<arg>As credenciais de acesso fornecidas são inválidas. Tente novamente!</arg>
<status status="PASS" start="2026-04-27T17:30:15.807904" elapsed="2.267487"/>
</kw>
<kw name="Take Screenshot" owner="Browser" type="TEARDOWN">
<msg time="2026-04-27T17:30:18.142333" level="INFO" html="true">&lt;/td&gt;&lt;/tr&gt;&lt;tr&gt;&lt;td colspan="3"&gt;&lt;a href="browser/screenshot/robotframework-browser-screenshot-5.png" target="_blank"&gt;&lt;img src="browser/screenshot/robotframework-browser-screenshot-5.png" width="800px"/&gt;&lt;/a&gt;</msg>
<tag>PageContent</tag>
<doc>Takes a screenshot of the current window or element and saves it to disk.</doc>
<status status="PASS" start="2026-04-27T17:30:18.075925" elapsed="0.066408"/>
</kw>
<msg time="2026-04-27T17:30:18.166366" level="INFO">Switching context to context=7aedb9c1-1b26-43a6-bdb0-6baecb0291ac in CURRENT</msg>
<msg time="2026-04-27T17:30:18.175535" level="INFO">Successfully changed active context: context=7aedb9c1-1b26-43a6-bdb0-6baecb0291ac</msg>
<msg time="2026-04-27T17:30:18.188419" level="INFO">Successfully closed Context</msg>
<status status="PASS" start="2026-04-27T17:30:14.573604" elapsed="3.568729"/>
</test>
<test id="s1-s1-t4" name="Tentativa de login com dados incorretos" line="33">
<kw name="Start Session" owner="Base" type="SETUP">
<kw name="New Browser" owner="Browser">
<msg time="2026-04-27T17:30:18.195226" level="INFO">Switching browser to browser=a4ca3b00-630c-4f8e-8fee-417f5b263e7c</msg>
<msg time="2026-04-27T17:30:18.199235" level="INFO">Successfully changed active browser: browser=a4ca3b00-630c-4f8e-8fee-417f5b263e7c</msg>
<msg time="2026-04-27T17:30:18.199235" level="INFO">Reusing existing browser with id: browser=a4ca3b00-630c-4f8e-8fee-417f5b263e7c</msg>
<arg>browser=chromium</arg>
<arg>headless=false</arg>
<tag>BrowserControl</tag>
<tag>Setter</tag>
<doc>Create a new playwright Browser with specified options.</doc>
<status status="PASS" start="2026-04-27T17:30:18.194713" elapsed="0.004522"/>
</kw>
<kw name="New Page" owner="Browser">
<msg time="2026-04-27T17:30:19.282769" level="INFO">Successfully initialized new page object and opened url: http://localhost:3000</msg>
<msg time="2026-04-27T17:30:19.282769" level="INFO">No context was open. New context was automatically opened when this page is created.</msg>
<arg>${BASE_URL}</arg>
<tag>BrowserControl</tag>
<tag>Setter</tag>
<doc>Open a new Page.</doc>
<status status="PASS" start="2026-04-27T17:30:18.200340" elapsed="1.082429"/>
</kw>
<status status="PASS" start="2026-04-27T17:30:18.193183" elapsed="1.090816"/>
</kw>
<kw name="Login with verify notice">
<kw name="Go to login page" owner="Login">
<kw name="Go To" owner="Browser">
<msg time="2026-04-27T17:30:19.350081" level="INFO">Successfully opened URL http://localhost:3000/login</msg>
<arg>${BASE_URL}/login</arg>
<tag>BrowserControl</tag>
<tag>Setter</tag>
<doc>Navigates to the given ``url``.</doc>
<status status="PASS" start="2026-04-27T17:30:19.286413" elapsed="0.063668"/>
</kw>
<status status="PASS" start="2026-04-27T17:30:19.285011" elapsed="0.066071"/>
</kw>
<kw name="Submit login form" owner="Login">
<kw name="Fill Text" owner="Browser">
<msg time="2026-04-27T17:30:19.352203" level="INFO">Fills the text '' in the given field.</msg>
<arg>css= input[name=email]</arg>
<arg>${email}</arg>
<tag>PageContent</tag>
<tag>Setter</tag>
<doc>Clears and fills the given ``txt`` into the text field found by ``selector``.</doc>
<status status="PASS" start="2026-04-27T17:30:19.352203" elapsed="0.032173"/>
</kw>
<kw name="Fill Text" owner="Browser">
<msg time="2026-04-27T17:30:19.385376" level="INFO">Fills the text '' in the given field.</msg>
<arg>css= input[type=password]</arg>
<arg>${password}</arg>
<tag>PageContent</tag>
<tag>Setter</tag>
<doc>Clears and fills the given ``txt`` into the text field found by ``selector``.</doc>
<status status="PASS" start="2026-04-27T17:30:19.385376" elapsed="0.012004"/>
</kw>
<kw name="Click" owner="Browser">
<msg time="2026-04-27T17:30:19.398462" level="INFO">Clicks the element 'css=button &gt;&gt; text=Entrar'.</msg>
<arg>css=button &gt;&gt; text=Entrar</arg>
<tag>PageContent</tag>
<tag>Setter</tag>
<doc>Simulates mouse click on the element found by ``selector``.</doc>
<status status="PASS" start="2026-04-27T17:30:19.397884" elapsed="0.035361"/>
</kw>
<arg>${email}</arg>
<arg>${password}</arg>
<status status="PASS" start="2026-04-27T17:30:19.351082" elapsed="0.082163"/>
</kw>
<kw name="Notice should be" owner="BoxNotice">
<kw name="Set Variable" owner="BuiltIn">
<msg time="2026-04-27T17:30:19.434300" level="INFO">${element} = css=form .notice</msg>
<var>${element}</var>
<arg>css=form .notice</arg>
<doc>Returns the given values which can then be assigned to a variables.</doc>
<status status="PASS" start="2026-04-27T17:30:19.434300" elapsed="0.000999"/>
</kw>
<kw name="Wait For Elements State" owner="Browser">
<msg time="2026-04-27T17:30:19.759331" level="INFO">Waited for Element with selector css=form .notice at state visible</msg>
<arg>${element}</arg>
<arg>visible</arg>
<arg>5</arg>
<tag>PageContent</tag>
<tag>Wait</tag>
<doc>Waits for the element found by ``selector`` to satisfy state option.</doc>
<status status="PASS" start="2026-04-27T17:30:19.435299" elapsed="0.324032"/>
</kw>
<kw name="Get Text" owner="Browser">
<msg time="2026-04-27T17:30:19.786281" level="INFO">Text: 'Os campos email e senha são obrigatórios.'</msg>
<arg>${element}</arg>
<arg>equal</arg>
<arg>${target}</arg>
<tag>Assertion</tag>
<tag>Getter</tag>
<tag>PageContent</tag>
<doc>Returns text attribute of the element found by ``selector``.</doc>
<status status="PASS" start="2026-04-27T17:30:19.759331" elapsed="0.027538"/>
</kw>
<arg>${output_message}</arg>
<status status="PASS" start="2026-04-27T17:30:19.433245" elapsed="0.353624"/>
</kw>
<arg>${EMPTY}</arg>
<arg>${EMPTY}</arg>
<arg>Os campos email e senha são obrigatórios.</arg>
<status status="PASS" start="2026-04-27T17:30:19.283999" elapsed="0.502870"/>
</kw>
<kw name="Login with verify notice">
<kw name="Go to login page" owner="Login">
<kw name="Go To" owner="Browser">
<msg time="2026-04-27T17:30:19.838326" level="INFO">Successfully opened URL http://localhost:3000/login</msg>
<arg>${BASE_URL}/login</arg>
<tag>BrowserControl</tag>
<tag>Setter</tag>
<doc>Navigates to the given ``url``.</doc>
<status status="PASS" start="2026-04-27T17:30:19.788137" elapsed="0.050189"/>
</kw>
<status status="PASS" start="2026-04-27T17:30:19.788137" elapsed="0.051696"/>
</kw>
<kw name="Submit login form" owner="Login">
<kw name="Fill Text" owner="Browser">
<msg time="2026-04-27T17:30:19.841574" level="INFO">Fills the text '' in the given field.</msg>
<arg>css= input[name=email]</arg>
<arg>${email}</arg>
<tag>PageContent</tag>
<tag>Setter</tag>
<doc>Clears and fills the given ``txt`` into the text field found by ``selector``.</doc>
<status status="PASS" start="2026-04-27T17:30:19.840349" elapsed="0.021644"/>
</kw>
<kw name="Fill Text" owner="Browser">
<msg time="2026-04-27T17:30:19.864443" level="INFO">Fills the text 'pwd123' in the given field.</msg>
<arg>css= input[type=password]</arg>
<arg>${password}</arg>
<tag>PageContent</tag>
<tag>Setter</tag>
<doc>Clears and fills the given ``txt`` into the text field found by ``selector``.</doc>
<status status="PASS" start="2026-04-27T17:30:19.863439" elapsed="0.013554"/>
</kw>
<kw name="Click" owner="Browser">
<msg time="2026-04-27T17:30:19.878503" level="INFO">Clicks the element 'css=button &gt;&gt; text=Entrar'.</msg>
<arg>css=button &gt;&gt; text=Entrar</arg>
<tag>PageContent</tag>
<tag>Setter</tag>
<doc>Simulates mouse click on the element found by ``selector``.</doc>
<status status="PASS" start="2026-04-27T17:30:19.876993" elapsed="0.034130"/>
</kw>
<arg>${email}</arg>
<arg>${password}</arg>
<status status="PASS" start="2026-04-27T17:30:19.839833" elapsed="0.071290"/>
</kw>
<kw name="Notice should be" owner="BoxNotice">
<kw name="Set Variable" owner="BuiltIn">
<msg time="2026-04-27T17:30:19.913134" level="INFO">${element} = css=form .notice</msg>
<var>${element}</var>
<arg>css=form .notice</arg>
<doc>Returns the given values which can then be assigned to a variables.</doc>
<status status="PASS" start="2026-04-27T17:30:19.912136" elapsed="0.000998"/>
</kw>
<kw name="Wait For Elements State" owner="Browser">
<msg time="2026-04-27T17:30:20.226325" level="INFO">Waited for Element with selector css=form .notice at state visible</msg>
<arg>${element}</arg>
<arg>visible</arg>
<arg>5</arg>
<tag>PageContent</tag>
<tag>Wait</tag>
<doc>Waits for the element found by ``selector`` to satisfy state option.</doc>
<status status="PASS" start="2026-04-27T17:30:19.913134" elapsed="0.313191"/>
</kw>
<kw name="Get Text" owner="Browser">
<msg time="2026-04-27T17:30:20.249388" level="INFO">Text: 'Os campos email e senha são obrigatórios.'</msg>
<arg>${element}</arg>
<arg>equal</arg>
<arg>${target}</arg>
<tag>Assertion</tag>
<tag>Getter</tag>
<tag>PageContent</tag>
<doc>Returns text attribute of the element found by ``selector``.</doc>
<status status="PASS" start="2026-04-27T17:30:20.227835" elapsed="0.022551"/>
</kw>
<arg>${output_message}</arg>
<status status="PASS" start="2026-04-27T17:30:19.912136" elapsed="0.338250"/>
</kw>
<arg>${EMPTY}</arg>
<arg>pwd123</arg>
<arg>Os campos email e senha são obrigatórios.</arg>
<status status="PASS" start="2026-04-27T17:30:19.786869" elapsed="0.463517"/>
</kw>
<kw name="Login with verify notice">
<kw name="Go to login page" owner="Login">
<kw name="Go To" owner="Browser">
<msg time="2026-04-27T17:30:20.301799" level="INFO">Successfully opened URL http://localhost:3000/login</msg>
<arg>${BASE_URL}/login</arg>
<tag>BrowserControl</tag>
<tag>Setter</tag>
<doc>Navigates to the given ``url``.</doc>
<status status="PASS" start="2026-04-27T17:30:20.251385" elapsed="0.050414"/>
</kw>
<status status="PASS" start="2026-04-27T17:30:20.251385" elapsed="0.050414"/>
</kw>
<kw name="Submit login form" owner="Login">
<kw name="Fill Text" owner="Browser">
<msg time="2026-04-27T17:30:20.304644" level="INFO">Fills the text 'sac@smartbit.com' in the given field.</msg>
<arg>css= input[name=email]</arg>
<arg>${email}</arg>
<tag>PageContent</tag>
<tag>Setter</tag>
<doc>Clears and fills the given ``txt`` into the text field found by ``selector``.</doc>
<status status="PASS" start="2026-04-27T17:30:20.302796" elapsed="0.025208"/>
</kw>
<kw name="Fill Text" owner="Browser">
<msg time="2026-04-27T17:30:20.329231" level="INFO">Fills the text '' in the given field.</msg>
<arg>css= input[type=password]</arg>
<arg>${password}</arg>
<tag>PageContent</tag>
<tag>Setter</tag>
<doc>Clears and fills the given ``txt`` into the text field found by ``selector``.</doc>
<status status="PASS" start="2026-04-27T17:30:20.328004" elapsed="0.015241"/>
</kw>
<kw name="Click" owner="Browser">
<msg time="2026-04-27T17:30:20.344775" level="INFO">Clicks the element 'css=button &gt;&gt; text=Entrar'.</msg>
<arg>css=button &gt;&gt; text=Entrar</arg>
<tag>PageContent</tag>
<tag>Setter</tag>
<doc>Simulates mouse click on the element found by ``selector``.</doc>
<status status="PASS" start="2026-04-27T17:30:20.343245" elapsed="0.037801"/>
</kw>
<arg>${email}</arg>
<arg>${password}</arg>
<status status="PASS" start="2026-04-27T17:30:20.302796" elapsed="0.078250"/>
</kw>
<kw name="Notice should be" owner="BoxNotice">
<kw name="Set Variable" owner="BuiltIn">
<msg time="2026-04-27T17:30:20.382550" level="INFO">${element} = css=form .notice</msg>
<var>${element}</var>
<arg>css=form .notice</arg>
<doc>Returns the given values which can then be assigned to a variables.</doc>
<status status="PASS" start="2026-04-27T17:30:20.382550" elapsed="0.001003"/>
</kw>
<kw name="Wait For Elements State" owner="Browser">
<msg time="2026-04-27T17:30:20.692307" level="INFO">Waited for Element with selector css=form .notice at state visible</msg>
<arg>${element}</arg>
<arg>visible</arg>
<arg>5</arg>
<tag>PageContent</tag>
<tag>Wait</tag>
<doc>Waits for the element found by ``selector`` to satisfy state option.</doc>
<status status="PASS" start="2026-04-27T17:30:20.383553" elapsed="0.308754"/>
</kw>
<kw name="Get Text" owner="Browser">
<msg time="2026-04-27T17:30:20.714329" level="INFO">Text: 'Os campos email e senha são obrigatórios.'</msg>
<arg>${element}</arg>
<arg>equal</arg>
<arg>${target}</arg>
<tag>Assertion</tag>
<tag>Getter</tag>
<tag>PageContent</tag>
<doc>Returns text attribute of the element found by ``selector``.</doc>
<status status="PASS" start="2026-04-27T17:30:20.692307" elapsed="0.022022"/>
</kw>
<arg>${output_message}</arg>
<status status="PASS" start="2026-04-27T17:30:20.381046" elapsed="0.333283"/>
</kw>
<arg>sac@smartbit.com</arg>
<arg>${EMPTY}</arg>
<arg>Os campos email e senha são obrigatórios.</arg>
<status status="PASS" start="2026-04-27T17:30:20.250386" elapsed="0.463943"/>
</kw>
<kw name="Login with verify notice">
<kw name="Go to login page" owner="Login">
<kw name="Go To" owner="Browser">
<msg time="2026-04-27T17:30:20.758866" level="INFO">Successfully opened URL http://localhost:3000/login</msg>
<arg>${BASE_URL}/login</arg>
<tag>BrowserControl</tag>
<tag>Setter</tag>
<doc>Navigates to the given ``url``.</doc>
<status status="PASS" start="2026-04-27T17:30:20.716411" elapsed="0.042455"/>
</kw>
<status status="PASS" start="2026-04-27T17:30:20.715401" elapsed="0.043465"/>
</kw>
<kw name="Submit login form" owner="Login">
<kw name="Fill Text" owner="Browser">
<msg time="2026-04-27T17:30:20.761651" level="INFO">Fills the text 'sac&amp;gmail.com' in the given field.</msg>
<arg>css= input[name=email]</arg>
<arg>${email}</arg>
<tag>PageContent</tag>
<tag>Setter</tag>
<doc>Clears and fills the given ``txt`` into the text field found by ``selector``.</doc>
<status status="PASS" start="2026-04-27T17:30:20.759878" elapsed="0.020608"/>
</kw>
<kw name="Fill Text" owner="Browser">
<msg time="2026-04-27T17:30:20.781482" level="INFO">Fills the text 'pwd123' in the given field.</msg>
<arg>css= input[type=password]</arg>
<arg>${password}</arg>
<tag>PageContent</tag>
<tag>Setter</tag>
<doc>Clears and fills the given ``txt`` into the text field found by ``selector``.</doc>
<status status="PASS" start="2026-04-27T17:30:20.781482" elapsed="0.011932"/>
</kw>
<kw name="Click" owner="Browser">
<msg time="2026-04-27T17:30:20.794540" level="INFO">Clicks the element 'css=button &gt;&gt; text=Entrar'.</msg>
<arg>css=button &gt;&gt; text=Entrar</arg>
<tag>PageContent</tag>
<tag>Setter</tag>
<doc>Simulates mouse click on the element found by ``selector``.</doc>
<status status="PASS" start="2026-04-27T17:30:20.793414" elapsed="0.026181"/>
</kw>
<arg>${email}</arg>
<arg>${password}</arg>
<status status="PASS" start="2026-04-27T17:30:20.758866" elapsed="0.060729"/>
</kw>
<kw name="Notice should be" owner="BoxNotice">
<kw name="Set Variable" owner="BuiltIn">
<msg time="2026-04-27T17:30:20.820882" level="INFO">${element} = css=form .notice</msg>
<var>${element}</var>
<arg>css=form .notice</arg>
<doc>Returns the given values which can then be assigned to a variables.</doc>
<status status="PASS" start="2026-04-27T17:30:20.820882" elapsed="0.000000"/>
</kw>
<kw name="Wait For Elements State" owner="Browser">
<msg time="2026-04-27T17:30:21.144521" level="INFO">Waited for Element with selector css=form .notice at state visible</msg>
<arg>${element}</arg>
<arg>visible</arg>
<arg>5</arg>
<tag>PageContent</tag>
<tag>Wait</tag>
<doc>Waits for the element found by ``selector`` to satisfy state option.</doc>
<status status="PASS" start="2026-04-27T17:30:20.820882" elapsed="0.323639"/>
</kw>
<kw name="Get Text" owner="Browser">
<msg time="2026-04-27T17:30:21.166444" level="INFO">Text: 'Oops! O email informado é inválido'</msg>
<arg>${element}</arg>
<arg>equal</arg>
<arg>${target}</arg>
<tag>Assertion</tag>
<tag>Getter</tag>
<tag>PageContent</tag>
<doc>Returns text attribute of the element found by ``selector``.</doc>
<status status="PASS" start="2026-04-27T17:30:21.145932" elapsed="0.020512"/>
</kw>
<arg>${output_message}</arg>
<status status="PASS" start="2026-04-27T17:30:20.819595" elapsed="0.346849"/>
</kw>
<arg>sac&amp;gmail.com</arg>
<arg>pwd123</arg>
<arg>Oops! O email informado é inválido</arg>
<status status="PASS" start="2026-04-27T17:30:20.715401" elapsed="0.451043"/>
</kw>
<kw name="Login with verify notice">
<kw name="Go to login page" owner="Login">
<kw name="Go To" owner="Browser">
<msg time="2026-04-27T17:30:21.209894" level="INFO">Successfully opened URL http://localhost:3000/login</msg>
<arg>${BASE_URL}/login</arg>
<tag>BrowserControl</tag>
<tag>Setter</tag>
<doc>Navigates to the given ``url``.</doc>
<status status="PASS" start="2026-04-27T17:30:21.167441" elapsed="0.042453"/>
</kw>
<status status="PASS" start="2026-04-27T17:30:21.167441" elapsed="0.042453"/>
</kw>
<kw name="Submit login form" owner="Login">
<kw name="Fill Text" owner="Browser">
<msg time="2026-04-27T17:30:21.212797" level="INFO">Fills the text 'asdasdasdasd' in the given field.</msg>
<arg>css= input[name=email]</arg>
<arg>${email}</arg>
<tag>PageContent</tag>
<tag>Setter</tag>
<doc>Clears and fills the given ``txt`` into the text field found by ``selector``.</doc>
<status status="PASS" start="2026-04-27T17:30:21.211436" elapsed="0.019756"/>
</kw>
<kw name="Fill Text" owner="Browser">
<msg time="2026-04-27T17:30:21.231192" level="INFO">Fills the text 'pwd123' in the given field.</msg>
<arg>css= input[type=password]</arg>
<arg>${password}</arg>
<tag>PageContent</tag>
<tag>Setter</tag>
<doc>Clears and fills the given ``txt`` into the text field found by ``selector``.</doc>
<status status="PASS" start="2026-04-27T17:30:21.231192" elapsed="0.010986"/>
</kw>
<kw name="Click" owner="Browser">
<msg time="2026-04-27T17:30:21.243685" level="INFO">Clicks the element 'css=button &gt;&gt; text=Entrar'.</msg>
<arg>css=button &gt;&gt; text=Entrar</arg>
<tag>PageContent</tag>
<tag>Setter</tag>
<doc>Simulates mouse click on the element found by ``selector``.</doc>
<status status="PASS" start="2026-04-27T17:30:21.242178" elapsed="0.028947"/>
</kw>
<arg>${email}</arg>
<arg>${password}</arg>
<status status="PASS" start="2026-04-27T17:30:21.211436" elapsed="0.060905"/>
</kw>
<kw name="Notice should be" owner="BoxNotice">
<kw name="Set Variable" owner="BuiltIn">
<msg time="2026-04-27T17:30:21.273339" level="INFO">${element} = css=form .notice</msg>
<var>${element}</var>
<arg>css=form .notice</arg>
<doc>Returns the given values which can then be assigned to a variables.</doc>
<status status="PASS" start="2026-04-27T17:30:21.273339" elapsed="0.000000"/>
</kw>
<kw name="Wait For Elements State" owner="Browser">
<msg time="2026-04-27T17:30:21.597718" level="INFO">Waited for Element with selector css=form .notice at state visible</msg>
<arg>${element}</arg>
<arg>visible</arg>
<arg>5</arg>
<tag>PageContent</tag>
<tag>Wait</tag>
<doc>Waits for the element found by ``selector`` to satisfy state option.</doc>
<status status="PASS" start="2026-04-27T17:30:21.273339" elapsed="0.324379"/>
</kw>
<kw name="Get Text" owner="Browser">
<msg time="2026-04-27T17:30:21.618561" level="INFO">Text: 'Oops! O email informado é inválido'</msg>
<arg>${element}</arg>
<arg>equal</arg>
<arg>${target}</arg>
<tag>Assertion</tag>
<tag>Getter</tag>
<tag>PageContent</tag>
<doc>Returns text attribute of the element found by ``selector``.</doc>
<status status="PASS" start="2026-04-27T17:30:21.597718" elapsed="0.020843"/>
</kw>
<arg>${output_message}</arg>
<status status="PASS" start="2026-04-27T17:30:21.272341" elapsed="0.346220"/>
</kw>
<arg>asdasdasdasd</arg>
<arg>pwd123</arg>
<arg>Oops! O email informado é inválido</arg>
<status status="PASS" start="2026-04-27T17:30:21.167441" elapsed="0.451120"/>
</kw>
<kw name="Login with verify notice">
<kw name="Go to login page" owner="Login">
<kw name="Go To" owner="Browser">
<msg time="2026-04-27T17:30:21.663277" level="INFO">Successfully opened URL http://localhost:3000/login</msg>
<arg>${BASE_URL}/login</arg>
<tag>BrowserControl</tag>
<tag>Setter</tag>
<doc>Navigates to the given ``url``.</doc>
<status status="PASS" start="2026-04-27T17:30:21.620562" elapsed="0.042715"/>
</kw>
<status status="PASS" start="2026-04-27T17:30:21.620562" elapsed="0.042715"/>
</kw>
<kw name="Submit login form" owner="Login">
<kw name="Fill Text" owner="Browser">
<msg time="2026-04-27T17:30:21.666030" level="INFO">Fills the text '1231231231231231' in the given field.</msg>
<arg>css= input[name=email]</arg>
<arg>${email}</arg>
<tag>PageContent</tag>
<tag>Setter</tag>
<doc>Clears and fills the given ``txt`` into the text field found by ``selector``.</doc>
<status status="PASS" start="2026-04-27T17:30:21.664679" elapsed="0.020393"/>
</kw>
<kw name="Fill Text" owner="Browser">
<msg time="2026-04-27T17:30:21.686181" level="INFO">Fills the text 'pwd123' in the given field.</msg>
<arg>css= input[type=password]</arg>
<arg>${password}</arg>
<tag>PageContent</tag>
<tag>Setter</tag>
<doc>Clears and fills the given ``txt`` into the text field found by ``selector``.</doc>
<status status="PASS" start="2026-04-27T17:30:21.685072" elapsed="0.011236"/>
</kw>
<kw name="Click" owner="Browser">
<msg time="2026-04-27T17:30:21.697817" level="INFO">Clicks the element 'css=button &gt;&gt; text=Entrar'.</msg>
<arg>css=button &gt;&gt; text=Entrar</arg>
<tag>PageContent</tag>
<tag>Setter</tag>
<doc>Simulates mouse click on the element found by ``selector``.</doc>
<status status="PASS" start="2026-04-27T17:30:21.696308" elapsed="0.032017"/>
</kw>
<arg>${email}</arg>
<arg>${password}</arg>
<status status="PASS" start="2026-04-27T17:30:21.663277" elapsed="0.065048"/>
</kw>
<kw name="Notice should be" owner="BoxNotice">
<kw name="Set Variable" owner="BuiltIn">
<msg time="2026-04-27T17:30:21.730327" level="INFO">${element} = css=form .notice</msg>
<var>${element}</var>
<arg>css=form .notice</arg>
<doc>Returns the given values which can then be assigned to a variables.</doc>
<status status="PASS" start="2026-04-27T17:30:21.729329" elapsed="0.000998"/>
</kw>
<kw name="Wait For Elements State" owner="Browser">
<msg time="2026-04-27T17:30:22.048808" level="INFO">Waited for Element with selector css=form .notice at state visible</msg>
<arg>${element}</arg>
<arg>visible</arg>
<arg>5</arg>
<tag>PageContent</tag>
<tag>Wait</tag>
<doc>Waits for the element found by ``selector`` to satisfy state option.</doc>
<status status="PASS" start="2026-04-27T17:30:21.730327" elapsed="0.318481"/>
</kw>
<kw name="Get Text" owner="Browser">
<msg time="2026-04-27T17:30:22.068626" level="INFO">Text: 'Oops! O email informado é inválido'</msg>
<arg>${element}</arg>
<arg>equal</arg>
<arg>${target}</arg>
<tag>Assertion</tag>
<tag>Getter</tag>
<tag>PageContent</tag>
<doc>Returns text attribute of the element found by ``selector``.</doc>
<status status="PASS" start="2026-04-27T17:30:22.049807" elapsed="0.018819"/>
</kw>
<arg>${output_message}</arg>
<status status="PASS" start="2026-04-27T17:30:21.728325" elapsed="0.340301"/>
</kw>
<arg>1231231231231231</arg>
<arg>pwd123</arg>
<arg>Oops! O email informado é inválido</arg>
<status status="PASS" start="2026-04-27T17:30:21.619561" elapsed="0.450221"/>
</kw>
<kw name="Login with verify notice">
<kw name="Go to login page" owner="Login">
<kw name="Go To" owner="Browser">
<msg time="2026-04-27T17:30:22.110815" level="INFO">Successfully opened URL http://localhost:3000/login</msg>
<arg>${BASE_URL}/login</arg>
<tag>BrowserControl</tag>
<tag>Setter</tag>
<doc>Navigates to the given ``url``.</doc>
<status status="PASS" start="2026-04-27T17:30:22.071164" elapsed="0.041022"/>
</kw>
<status status="PASS" start="2026-04-27T17:30:22.069782" elapsed="0.042404"/>
</kw>
<kw name="Submit login form" owner="Login">
<kw name="Fill Text" owner="Browser">
<msg time="2026-04-27T17:30:22.114445" level="INFO">Fills the text '!@#!@#!@#!@#' in the given field.</msg>
<arg>css= input[name=email]</arg>
<arg>${email}</arg>
<tag>PageContent</tag>
<tag>Setter</tag>
<doc>Clears and fills the given ``txt`` into the text field found by ``selector``.</doc>
<status status="PASS" start="2026-04-27T17:30:22.113178" elapsed="0.019812"/>
</kw>
<kw name="Fill Text" owner="Browser">
<msg time="2026-04-27T17:30:22.133999" level="INFO">Fills the text 'pwd123' in the given field.</msg>
<arg>css= input[type=password]</arg>
<arg>${password}</arg>
<tag>PageContent</tag>
<tag>Setter</tag>
<doc>Clears and fills the given ``txt`` into the text field found by ``selector``.</doc>
<status status="PASS" start="2026-04-27T17:30:22.132990" elapsed="0.011939"/>
</kw>
<kw name="Click" owner="Browser">
<msg time="2026-04-27T17:30:22.145925" level="INFO">Clicks the element 'css=button &gt;&gt; text=Entrar'.</msg>
<arg>css=button &gt;&gt; text=Entrar</arg>
<tag>PageContent</tag>
<tag>Setter</tag>
<doc>Simulates mouse click on the element found by ``selector``.</doc>
<status status="PASS" start="2026-04-27T17:30:22.145925" elapsed="0.032117"/>
</kw>
<arg>${email}</arg>
<arg>${password}</arg>
<status status="PASS" start="2026-04-27T17:30:22.112186" elapsed="0.065856"/>
</kw>
<kw name="Notice should be" owner="BoxNotice">
<kw name="Set Variable" owner="BuiltIn">
<msg time="2026-04-27T17:30:22.179141" level="INFO">${element} = css=form .notice</msg>
<var>${element}</var>
<arg>css=form .notice</arg>
<doc>Returns the given values which can then be assigned to a variables.</doc>
<status status="PASS" start="2026-04-27T17:30:22.179141" elapsed="0.000000"/>
</kw>
<kw name="Wait For Elements State" owner="Browser">
<msg time="2026-04-27T17:30:22.497882" level="INFO">Waited for Element with selector css=form .notice at state visible</msg>
<arg>${element}</arg>
<arg>visible</arg>
<arg>5</arg>
<tag>PageContent</tag>
<tag>Wait</tag>
<doc>Waits for the element found by ``selector`` to satisfy state option.</doc>
<status status="PASS" start="2026-04-27T17:30:22.179141" elapsed="0.318741"/>
</kw>
<kw name="Get Text" owner="Browser">
<msg time="2026-04-27T17:30:22.516835" level="INFO">Text: 'Oops! O email informado é inválido'</msg>
<arg>${element}</arg>
<arg>equal</arg>
<arg>${target}</arg>
<tag>Assertion</tag>
<tag>Getter</tag>
<tag>PageContent</tag>
<doc>Returns text attribute of the element found by ``selector``.</doc>
<status status="PASS" start="2026-04-27T17:30:22.497882" elapsed="0.018953"/>
</kw>
<arg>${output_message}</arg>
<status status="PASS" start="2026-04-27T17:30:22.178589" elapsed="0.338246"/>
</kw>
<arg>!@#!@#!@#!@#</arg>
<arg>pwd123</arg>
<arg>Oops! O email informado é inválido</arg>
<status status="PASS" start="2026-04-27T17:30:22.069782" elapsed="0.447053"/>
</kw>
<kw name="Login with verify notice">
<kw name="Go to login page" owner="Login">
<kw name="Go To" owner="Browser">
<msg time="2026-04-27T17:30:22.561275" level="INFO">Successfully opened URL http://localhost:3000/login</msg>
<arg>${BASE_URL}/login</arg>
<tag>BrowserControl</tag>
<tag>Setter</tag>
<doc>Navigates to the given ``url``.</doc>
<status status="PASS" start="2026-04-27T17:30:22.518832" elapsed="0.042443"/>
</kw>
<status status="PASS" start="2026-04-27T17:30:22.518832" elapsed="0.043431"/>
</kw>
<kw name="Submit login form" owner="Login">
<kw name="Fill Text" owner="Browser">
<msg time="2026-04-27T17:30:22.564429" level="INFO">Fills the text 'teste$gmail.com' in the given field.</msg>
<arg>css= input[name=email]</arg>
<arg>${email}</arg>
<tag>PageContent</tag>
<tag>Setter</tag>
<doc>Clears and fills the given ``txt`` into the text field found by ``selector``.</doc>
<status status="PASS" start="2026-04-27T17:30:22.563428" elapsed="0.020012"/>
</kw>
<kw name="Fill Text" owner="Browser">
<msg time="2026-04-27T17:30:22.584474" level="INFO">Fills the text 'pwd123' in the given field.</msg>
<arg>css= input[type=password]</arg>
<arg>${password}</arg>
<tag>PageContent</tag>
<tag>Setter</tag>
<doc>Clears and fills the given ``txt`` into the text field found by ``selector``.</doc>
<status status="PASS" start="2026-04-27T17:30:22.583440" elapsed="0.011825"/>
</kw>
<kw name="Click" owner="Browser">
<msg time="2026-04-27T17:30:22.596263" level="INFO">Clicks the element 'css=button &gt;&gt; text=Entrar'.</msg>
<arg>css=button &gt;&gt; text=Entrar</arg>
<tag>PageContent</tag>
<tag>Setter</tag>
<doc>Simulates mouse click on the element found by ``selector``.</doc>
<status status="PASS" start="2026-04-27T17:30:22.595265" elapsed="0.034898"/>
</kw>
<arg>${email}</arg>
<arg>${password}</arg>
<status status="PASS" start="2026-04-27T17:30:22.562263" elapsed="0.067900"/>
</kw>
<kw name="Notice should be" owner="BoxNotice">
<kw name="Set Variable" owner="BuiltIn">
<msg time="2026-04-27T17:30:22.631779" level="INFO">${element} = css=form .notice</msg>
<var>${element}</var>
<arg>css=form .notice</arg>
<doc>Returns the given values which can then be assigned to a variables.</doc>
<status status="PASS" start="2026-04-27T17:30:22.631779" elapsed="0.000000"/>
</kw>
<kw name="Wait For Elements State" owner="Browser">
<msg time="2026-04-27T17:30:22.948762" level="INFO">Waited for Element with selector css=form .notice at state visible</msg>
<arg>${element}</arg>
<arg>visible</arg>
<arg>5</arg>
<tag>PageContent</tag>
<tag>Wait</tag>
<doc>Waits for the element found by ``selector`` to satisfy state option.</doc>
<status status="PASS" start="2026-04-27T17:30:22.631779" elapsed="0.316983"/>
</kw>
<kw name="Get Text" owner="Browser">
<msg time="2026-04-27T17:30:22.967778" level="INFO">Text: 'Oops! O email informado é inválido'</msg>
<arg>${element}</arg>
<arg>equal</arg>
<arg>${target}</arg>
<tag>Assertion</tag>
<tag>Getter</tag>
<tag>PageContent</tag>
<doc>Returns text attribute of the element found by ``selector``.</doc>
<status status="PASS" start="2026-04-27T17:30:22.948762" elapsed="0.019016"/>
</kw>
<arg>${output_message}</arg>
<status status="PASS" start="2026-04-27T17:30:22.630163" elapsed="0.337615"/>
</kw>
<arg>teste$gmail.com</arg>
<arg>pwd123</arg>
<arg>Oops! O email informado é inválido</arg>
<status status="PASS" start="2026-04-27T17:30:22.518327" elapsed="0.449451"/>
</kw>
<kw name="Take Screenshot" owner="Browser" type="TEARDOWN">
<msg time="2026-04-27T17:30:23.021274" level="INFO" html="true">&lt;/td&gt;&lt;/tr&gt;&lt;tr&gt;&lt;td colspan="3"&gt;&lt;a href="browser/screenshot/robotframework-browser-screenshot-6.png" target="_blank"&gt;&lt;img src="browser/screenshot/robotframework-browser-screenshot-6.png" width="800px"/&gt;&lt;/a&gt;</msg>
<tag>PageContent</tag>
<doc>Takes a screenshot of the current window or element and saves it to disk.</doc>
<status status="PASS" start="2026-04-27T17:30:22.968797" elapsed="0.053524"/>
</kw>
<msg time="2026-04-27T17:30:23.035620" level="INFO">Switching context to context=95bb8026-fd3f-4526-9963-a123011c86c5 in CURRENT</msg>
<msg time="2026-04-27T17:30:23.043894" level="INFO">Successfully changed active context: context=95bb8026-fd3f-4526-9963-a123011c86c5</msg>
<msg time="2026-04-27T17:30:23.056578" level="INFO">Successfully closed Context</msg>
<status status="PASS" start="2026-04-27T17:30:18.189466" elapsed="4.832855"/>
</test>
<doc>Cenários de Login SAC</doc>
<status status="PASS" start="2026-04-27T17:30:06.178838" elapsed="16.879241"/>
</suite>
<suite id="s1-s2" name="Memberships" source="C:\QAx\projects\smartbit-robot\web\tests\memberships.robot">
<test id="s1-s2-t1" name="Deve poder realizar uma nova adesão" line="12">
<kw name="Start Session" owner="Base" type="SETUP">
<kw name="New Browser" owner="Browser">
<msg time="2026-04-27T17:30:23.107620" level="INFO">Switching browser to browser=a4ca3b00-630c-4f8e-8fee-417f5b263e7c</msg>
<msg time="2026-04-27T17:30:23.110151" level="INFO">Successfully changed active browser: browser=a4ca3b00-630c-4f8e-8fee-417f5b263e7c</msg>
<msg time="2026-04-27T17:30:23.111161" level="INFO">Reusing existing browser with id: browser=a4ca3b00-630c-4f8e-8fee-417f5b263e7c</msg>
<arg>browser=chromium</arg>
<arg>headless=false</arg>
<tag>BrowserControl</tag>
<tag>Setter</tag>
<doc>Create a new playwright Browser with specified options.</doc>
<status status="PASS" start="2026-04-27T17:30:23.106602" elapsed="0.004559"/>
</kw>
<kw name="New Page" owner="Browser">
<msg time="2026-04-27T17:30:24.133328" level="INFO">Successfully initialized new page object and opened url: http://localhost:3000</msg>
<msg time="2026-04-27T17:30:24.133328" level="INFO">No context was open. New context was automatically opened when this page is created.</msg>
<arg>${BASE_URL}</arg>
<tag>BrowserControl</tag>
<tag>Setter</tag>
<doc>Open a new Page.</doc>
<status status="PASS" start="2026-04-27T17:30:23.111161" elapsed="1.022167"/>
</kw>
<status status="PASS" start="2026-04-27T17:30:23.106602" elapsed="1.027734"/>
</kw>
<kw name="Get Json fixture" owner="Base">
<kw name="Load Json From File" owner="JSONLibrary">
<msg time="2026-04-27T17:30:24.136990" level="INFO">${data} = {'create': {'account': {'name': 'Paulo Cintura', 'email': 'paulo@cintura.com.br', 'cpf': '81286083044'}, 'plan': {'name': 'Plano Black', 'id': 2, 'price': 79.99}, 'credit_card': {'number': '5402395677...</msg>
<var>${data}</var>
<arg>${EXECDIR}/resources/fixtures/${file_name}.json</arg>
<doc>Load JSON from file.</doc>
<status status="PASS" start="2026-04-27T17:30:24.134336" elapsed="0.002654"/>
</kw>
<return>
<value>${data}[${scenario}]</value>
<status status="PASS" start="2026-04-27T17:30:24.137992" elapsed="0.000000"/>
</return>
<msg time="2026-04-27T17:30:24.137992" level="INFO">${data} = {'account': {'name': 'Paulo Cintura', 'email': 'paulo@cintura.com.br', 'cpf': '81286083044'}, 'plan': {'name': 'Plano Black', 'id': 2, 'price': 79.99}, 'credit_card': {'number': '5402395677324565', 'h...</msg>
<var>${data}</var>
<arg>memberships</arg>
<arg>create</arg>
<status status="PASS" start="2026-04-27T17:30:24.134336" elapsed="0.003656"/>
</kw>
<kw name="Delete Account By Email" owner="Database">
<arg>${data}[account][email]</arg>
<status status="PASS" start="2026-04-27T17:30:24.138990" elapsed="0.032312"/>
</kw>
<kw name="Insert Account" owner="Database">
<arg>${data}[account]</arg>
<status status="PASS" start="2026-04-27T17:30:24.172424" elapsed="0.019477"/>
</kw>
<kw name="SignIn admin" owner="Base">
<kw name="Go to login page" owner="Login">
<kw name="Go To" owner="Browser">
<msg time="2026-04-27T17:30:24.250383" level="INFO">Successfully opened URL http://localhost:3000/login</msg>
<arg>${BASE_URL}/login</arg>
<tag>BrowserControl</tag>
<tag>Setter</tag>
<doc>Navigates to the given ``url``.</doc>
<status status="PASS" start="2026-04-27T17:30:24.194105" elapsed="0.056278"/>
</kw>
<status status="PASS" start="2026-04-27T17:30:24.193103" elapsed="0.057280"/>
</kw>
<kw name="Submit login form" owner="Login">
<kw name="Fill Text" owner="Browser">
<msg time="2026-04-27T17:30:24.252751" level="INFO">Fills the text 'sac@smartbit.com' in the given field.</msg>
<arg>css= input[name=email]</arg>
<arg>${email}</arg>
<tag>PageContent</tag>
<tag>Setter</tag>
<doc>Clears and fills the given ``txt`` into the text field found by ``selector``.</doc>
<status status="PASS" start="2026-04-27T17:30:24.251382" elapsed="0.030032"/>
</kw>
<kw name="Fill Text" owner="Browser">
<msg time="2026-04-27T17:30:24.282413" level="INFO">Fills the text 'pwd123' in the given field.</msg>
<arg>css= input[type=password]</arg>
<arg>${password}</arg>
<tag>PageContent</tag>
<tag>Setter</tag>
<doc>Clears and fills the given ``txt`` into the text field found by ``selector``.</doc>
<status status="PASS" start="2026-04-27T17:30:24.282413" elapsed="0.014321"/>
</kw>
<kw name="Click" owner="Browser">
<msg time="2026-04-27T17:30:24.296734" level="INFO">Clicks the element 'css=button &gt;&gt; text=Entrar'.</msg>
<arg>css=button &gt;&gt; text=Entrar</arg>
<tag>PageContent</tag>
<tag>Setter</tag>
<doc>Simulates mouse click on the element found by ``selector``.</doc>
<status status="PASS" start="2026-04-27T17:30:24.296734" elapsed="0.027431"/>
</kw>
<arg>${ADMIN_EMAIL}</arg>
<arg>${ADMIN_PASS}</arg>
<status status="PASS" start="2026-04-27T17:30:24.251382" elapsed="0.072783"/>
</kw>
<kw name="User is logged in" owner="NavBar">
<kw name="Set Variable" owner="BuiltIn">
<msg time="2026-04-27T17:30:24.325547" level="INFO">${element} = css=.logged-user</msg>
<var>${element}</var>
<arg>css=.logged-user</arg>
<doc>Returns the given values which can then be assigned to a variables.</doc>
<status status="PASS" start="2026-04-27T17:30:24.324165" elapsed="0.001382"/>
</kw>
<kw name="Wait For Elements State" owner="Browser">
<msg time="2026-04-27T17:30:25.677320" level="INFO">Waited for Element with selector css=.logged-user at state visible</msg>
<arg>${element}</arg>
<arg>visible</arg>
<arg>5</arg>
<tag>PageContent</tag>
<tag>Wait</tag>
<doc>Waits for the element found by ``selector`` to satisfy state option.</doc>
<status status="PASS" start="2026-04-27T17:30:24.326051" elapsed="1.352408"/>
</kw>
<kw name="Get Text" owner="Browser">
<msg time="2026-04-27T17:30:25.700278" level="INFO">Text: 'sac@smartbit.com'</msg>
<arg>${element}</arg>
<arg>equal</arg>
<arg>${email}</arg>
<tag>Assertion</tag>
<tag>Getter</tag>
<tag>PageContent</tag>
<doc>Returns text attribute of the element found by ``selector``.</doc>
<status status="PASS" start="2026-04-27T17:30:25.678459" elapsed="0.022828"/>
</kw>
<arg>${ADMIN_EMAIL}</arg>
<status status="PASS" start="2026-04-27T17:30:24.324165" elapsed="1.377122"/>
</kw>
<status status="PASS" start="2026-04-27T17:30:24.193103" elapsed="1.508184"/>
</kw>
<kw name="Go to Memberships" owner="NavBar">
<kw name="Click" owner="Browser">
<msg time="2026-04-27T17:30:25.702792" level="INFO">Clicks the element 'css=a[href="/memberships"]'.</msg>
<arg>css=a[href="/memberships"]</arg>
<tag>PageContent</tag>
<tag>Setter</tag>
<doc>Simulates mouse click on the element found by ``selector``.</doc>
<status status="PASS" start="2026-04-27T17:30:25.702286" elapsed="0.076004"/>
</kw>
<kw name="Wait For Elements State" owner="Browser">
<msg time="2026-04-27T17:30:25.786088" level="INFO">Waited for Element with selector css=h1 &gt;&gt; text=Matrículas at state visible</msg>
<arg>css=h1 &gt;&gt; text=Matrículas</arg>
<arg>visible</arg>
<arg>5</arg>
<tag>PageContent</tag>
<tag>Wait</tag>
<doc>Waits for the element found by ``selector`` to satisfy state option.</doc>
<status status="PASS" start="2026-04-27T17:30:25.778290" elapsed="0.007798"/>
</kw>
<status status="PASS" start="2026-04-27T17:30:25.701287" elapsed="0.084801"/>
</kw>
<kw name="Create new membership" owner="Memberships">
<kw name="Go to memberships form" owner="Memberships">
<kw name="Click" owner="Browser">
<msg time="2026-04-27T17:30:25.789600" level="INFO">Clicks the element 'css=a[href="/memberships/new"]'.</msg>
<arg>css=a[href="/memberships/new"]</arg>
<tag>PageContent</tag>
<tag>Setter</tag>
<doc>Simulates mouse click on the element found by ``selector``.</doc>
<status status="PASS" start="2026-04-27T17:30:25.789093" elapsed="0.054878"/>
</kw>
<kw name="Wait For Elements State" owner="Browser">
<msg time="2026-04-27T17:30:25.859702" level="INFO">Waited for Element with selector css=h1 &gt;&gt; text=Nova matrícula at state visible</msg>
<arg>css=h1 &gt;&gt; text=Nova matrícula</arg>
<arg>visible</arg>
<arg>5</arg>
<tag>PageContent</tag>
<tag>Wait</tag>
<doc>Waits for the element found by ``selector`` to satisfy state option.</doc>
<status status="PASS" start="2026-04-27T17:30:25.844969" elapsed="0.014733"/>
</kw>
<status status="PASS" start="2026-04-27T17:30:25.787615" elapsed="0.072087"/>
</kw>
<kw name="Select account" owner="Memberships">
<kw name="Fill Text" owner="Browser">
<msg time="2026-04-27T17:30:25.862174" level="INFO">Fills the text 'Paulo Cintura' in the given field.</msg>
<arg>css=input[aria-label=select_account]</arg>
<arg>${name}</arg>
<tag>PageContent</tag>
<tag>Setter</tag>
<doc>Clears and fills the given ``txt`` into the text field found by ``selector``.</doc>
<status status="PASS" start="2026-04-27T17:30:25.861174" elapsed="0.019042"/>
</kw>
<kw name="Click" owner="Browser">
<msg time="2026-04-27T17:30:25.881576" level="INFO">Clicks the element 'css=[data-testid="81286083044"]'.</msg>
<arg>css=[data-testid="${cpf}"]</arg>
<tag>PageContent</tag>
<tag>Setter</tag>
<doc>Simulates mouse click on the element found by ``selector``.</doc>
<status status="PASS" start="2026-04-27T17:30:25.880216" elapsed="0.042126"/>
</kw>
<arg>${data}[account][name]</arg>
<arg>${data}[account][cpf]</arg>
<status status="PASS" start="2026-04-27T17:30:25.861174" elapsed="0.062167"/>
</kw>
<kw name="Select plan" owner="Memberships">
<kw name="Fill Text" owner="Browser">
<msg time="2026-04-27T17:30:25.924857" level="INFO">Fills the text 'Plano Black' in the given field.</msg>
<arg>css=input[aria-label=select_plan]</arg>
<arg>${plan_name}</arg>
<tag>PageContent</tag>
<tag>Setter</tag>
<doc>Clears and fills the given ``txt`` into the text field found by ``selector``.</doc>
<status status="PASS" start="2026-04-27T17:30:25.923846" elapsed="0.016938"/>
</kw>
<kw name="Click" owner="Browser">
<msg time="2026-04-27T17:30:25.942817" level="INFO">Clicks the element 'css=div[class$=option] &gt;&gt; text= Plano Black'.</msg>
<arg>css=div[class$=option] &gt;&gt; text= ${plan_name}</arg>
<tag>PageContent</tag>
<tag>Setter</tag>
<doc>Simulates mouse click on the element found by ``selector``.</doc>
<status status="PASS" start="2026-04-27T17:30:25.941817" elapsed="0.030765"/>
</kw>
<arg>${data}[plan][name]</arg>
<status status="PASS" start="2026-04-27T17:30:25.923341" elapsed="0.049241"/>
</kw>
<kw name="Fill payment card" owner="Memberships">
<kw name="Fill Text" owner="Browser">
<msg time="2026-04-27T17:30:25.974090" level="INFO">Fills the text '5402395677324565' in the given field.</msg>
<arg>css=input[name=card_number]</arg>
<arg>${card}[number]</arg>
<tag>PageContent</tag>
<tag>Setter</tag>
<doc>Clears and fills the given ``txt`` into the text field found by ``selector``.</doc>
<status status="PASS" start="2026-04-27T17:30:25.973085" elapsed="0.013366"/>
</kw>
<kw name="Fill Text" owner="Browser">
<msg time="2026-04-27T17:30:25.987106" level="INFO">Fills the text 'Paulo Cintura' in the given field.</msg>
<arg>css=input[name=card_holder]</arg>
<arg>${card}[holder]</arg>
<tag>PageContent</tag>
<tag>Setter</tag>
<doc>Clears and fills the given ``txt`` into the text field found by ``selector``.</doc>
<status status="PASS" start="2026-04-27T17:30:25.987106" elapsed="0.012105"/>
</kw>
<kw name="Fill Text" owner="Browser">
<msg time="2026-04-27T17:30:26.001300" level="INFO">Fills the text '12' in the given field.</msg>
<arg>css=input[name=card_month]</arg>
<arg>${card}[month]</arg>
<tag>PageContent</tag>
<tag>Setter</tag>
<doc>Clears and fills the given ``txt`` into the text field found by ``selector``.</doc>
<status status="PASS" start="2026-04-27T17:30:26.000778" elapsed="0.013776"/>
</kw>
<kw name="Fill Text" owner="Browser">
<msg time="2026-04-27T17:30:26.016028" level="INFO">Fills the text '2030' in the given field.</msg>
<arg>css=input[name=card_year]</arg>
<arg>${card}[year]</arg>
<tag>PageContent</tag>
<tag>Setter</tag>
<doc>Clears and fills the given ``txt`` into the text field found by ``selector``.</doc>
<status status="PASS" start="2026-04-27T17:30:26.014554" elapsed="0.015088"/>
</kw>
<kw name="Fill Text" owner="Browser">
<msg time="2026-04-27T17:30:26.030884" level="INFO">Fills the text '123' in the given field.</msg>
<arg>css=input[name=card_cvv]</arg>
<arg>${card}[cvv]</arg>
<tag>PageContent</tag>
<tag>Setter</tag>
<doc>Clears and fills the given ``txt`` into the text field found by ``selector``.</doc>
<status status="PASS" start="2026-04-27T17:30:26.029642" elapsed="0.013775"/>
</kw>
<arg>${data}[credit_card]</arg>
<status status="PASS" start="2026-04-27T17:30:25.973085" elapsed="0.070332"/>
</kw>
<kw name="Click" owner="Browser">
<msg time="2026-04-27T17:30:26.044610" level="INFO">Clicks the element 'css=button[type=submit] &gt;&gt; text=Cadastrar'.</msg>
<arg>css=button[type=submit] &gt;&gt; text=Cadastrar</arg>
<tag>PageContent</tag>
<tag>Setter</tag>
<doc>Simulates mouse click on the element found by ``selector``.</doc>
<status status="PASS" start="2026-04-27T17:30:26.043417" elapsed="0.037426"/>
</kw>
<arg>${data}</arg>
<status status="PASS" start="2026-04-27T17:30:25.787615" elapsed="0.293228"/>
</kw>
<kw name="Toast should be" owner="Toast">
<kw name="Set Variable" owner="BuiltIn">
<msg time="2026-04-27T17:30:26.082979" level="INFO">${selector} = .Toastify__toast-body</msg>
<var>${selector}</var>
<arg>.Toastify__toast-body</arg>
<doc>Returns the given values which can then be assigned to a variables.</doc>
<status status="PASS" start="2026-04-27T17:30:26.081967" elapsed="0.001012"/>
</kw>
<kw name="Wait For Elements State" owner="Browser">
<msg time="2026-04-27T17:30:26.121928" level="INFO">Waited for Element with selector .Toastify__toast-body at state visible</msg>
<arg>${selector}</arg>
<arg>visible</arg>
<arg>5</arg>
<tag>PageContent</tag>
<tag>Wait</tag>
<doc>Waits for the element found by ``selector`` to satisfy state option.</doc>
<status status="PASS" start="2026-04-27T17:30:26.082979" elapsed="0.038949"/>
</kw>
<kw name="Get Text" owner="Browser">
<msg time="2026-04-27T17:30:26.141635" level="INFO">Text: 'Matrícula cadastrada com sucesso.'</msg>
<arg>css=${selector}</arg>
<arg>equal</arg>
<arg>${expected_text}</arg>
<tag>Assertion</tag>
<tag>Getter</tag>
<tag>PageContent</tag>
<doc>Returns text attribute of the element found by ``selector``.</doc>
<status status="PASS" start="2026-04-27T17:30:26.122937" elapsed="0.018698"/>
</kw>
<kw name="Take Screenshot" owner="Browser">
<msg time="2026-04-27T17:30:27.016329" level="INFO" html="true">&lt;/td&gt;&lt;/tr&gt;&lt;tr&gt;&lt;td colspan="3"&gt;&lt;a href="browser/screenshot/robotframework-browser-screenshot-7.png" target="_blank"&gt;&lt;img src="browser/screenshot/robotframework-browser-screenshot-7.png" width="800px"/&gt;&lt;/a&gt;</msg>
<arg>selector=${selector}</arg>
<tag>PageContent</tag>
<doc>Takes a screenshot of the current window or element and saves it to disk.</doc>
<status status="PASS" start="2026-04-27T17:30:26.141635" elapsed="0.874694"/>
</kw>
<arg>Matrícula cadastrada com sucesso.</arg>
<status status="PASS" start="2026-04-27T17:30:26.081967" elapsed="0.934362"/>
</kw>
<kw name="Sleep" owner="BuiltIn">
<msg time="2026-04-27T17:30:32.017754" level="INFO">Slept 5 seconds.</msg>
<arg>5</arg>
<doc>Pauses the test executed for the given time.</doc>
<status status="PASS" start="2026-04-27T17:30:27.017340" elapsed="5.000414"/>
</kw>
<kw name="Take Screenshot" owner="Browser" type="TEARDOWN">
<msg time="2026-04-27T17:30:32.093709" level="INFO" html="true">&lt;/td&gt;&lt;/tr&gt;&lt;tr&gt;&lt;td colspan="3"&gt;&lt;a href="browser/screenshot/robotframework-browser-screenshot-8.png" target="_blank"&gt;&lt;img src="browser/screenshot/robotframework-browser-screenshot-8.png" width="800px"/&gt;&lt;/a&gt;</msg>
<tag>PageContent</tag>
<doc>Takes a screenshot of the current window or element and saves it to disk.</doc>
<status status="PASS" start="2026-04-27T17:30:32.017754" elapsed="0.075955"/>
</kw>
<msg time="2026-04-27T17:30:32.108514" level="INFO">Switching context to context=23f832f7-7289-4b41-936a-ad18dcec67e9 in CURRENT</msg>
<msg time="2026-04-27T17:30:32.137970" level="INFO">Successfully changed active context: context=23f832f7-7289-4b41-936a-ad18dcec67e9</msg>
<msg time="2026-04-27T17:30:32.161340" level="INFO">Successfully closed Context</msg>
<status status="PASS" start="2026-04-27T17:30:23.101863" elapsed="8.991846"/>
</test>
<test id="s1-s2-t2" name="Não deve realizar adesão duplicada" line="27">
<kw name="Start Session" owner="Base" type="SETUP">
<kw name="New Browser" owner="Browser">
<msg time="2026-04-27T17:30:32.168542" level="INFO">Switching browser to browser=a4ca3b00-630c-4f8e-8fee-417f5b263e7c</msg>
<msg time="2026-04-27T17:30:32.171830" level="INFO">Successfully changed active browser: browser=a4ca3b00-630c-4f8e-8fee-417f5b263e7c</msg>
<msg time="2026-04-27T17:30:32.171830" level="INFO">Reusing existing browser with id: browser=a4ca3b00-630c-4f8e-8fee-417f5b263e7c</msg>
<arg>browser=chromium</arg>
<arg>headless=false</arg>
<tag>BrowserControl</tag>
<tag>Setter</tag>
<doc>Create a new playwright Browser with specified options.</doc>
<status status="PASS" start="2026-04-27T17:30:32.167536" elapsed="0.004294"/>
</kw>
<kw name="New Page" owner="Browser">
<msg time="2026-04-27T17:30:33.185493" level="INFO">Successfully initialized new page object and opened url: http://localhost:3000</msg>
<msg time="2026-04-27T17:30:33.185493" level="INFO">No context was open. New context was automatically opened when this page is created.</msg>
<arg>${BASE_URL}</arg>
<tag>BrowserControl</tag>
<tag>Setter</tag>
<doc>Open a new Page.</doc>
<status status="PASS" start="2026-04-27T17:30:32.172829" elapsed="1.013935"/>
</kw>
<status status="PASS" start="2026-04-27T17:30:32.166428" elapsed="1.020336"/>
</kw>
<kw name="Get Json fixture" owner="Base">
<kw name="Load Json From File" owner="JSONLibrary">
<msg time="2026-04-27T17:30:33.189363" level="INFO">${data} = {'create': {'account': {'name': 'Paulo Cintura', 'email': 'paulo@cintura.com.br', 'cpf': '81286083044'}, 'plan': {'name': 'Plano Black', 'id': 2, 'price': 79.99}, 'credit_card': {'number': '5402395677...</msg>
<var>${data}</var>
<arg>${EXECDIR}/resources/fixtures/${file_name}.json</arg>
<doc>Load JSON from file.</doc>
<status status="PASS" start="2026-04-27T17:30:33.187789" elapsed="0.001574"/>
</kw>
<return>
<value>${data}[${scenario}]</value>
<status status="PASS" start="2026-04-27T17:30:33.189363" elapsed="0.000000"/>
</return>
<msg time="2026-04-27T17:30:33.189363" level="INFO">${data} = {'account': {'name': 'Jonas Brothers', 'email': 'jonas@brothers.com', 'cpf': '24215362008'}, 'plan': {'name': 'Plano Smart', 'id': 1, 'price': 99.99}, 'credit_card': {'number': '5402395677324565', 'ho...</msg>
<var>${data}</var>
<arg>memberships</arg>
<arg>duplicate</arg>
<status status="PASS" start="2026-04-27T17:30:33.186764" elapsed="0.002599"/>
</kw>
<kw name="Insert Membership" owner="Database">
<arg>${data}</arg>
<status status="PASS" start="2026-04-27T17:30:33.190384" elapsed="0.043665"/>
</kw>
<kw name="SignIn admin" owner="Base">
<kw name="Go to login page" owner="Login">
<kw name="Go To" owner="Browser">
<msg time="2026-04-27T17:30:33.295338" level="INFO">Successfully opened URL http://localhost:3000/login</msg>
<arg>${BASE_URL}/login</arg>
<tag>BrowserControl</tag>
<tag>Setter</tag>
<doc>Navigates to the given ``url``.</doc>
<status status="PASS" start="2026-04-27T17:30:33.236065" elapsed="0.060274"/>
</kw>
<status status="PASS" start="2026-04-27T17:30:33.236065" elapsed="0.060274"/>
</kw>
<kw name="Submit login form" owner="Login">
<kw name="Fill Text" owner="Browser">
<msg time="2026-04-27T17:30:33.298670" level="INFO">Fills the text 'sac@smartbit.com' in the given field.</msg>
<arg>css= input[name=email]</arg>
<arg>${email}</arg>
<tag>PageContent</tag>
<tag>Setter</tag>
<doc>Clears and fills the given ``txt`` into the text field found by ``selector``.</doc>
<status status="PASS" start="2026-04-27T17:30:33.297334" elapsed="0.036749"/>
</kw>
<kw name="Fill Text" owner="Browser">
<msg time="2026-04-27T17:30:33.335083" level="INFO">Fills the text 'pwd123' in the given field.</msg>
<arg>css= input[type=password]</arg>
<arg>${password}</arg>
<tag>PageContent</tag>
<tag>Setter</tag>
<doc>Clears and fills the given ``txt`` into the text field found by ``selector``.</doc>
<status status="PASS" start="2026-04-27T17:30:33.334083" elapsed="0.013908"/>
</kw>
<kw name="Click" owner="Browser">
<msg time="2026-04-27T17:30:33.349328" level="INFO">Clicks the element 'css=button &gt;&gt; text=Entrar'.</msg>
<arg>css=button &gt;&gt; text=Entrar</arg>
<tag>PageContent</tag>
<tag>Setter</tag>
<doc>Simulates mouse click on the element found by ``selector``.</doc>
<status status="PASS" start="2026-04-27T17:30:33.349328" elapsed="0.035391"/>
</kw>
<arg>${ADMIN_EMAIL}</arg>
<arg>${ADMIN_PASS}</arg>
<status status="PASS" start="2026-04-27T17:30:33.296339" elapsed="0.089379"/>
</kw>
<kw name="User is logged in" owner="NavBar">
<kw name="Set Variable" owner="BuiltIn">
<msg time="2026-04-27T17:30:33.387082" level="INFO">${element} = css=.logged-user</msg>
<var>${element}</var>
<arg>css=.logged-user</arg>
<doc>Returns the given values which can then be assigned to a variables.</doc>
<status status="PASS" start="2026-04-27T17:30:33.385718" elapsed="0.001364"/>
</kw>
<kw name="Wait For Elements State" owner="Browser">
<msg time="2026-04-27T17:30:34.746663" level="INFO">Waited for Element with selector css=.logged-user at state visible</msg>
<arg>${element}</arg>
<arg>visible</arg>
<arg>5</arg>
<tag>PageContent</tag>
<tag>Wait</tag>
<doc>Waits for the element found by ``selector`` to satisfy state option.</doc>
<status status="PASS" start="2026-04-27T17:30:33.388186" elapsed="1.358477"/>
</kw>
<kw name="Get Text" owner="Browser">
<msg time="2026-04-27T17:30:34.769235" level="INFO">Text: 'sac@smartbit.com'</msg>
<arg>${element}</arg>
<arg>equal</arg>
<arg>${email}</arg>
<tag>Assertion</tag>
<tag>Getter</tag>
<tag>PageContent</tag>
<doc>Returns text attribute of the element found by ``selector``.</doc>
<status status="PASS" start="2026-04-27T17:30:34.746663" elapsed="0.022572"/>
</kw>
<arg>${ADMIN_EMAIL}</arg>
<status status="PASS" start="2026-04-27T17:30:33.385718" elapsed="1.384777"/>
</kw>
<status status="PASS" start="2026-04-27T17:30:33.235057" elapsed="1.535438"/>
</kw>
<kw name="Go to Memberships" owner="NavBar">
<kw name="Click" owner="Browser">
<msg time="2026-04-27T17:30:34.772368" level="INFO">Clicks the element 'css=a[href="/memberships"]'.</msg>
<arg>css=a[href="/memberships"]</arg>
<tag>PageContent</tag>
<tag>Setter</tag>
<doc>Simulates mouse click on the element found by ``selector``.</doc>
<status status="PASS" start="2026-04-27T17:30:34.770495" elapsed="0.070293"/>
</kw>
<kw name="Wait For Elements State" owner="Browser">
<msg time="2026-04-27T17:30:34.849662" level="INFO">Waited for Element with selector css=h1 &gt;&gt; text=Matrículas at state visible</msg>
<arg>css=h1 &gt;&gt; text=Matrículas</arg>
<arg>visible</arg>
<arg>5</arg>
<tag>PageContent</tag>
<tag>Wait</tag>
<doc>Waits for the element found by ``selector`` to satisfy state option.</doc>
<status status="PASS" start="2026-04-27T17:30:34.841966" elapsed="0.007696"/>
</kw>
<status status="PASS" start="2026-04-27T17:30:34.770495" elapsed="0.079167"/>
</kw>
<kw name="Create new membership" owner="Memberships">
<kw name="Go to memberships form" owner="Memberships">
<kw name="Click" owner="Browser">
<msg time="2026-04-27T17:30:34.853690" level="INFO">Clicks the element 'css=a[href="/memberships/new"]'.</msg>
<arg>css=a[href="/memberships/new"]</arg>
<tag>PageContent</tag>
<tag>Setter</tag>
<doc>Simulates mouse click on the element found by ``selector``.</doc>
<status status="PASS" start="2026-04-27T17:30:34.852568" elapsed="0.062977"/>
</kw>
<kw name="Wait For Elements State" owner="Browser">
<msg time="2026-04-27T17:30:34.933024" level="INFO">Waited for Element with selector css=h1 &gt;&gt; text=Nova matrícula at state visible</msg>
<arg>css=h1 &gt;&gt; text=Nova matrícula</arg>
<arg>visible</arg>
<arg>5</arg>
<tag>PageContent</tag>
<tag>Wait</tag>
<doc>Waits for the element found by ``selector`` to satisfy state option.</doc>
<status status="PASS" start="2026-04-27T17:30:34.915545" elapsed="0.017479"/>
</kw>
<status status="PASS" start="2026-04-27T17:30:34.852568" elapsed="0.080456"/>
</kw>
<kw name="Select account" owner="Memberships">
<kw name="Fill Text" owner="Browser">
<msg time="2026-04-27T17:30:34.935352" level="INFO">Fills the text 'Jonas Brothers' in the given field.</msg>
<arg>css=input[aria-label=select_account]</arg>
<arg>${name}</arg>
<tag>PageContent</tag>
<tag>Setter</tag>
<doc>Clears and fills the given ``txt`` into the text field found by ``selector``.</doc>
<status status="PASS" start="2026-04-27T17:30:34.934233" elapsed="0.021037"/>
</kw>
<kw name="Click" owner="Browser">
<msg time="2026-04-27T17:30:34.956270" level="INFO">Clicks the element 'css=[data-testid="24215362008"]'.</msg>
<arg>css=[data-testid="${cpf}"]</arg>
<tag>PageContent</tag>
<tag>Setter</tag>
<doc>Simulates mouse click on the element found by ``selector``.</doc>
<status status="PASS" start="2026-04-27T17:30:34.955270" elapsed="0.042769"/>
</kw>
<arg>${data}[account][name]</arg>
<arg>${data}[account][cpf]</arg>
<status status="PASS" start="2026-04-27T17:30:34.933024" elapsed="0.065015"/>
</kw>
<kw name="Select plan" owner="Memberships">
<kw name="Fill Text" owner="Browser">
<msg time="2026-04-27T17:30:35.000514" level="INFO">Fills the text 'Plano Smart' in the given field.</msg>
<arg>css=input[aria-label=select_plan]</arg>
<arg>${plan_name}</arg>
<tag>PageContent</tag>
<tag>Setter</tag>
<doc>Clears and fills the given ``txt`` into the text field found by ``selector``.</doc>
<status status="PASS" start="2026-04-27T17:30:34.999517" elapsed="0.016531"/>
</kw>
<kw name="Click" owner="Browser">
<msg time="2026-04-27T17:30:35.017556" level="INFO">Clicks the element 'css=div[class$=option] &gt;&gt; text= Plano Smart'.</msg>
<arg>css=div[class$=option] &gt;&gt; text= ${plan_name}</arg>
<tag>PageContent</tag>
<tag>Setter</tag>
<doc>Simulates mouse click on the element found by ``selector``.</doc>
<status status="PASS" start="2026-04-27T17:30:35.016048" elapsed="0.032886"/>
</kw>
<arg>${data}[plan][name]</arg>
<status status="PASS" start="2026-04-27T17:30:34.998039" elapsed="0.050895"/>
</kw>
<kw name="Fill payment card" owner="Memberships">
<kw name="Fill Text" owner="Browser">
<msg time="2026-04-27T17:30:35.050932" level="INFO">Fills the text '5402395677324565' in the given field.</msg>
<arg>css=input[name=card_number]</arg>
<arg>${card}[number]</arg>
<tag>PageContent</tag>
<tag>Setter</tag>
<doc>Clears and fills the given ``txt`` into the text field found by ``selector``.</doc>
<status status="PASS" start="2026-04-27T17:30:35.049934" elapsed="0.017941"/>
</kw>
<kw name="Fill Text" owner="Browser">
<msg time="2026-04-27T17:30:35.070852" level="INFO">Fills the text 'Jonas Brothers' in the given field.</msg>
<arg>css=input[name=card_holder]</arg>
<arg>${card}[holder]</arg>
<tag>PageContent</tag>
<tag>Setter</tag>
<doc>Clears and fills the given ``txt`` into the text field found by ``selector``.</doc>
<status status="PASS" start="2026-04-27T17:30:35.068886" elapsed="0.016553"/>
</kw>
<kw name="Fill Text" owner="Browser">
<msg time="2026-04-27T17:30:35.087441" level="INFO">Fills the text '12' in the given field.</msg>
<arg>css=input[name=card_month]</arg>
<arg>${card}[month]</arg>
<tag>PageContent</tag>
<tag>Setter</tag>
<doc>Clears and fills the given ``txt`` into the text field found by ``selector``.</doc>
<status status="PASS" start="2026-04-27T17:30:35.086439" elapsed="0.017521"/>
</kw>
<kw name="Fill Text" owner="Browser">
<msg time="2026-04-27T17:30:35.105995" level="INFO">Fills the text '2030' in the given field.</msg>
<arg>css=input[name=card_year]</arg>
<arg>${card}[year]</arg>
<tag>PageContent</tag>
<tag>Setter</tag>
<doc>Clears and fills the given ``txt`` into the text field found by ``selector``.</doc>
<status status="PASS" start="2026-04-27T17:30:35.103960" elapsed="0.015051"/>
</kw>
<kw name="Fill Text" owner="Browser">
<msg time="2026-04-27T17:30:35.120012" level="INFO">Fills the text '123' in the given field.</msg>
<arg>css=input[name=card_cvv]</arg>
<arg>${card}[cvv]</arg>
<tag>PageContent</tag>
<tag>Setter</tag>
<doc>Clears and fills the given ``txt`` into the text field found by ``selector``.</doc>
<status status="PASS" start="2026-04-27T17:30:35.119011" elapsed="0.016730"/>
</kw>
<arg>${data}[credit_card]</arg>
<status status="PASS" start="2026-04-27T17:30:35.048934" elapsed="0.087808"/>
</kw>
<kw name="Click" owner="Browser">
<msg time="2026-04-27T17:30:35.137746" level="INFO">Clicks the element 'css=button[type=submit] &gt;&gt; text=Cadastrar'.</msg>
<arg>css=button[type=submit] &gt;&gt; text=Cadastrar</arg>
<tag>PageContent</tag>
<tag>Setter</tag>
<doc>Simulates mouse click on the element found by ``selector``.</doc>
<status status="PASS" start="2026-04-27T17:30:35.136742" elapsed="0.035961"/>
</kw>
<arg>${data}</arg>
<status status="PASS" start="2026-04-27T17:30:34.851481" elapsed="0.321222"/>
</kw>
<kw name="Toast should be" owner="Toast">
<kw name="Set Variable" owner="BuiltIn">
<msg time="2026-04-27T17:30:35.174725" level="INFO">${selector} = .Toastify__toast-body</msg>
<var>${selector}</var>
<arg>.Toastify__toast-body</arg>
<doc>Returns the given values which can then be assigned to a variables.</doc>
<status status="PASS" start="2026-04-27T17:30:35.173718" elapsed="0.001007"/>
</kw>
<kw name="Wait For Elements State" owner="Browser">
<msg time="2026-04-27T17:30:35.189478" level="INFO">Waited for Element with selector .Toastify__toast-body at state visible</msg>
<arg>${selector}</arg>
<arg>visible</arg>
<arg>5</arg>
<tag>PageContent</tag>
<tag>Wait</tag>
<doc>Waits for the element found by ``selector`` to satisfy state option.</doc>
<status status="PASS" start="2026-04-27T17:30:35.174725" elapsed="0.014753"/>
</kw>
<kw name="Get Text" owner="Browser">
<msg time="2026-04-27T17:30:35.204015" level="INFO">Text: 'O usuário já possui matrícula.'</msg>
<arg>css=${selector}</arg>
<arg>equal</arg>
<arg>${expected_text}</arg>
<tag>Assertion</tag>
<tag>Getter</tag>
<tag>PageContent</tag>
<doc>Returns text attribute of the element found by ``selector``.</doc>
<status status="PASS" start="2026-04-27T17:30:35.189478" elapsed="0.014537"/>
</kw>
<kw name="Take Screenshot" owner="Browser">
<msg time="2026-04-27T17:30:36.087240" level="INFO" html="true">&lt;/td&gt;&lt;/tr&gt;&lt;tr&gt;&lt;td colspan="3"&gt;&lt;a href="browser/screenshot/robotframework-browser-screenshot-9.png" target="_blank"&gt;&lt;img src="browser/screenshot/robotframework-browser-screenshot-9.png" width="800px"/&gt;&lt;/a&gt;</msg>
<arg>selector=${selector}</arg>
<tag>PageContent</tag>
<doc>Takes a screenshot of the current window or element and saves it to disk.</doc>
<status status="PASS" start="2026-04-27T17:30:35.204015" elapsed="0.883225"/>
</kw>
[...]
<arg>id=cpf</arg>
<arg>${account}[cpf]</arg>
<tag>PageContent</tag>
<tag>Setter</tag>
<doc>Clears and fills the given ``txt`` into the text field found by ``selector``.</doc>
<status status="PASS" start="2026-04-27T17:31:02.879492" elapsed="0.008977"/>
</kw>
<kw name="Click" owner="Browser">
<msg time="2026-04-27T17:31:02.889958" level="INFO">Clicks the element 'css=button &gt;&gt; text=Cadastrar'.</msg>
<arg>css=button &gt;&gt; text=Cadastrar</arg>
<tag>PageContent</tag>
<tag>Setter</tag>
<doc>Simulates mouse click on the element found by ``selector``.</doc>
<status status="PASS" start="2026-04-27T17:31:02.888469" elapsed="0.029139"/>
</kw>
<arg>${account}</arg>
<status status="PASS" start="2026-04-27T17:31:02.843812" elapsed="0.073796"/>
</kw>
<kw name="Notice should be" owner="BoxNotice">
<kw name="Set Variable" owner="BuiltIn">
<msg time="2026-04-27T17:31:02.919707" level="INFO">${element} = css=form .notice</msg>
<var>${element}</var>
<arg>css=form .notice</arg>
<doc>Returns the given values which can then be assigned to a variables.</doc>
<status status="PASS" start="2026-04-27T17:31:02.919707" elapsed="0.000000"/>
</kw>
<kw name="Wait For Elements State" owner="Browser">
<msg time="2026-04-27T17:31:03.234269" level="INFO">Waited for Element with selector css=form .notice at state visible</msg>
<arg>${element}</arg>
<arg>visible</arg>
<arg>5</arg>
<tag>PageContent</tag>
<tag>Wait</tag>
<doc>Waits for the element found by ``selector`` to satisfy state option.</doc>
<status status="PASS" start="2026-04-27T17:31:02.919707" elapsed="0.315563"/>
</kw>
<kw name="Get Text" owner="Browser">
<msg time="2026-04-27T17:31:03.248354" level="INFO">Text: 'Por favor, informe o seu melhor e-mail'</msg>
<arg>${element}</arg>
<arg>equal</arg>
<arg>${target}</arg>
<tag>Assertion</tag>
<tag>Getter</tag>
<tag>PageContent</tag>
<doc>Returns text attribute of the element found by ``selector``.</doc>
<status status="PASS" start="2026-04-27T17:31:03.235270" elapsed="0.013084"/>
</kw>
<arg>${output_message}</arg>
<status status="PASS" start="2026-04-27T17:31:02.917608" elapsed="0.331270"/>
</kw>
<arg>Gabriel Maues</arg>
<arg>${EMPTY}</arg>
<arg>39831866029</arg>
<arg>Por favor, informe o seu melhor e-mail</arg>
<status status="PASS" start="2026-04-27T17:31:02.841606" elapsed="0.407272"/>
</kw>
<kw name="Attempt signup" owner="Landing">
<kw name="Create Dictionary" owner="BuiltIn">
<msg time="2026-04-27T17:31:03.249886" level="INFO">${account} = {'name': 'Gabriel Maues', 'email': 'maues@gmail.com', 'cpf': ''}</msg>
<var>${account}</var>
<arg>name=${name}</arg>
<arg>email=${email}</arg>
<arg>cpf=${cpf}</arg>
<doc>Creates and returns a dictionary based on the given ``items``.</doc>
<status status="PASS" start="2026-04-27T17:31:03.249886" elapsed="0.000000"/>
</kw>
<kw name="Submit signup form" owner="Landing">
<kw name="Get Text" owner="Browser">
<msg time="2026-04-27T17:31:03.265713" level="INFO">Text: 'Faça seu cadastro e venha para a Smartbit!'</msg>
<arg>css=#signup h2</arg>
<arg>equal</arg>
<arg>Faça seu cadastro e venha para a Smartbit!</arg>
<tag>Assertion</tag>
<tag>Getter</tag>
<tag>PageContent</tag>
<doc>Returns text attribute of the element found by ``selector``.</doc>
<status status="PASS" start="2026-04-27T17:31:03.251532" elapsed="0.014181"/>
</kw>
<kw name="Fill Text" owner="Browser">
<msg time="2026-04-27T17:31:03.266837" level="INFO">Fills the text 'Gabriel Maues' in the given field.</msg>
<arg>id=name</arg>
<arg>${account}[name]</arg>
<tag>PageContent</tag>
<tag>Setter</tag>
<doc>Clears and fills the given ``txt`` into the text field found by ``selector``.</doc>
<status status="PASS" start="2026-04-27T17:31:03.265713" elapsed="0.010007"/>
</kw>
<kw name="Fill Text" owner="Browser">
<msg time="2026-04-27T17:31:03.276719" level="INFO">Fills the text 'maues@gmail.com' in the given field.</msg>
<arg>id=email</arg>
<arg>${account}[email]</arg>
<tag>PageContent</tag>
<tag>Setter</tag>
<doc>Clears and fills the given ``txt`` into the text field found by ``selector``.</doc>
<status status="PASS" start="2026-04-27T17:31:03.275720" elapsed="0.009286"/>
</kw>
<kw name="Fill Text" owner="Browser">
<msg time="2026-04-27T17:31:03.286008" level="INFO">Fills the text '' in the given field.</msg>
<arg>id=cpf</arg>
<arg>${account}[cpf]</arg>
<tag>PageContent</tag>
<tag>Setter</tag>
<doc>Clears and fills the given ``txt`` into the text field found by ``selector``.</doc>
<status status="PASS" start="2026-04-27T17:31:03.285006" elapsed="0.010241"/>
</kw>
<kw name="Click" owner="Browser">
<msg time="2026-04-27T17:31:03.296655" level="INFO">Clicks the element 'css=button &gt;&gt; text=Cadastrar'.</msg>
<arg>css=button &gt;&gt; text=Cadastrar</arg>
<tag>PageContent</tag>
<tag>Setter</tag>
<doc>Simulates mouse click on the element found by ``selector``.</doc>
<status status="PASS" start="2026-04-27T17:31:03.295247" elapsed="0.023189"/>
</kw>
<arg>${account}</arg>
<status status="PASS" start="2026-04-27T17:31:03.249886" elapsed="0.068550"/>
</kw>
<kw name="Notice should be" owner="BoxNotice">
<kw name="Set Variable" owner="BuiltIn">
<msg time="2026-04-27T17:31:03.319436" level="INFO">${element} = css=form .notice</msg>
<var>${element}</var>
<arg>css=form .notice</arg>
<doc>Returns the given values which can then be assigned to a variables.</doc>
<status status="PASS" start="2026-04-27T17:31:03.319436" elapsed="0.000000"/>
</kw>
<kw name="Wait For Elements State" owner="Browser">
<msg time="2026-04-27T17:31:03.642418" level="INFO">Waited for Element with selector css=form .notice at state visible</msg>
<arg>${element}</arg>
<arg>visible</arg>
<arg>5</arg>
<tag>PageContent</tag>
<tag>Wait</tag>
<doc>Waits for the element found by ``selector`` to satisfy state option.</doc>
<status status="PASS" start="2026-04-27T17:31:03.320773" elapsed="0.321645"/>
</kw>
<kw name="Get Text" owner="Browser">
<msg time="2026-04-27T17:31:03.655564" level="INFO">Text: 'Por favor, informe o seu CPF'</msg>
<arg>${element}</arg>
<arg>equal</arg>
<arg>${target}</arg>
<tag>Assertion</tag>
<tag>Getter</tag>
<tag>PageContent</tag>
<doc>Returns text attribute of the element found by ``selector``.</doc>
<status status="PASS" start="2026-04-27T17:31:03.643421" elapsed="0.012719"/>
</kw>
<arg>${output_message}</arg>
<status status="PASS" start="2026-04-27T17:31:03.318436" elapsed="0.337704"/>
</kw>
<arg>Gabriel Maues</arg>
<arg>maues@gmail.com</arg>
<arg>${EMPTY}</arg>
<arg>Por favor, informe o seu CPF</arg>
<status status="PASS" start="2026-04-27T17:31:03.248878" elapsed="0.407262"/>
</kw>
<kw name="Attempt signup" owner="Landing">
<kw name="Create Dictionary" owner="BuiltIn">
<msg time="2026-04-27T17:31:03.657366" level="INFO">${account} = {'name': 'Gabriel Maues', 'email': 'maues$gmail.com', 'cpf': '39831866029'}</msg>
<var>${account}</var>
<arg>name=${name}</arg>
<arg>email=${email}</arg>
<arg>cpf=${cpf}</arg>
<doc>Creates and returns a dictionary based on the given ``items``.</doc>
<status status="PASS" start="2026-04-27T17:31:03.657366" elapsed="0.001000"/>
</kw>
<kw name="Submit signup form" owner="Landing">
<kw name="Get Text" owner="Browser">
<msg time="2026-04-27T17:31:03.672767" level="INFO">Text: 'Faça seu cadastro e venha para a Smartbit!'</msg>
<arg>css=#signup h2</arg>
<arg>equal</arg>
<arg>Faça seu cadastro e venha para a Smartbit!</arg>
<tag>Assertion</tag>
<tag>Getter</tag>
<tag>PageContent</tag>
<doc>Returns text attribute of the element found by ``selector``.</doc>
<status status="PASS" start="2026-04-27T17:31:03.658366" elapsed="0.014401"/>
</kw>
<kw name="Fill Text" owner="Browser">
<msg time="2026-04-27T17:31:03.673767" level="INFO">Fills the text 'Gabriel Maues' in the given field.</msg>
<arg>id=name</arg>
<arg>${account}[name]</arg>
<tag>PageContent</tag>
<tag>Setter</tag>
<doc>Clears and fills the given ``txt`` into the text field found by ``selector``.</doc>
<status status="PASS" start="2026-04-27T17:31:03.672767" elapsed="0.010345"/>
</kw>
<kw name="Fill Text" owner="Browser">
<msg time="2026-04-27T17:31:03.684110" level="INFO">Fills the text 'maues$gmail.com' in the given field.</msg>
<arg>id=email</arg>
<arg>${account}[email]</arg>
<tag>PageContent</tag>
<tag>Setter</tag>
<doc>Clears and fills the given ``txt`` into the text field found by ``selector``.</doc>
<status status="PASS" start="2026-04-27T17:31:03.683112" elapsed="0.009312"/>
</kw>
<kw name="Fill Text" owner="Browser">
<msg time="2026-04-27T17:31:03.693769" level="INFO">Fills the text '39831866029' in the given field.</msg>
<arg>id=cpf</arg>
<arg>${account}[cpf]</arg>
<tag>PageContent</tag>
<tag>Setter</tag>
<doc>Clears and fills the given ``txt`` into the text field found by ``selector``.</doc>
<status status="PASS" start="2026-04-27T17:31:03.692424" elapsed="0.010058"/>
</kw>
<kw name="Click" owner="Browser">
<msg time="2026-04-27T17:31:03.703486" level="INFO">Clicks the element 'css=button &gt;&gt; text=Cadastrar'.</msg>
<arg>css=button &gt;&gt; text=Cadastrar</arg>
<tag>PageContent</tag>
<tag>Setter</tag>
<doc>Simulates mouse click on the element found by ``selector``.</doc>
<status status="PASS" start="2026-04-27T17:31:03.702482" elapsed="0.024037"/>
</kw>
<arg>${account}</arg>
<status status="PASS" start="2026-04-27T17:31:03.658366" elapsed="0.068153"/>
</kw>
<kw name="Notice should be" owner="BoxNotice">
<kw name="Set Variable" owner="BuiltIn">
<msg time="2026-04-27T17:31:03.727996" level="INFO">${element} = css=form .notice</msg>
<var>${element}</var>
<arg>css=form .notice</arg>
<doc>Returns the given values which can then be assigned to a variables.</doc>
<status status="PASS" start="2026-04-27T17:31:03.727996" elapsed="0.000000"/>
</kw>
<kw name="Wait For Elements State" owner="Browser">
<msg time="2026-04-27T17:31:04.076030" level="INFO">Waited for Element with selector css=form .notice at state visible</msg>
<arg>${element}</arg>
<arg>visible</arg>
<arg>5</arg>
<tag>PageContent</tag>
<tag>Wait</tag>
<doc>Waits for the element found by ``selector`` to satisfy state option.</doc>
<status status="PASS" start="2026-04-27T17:31:03.727996" elapsed="0.349234"/>
</kw>
<kw name="Get Text" owner="Browser">
<msg time="2026-04-27T17:31:04.089428" level="INFO">Text: 'Oops! O email informado é inválido'</msg>
<arg>${element}</arg>
<arg>equal</arg>
<arg>${target}</arg>
<tag>Assertion</tag>
<tag>Getter</tag>
<tag>PageContent</tag>
<doc>Returns text attribute of the element found by ``selector``.</doc>
<status status="PASS" start="2026-04-27T17:31:04.077230" elapsed="0.012198"/>
</kw>
<arg>${output_message}</arg>
<status status="PASS" start="2026-04-27T17:31:03.726519" elapsed="0.362909"/>
</kw>
<arg>Gabriel Maues</arg>
<arg>maues$gmail.com</arg>
<arg>39831866029</arg>
<arg>Oops! O email informado é inválido</arg>
<status status="PASS" start="2026-04-27T17:31:03.656140" elapsed="0.433288"/>
</kw>
<kw name="Attempt signup" owner="Landing">
<kw name="Create Dictionary" owner="BuiltIn">
<msg time="2026-04-27T17:31:04.091722" level="INFO">${account} = {'name': 'Gabriel Maues', 'email': 'maues@gmail.com', 'cpf': '3983aa66029'}</msg>
<var>${account}</var>
<arg>name=${name}</arg>
<arg>email=${email}</arg>
<arg>cpf=${cpf}</arg>
<doc>Creates and returns a dictionary based on the given ``items``.</doc>
<status status="PASS" start="2026-04-27T17:31:04.091722" elapsed="0.000000"/>
</kw>
<kw name="Submit signup form" owner="Landing">
<kw name="Get Text" owner="Browser">
<msg time="2026-04-27T17:31:04.105743" level="INFO">Text: 'Faça seu cadastro e venha para a Smartbit!'</msg>
<arg>css=#signup h2</arg>
<arg>equal</arg>
<arg>Faça seu cadastro e venha para a Smartbit!</arg>
<tag>Assertion</tag>
<tag>Getter</tag>
<tag>PageContent</tag>
<doc>Returns text attribute of the element found by ``selector``.</doc>
<status status="PASS" start="2026-04-27T17:31:04.092720" elapsed="0.013023"/>
</kw>
<kw name="Fill Text" owner="Browser">
<msg time="2026-04-27T17:31:04.106758" level="INFO">Fills the text 'Gabriel Maues' in the given field.</msg>
<arg>id=name</arg>
<arg>${account}[name]</arg>
<tag>PageContent</tag>
<tag>Setter</tag>
<doc>Clears and fills the given ``txt`` into the text field found by ``selector``.</doc>
<status status="PASS" start="2026-04-27T17:31:04.105743" elapsed="0.009658"/>
</kw>
<kw name="Fill Text" owner="Browser">
<msg time="2026-04-27T17:31:04.116524" level="INFO">Fills the text 'maues@gmail.com' in the given field.</msg>
<arg>id=email</arg>
<arg>${account}[email]</arg>
<tag>PageContent</tag>
<tag>Setter</tag>
<doc>Clears and fills the given ``txt`` into the text field found by ``selector``.</doc>
<status status="PASS" start="2026-04-27T17:31:04.115401" elapsed="0.009366"/>
</kw>
<kw name="Fill Text" owner="Browser">
<msg time="2026-04-27T17:31:04.124767" level="INFO">Fills the text '3983aa66029' in the given field.</msg>
<arg>id=cpf</arg>
<arg>${account}[cpf]</arg>
<tag>PageContent</tag>
<tag>Setter</tag>
<doc>Clears and fills the given ``txt`` into the text field found by ``selector``.</doc>
<status status="PASS" start="2026-04-27T17:31:04.124767" elapsed="0.008761"/>
</kw>
<kw name="Click" owner="Browser">
<msg time="2026-04-27T17:31:04.134526" level="INFO">Clicks the element 'css=button &gt;&gt; text=Cadastrar'.</msg>
<arg>css=button &gt;&gt; text=Cadastrar</arg>
<tag>PageContent</tag>
<tag>Setter</tag>
<doc>Simulates mouse click on the element found by ``selector``.</doc>
<status status="PASS" start="2026-04-27T17:31:04.133528" elapsed="0.026150"/>
</kw>
<arg>${account}</arg>
<status status="PASS" start="2026-04-27T17:31:04.092720" elapsed="0.066958"/>
</kw>
<kw name="Notice should be" owner="BoxNotice">
<kw name="Set Variable" owner="BuiltIn">
<msg time="2026-04-27T17:31:04.160680" level="INFO">${element} = css=form .notice</msg>
<var>${element}</var>
<arg>css=form .notice</arg>
<doc>Returns the given values which can then be assigned to a variables.</doc>
<status status="PASS" start="2026-04-27T17:31:04.160680" elapsed="0.000000"/>
</kw>
<kw name="Wait For Elements State" owner="Browser">
<msg time="2026-04-27T17:31:04.488409" level="INFO">Waited for Element with selector css=form .notice at state visible</msg>
<arg>${element}</arg>
<arg>visible</arg>
<arg>5</arg>
<tag>PageContent</tag>
<tag>Wait</tag>
<doc>Waits for the element found by ``selector`` to satisfy state option.</doc>
<status status="PASS" start="2026-04-27T17:31:04.160680" elapsed="0.327729"/>
</kw>
<kw name="Get Text" owner="Browser">
<msg time="2026-04-27T17:31:04.500627" level="INFO">Text: 'Oops! O CPF informado é inválido'</msg>
<arg>${element}</arg>
<arg>equal</arg>
<arg>${target}</arg>
<tag>Assertion</tag>
<tag>Getter</tag>
<tag>PageContent</tag>
<doc>Returns text attribute of the element found by ``selector``.</doc>
<status status="PASS" start="2026-04-27T17:31:04.488409" elapsed="0.012218"/>
</kw>
<arg>${output_message}</arg>
<status status="PASS" start="2026-04-27T17:31:04.159678" elapsed="0.342099"/>
</kw>
<arg>Gabriel Maues</arg>
<arg>maues@gmail.com</arg>
<arg>3983aa66029</arg>
<arg>Oops! O CPF informado é inválido</arg>
<status status="PASS" start="2026-04-27T17:31:04.090722" elapsed="0.411055"/>
</kw>
<kw name="Take Screenshot" owner="Browser" type="TEARDOWN">
<msg time="2026-04-27T17:31:04.593033" level="INFO" html="true">&lt;/td&gt;&lt;/tr&gt;&lt;tr&gt;&lt;td colspan="3"&gt;&lt;a href="browser/screenshot/robotframework-browser-screenshot-19.png" target="_blank"&gt;&lt;img src="browser/screenshot/robotframework-browser-screenshot-19.png" width="800px"/&gt;&lt;/a&gt;</msg>
<tag>PageContent</tag>
<doc>Takes a screenshot of the current window or element and saves it to disk.</doc>
<status status="PASS" start="2026-04-27T17:31:04.501777" elapsed="0.091256"/>
</kw>
<msg time="2026-04-27T17:31:04.604560" level="INFO">Switching context to context=47df340c-be80-4b57-885b-e25b7aa4dc33 in CURRENT</msg>
<msg time="2026-04-27T17:31:04.612641" level="INFO">Successfully changed active context: context=47df340c-be80-4b57-885b-e25b7aa4dc33</msg>
<msg time="2026-04-27T17:31:04.625986" level="INFO">Successfully closed Context</msg>
<tag>Template</tag>
<status status="PASS" start="2026-04-27T17:31:01.349308" elapsed="3.243725"/>
</test>
<doc>Cenários de pré-cadastro de clientes</doc>
<status status="PASS" start="2026-04-27T17:30:43.085183" elapsed="21.541829"/>
</suite>
<suite id="s1-s4" name="Slogan" source="C:\QAx\projects\smartbit-robot\web\tests\slogan.robot">
<test id="s1-s4-t1" name="Deve exibir o Slogan na Landing Page" line="8">
<kw name="New Browser" owner="Browser">
<msg time="2026-04-27T17:31:04.645241" level="INFO">Switching browser to browser=a4ca3b00-630c-4f8e-8fee-417f5b263e7c</msg>
<msg time="2026-04-27T17:31:04.648481" level="INFO">Successfully changed active browser: browser=a4ca3b00-630c-4f8e-8fee-417f5b263e7c</msg>
<msg time="2026-04-27T17:31:04.648481" level="INFO">Reusing existing browser with id: browser=a4ca3b00-630c-4f8e-8fee-417f5b263e7c</msg>
<arg>browser=chromium</arg>
<arg>headless=false</arg>
<tag>BrowserControl</tag>
<tag>Setter</tag>
<doc>Create a new playwright Browser with specified options.</doc>
<status status="PASS" start="2026-04-27T17:31:04.643767" elapsed="0.004714"/>
</kw>
<kw name="New Page" owner="Browser">
<msg time="2026-04-27T17:31:05.699798" level="INFO">Successfully initialized new page object and opened url: http://localhost:3000</msg>
<msg time="2026-04-27T17:31:05.699798" level="INFO">No context was open. New context was automatically opened when this page is created.</msg>
<arg>http://localhost:3000</arg>
<tag>BrowserControl</tag>
<tag>Setter</tag>
<doc>Open a new Page.</doc>
<status status="PASS" start="2026-04-27T17:31:04.648481" elapsed="1.051317"/>
</kw>
<kw name="Get Text" owner="Browser">
<msg time="2026-04-27T17:31:05.752804" level="INFO">Text: 'Sua Jornada Fitness Começa aqui!'</msg>
<arg>css=.headline h2</arg>
<arg>equal</arg>
<arg>Sua Jornada Fitness Começa aqui!</arg>
<tag>Assertion</tag>
<tag>Getter</tag>
<tag>PageContent</tag>
<doc>Returns text attribute of the element found by ``selector``.</doc>
<status status="PASS" start="2026-04-27T17:31:05.700796" elapsed="0.052008"/>
</kw>
<kw name="Sleep" owner="BuiltIn">
<msg time="2026-04-27T17:31:10.754503" level="INFO">Slept 5 seconds.</msg>
<arg>5</arg>
<doc>Pauses the test executed for the given time.</doc>
<status status="PASS" start="2026-04-27T17:31:05.752804" elapsed="5.001699"/>
</kw>
<msg time="2026-04-27T17:31:10.765881" level="INFO">Switching context to context=44c9857a-65d7-43f4-836d-9ca796b1f5c9 in CURRENT</msg>
<msg time="2026-04-27T17:31:10.773231" level="INFO">Successfully changed active context: context=44c9857a-65d7-43f4-836d-9ca796b1f5c9</msg>
<msg time="2026-04-27T17:31:10.785968" level="INFO">Successfully closed Context</msg>
<status status="PASS" start="2026-04-27T17:31:04.640770" elapsed="6.113733"/>
</test>
<doc>Teste para verificar o Slogan da Smartbit  na WebApp</doc>
<status status="PASS" start="2026-04-27T17:31:04.633028" elapsed="6.153444"/>
</suite>
<status status="PASS" start="2026-04-27T17:30:06.155549" elapsed="64.636278"/>
</suite>
<statistics>
<total>
<stat pass="16" fail="0" skip="0">All Tests</stat>
</total>
<tag>
<stat pass="1" fail="0" skip="0">dup</stat>
<stat pass="2" fail="0" skip="0">invalid</stat>
<stat pass="1" fail="0" skip="0">remove</stat>
<stat pass="3" fail="0" skip="0">required</stat>
<stat pass="1" fail="0" skip="0">search</stat>
<stat pass="1" fail="0" skip="0">smoke</stat>
<stat pass="1" fail="0" skip="0">Template</stat>
</tag>
<suite>
<stat name="Tests" id="s1" pass="16" fail="0" skip="0">Tests</stat>
<stat name="Login" id="s1-s1" pass="4" fail="0" skip="0">Tests.Login</stat>
<stat name="Memberships" id="s1-s2" pass="4" fail="0" skip="0">Tests.Memberships</stat>
<stat name="Signup" id="s1-s3" pass="7" fail="0" skip="0">Tests.Signup</stat>
<stat name="Slogan" id="s1-s4" pass="1" fail="0" skip="0">Tests.Slogan</stat>
</suite>
</statistics>
<errors>
</errors>
</robot>
